2020-10-18 16:16:51 INFO  Main:13 - Log info
2020-10-18 16:16:51 ERROR Main:14 - Log error
2020-10-18 16:16:51 DEBUG Main:15 - Log debug
2020-10-18 16:16:51 INFO  Main:16 - 33
2020-10-18 20:18:19 DEBUG Main:17 - Start in Main.........
2020-10-18 20:18:19 INFO  Main:18 - Info
2020-10-18 20:18:19 ERROR Main:19 - Error
2020-10-18 20:18:19 INFO  Main:20 - Elena costs 1500 per hour!
2020-10-18 20:18:19 INFO  Main:21 - -----------------------
2020-10-18 20:18:19 INFO  Main:27 - Start in function...
2020-10-18 20:18:19 INFO  Main:28 - Operating System: Windows 10 10.0
2020-10-18 20:18:19 INFO  Main:32 - JRE: 1.8.0_261
2020-10-18 20:18:19 INFO  Main:33 - Java Launched From: C:\Program Files\Java\jre1.8.0_261
2020-10-18 20:18:19 INFO  Main:34 - Class Path: .\maven1.jar
2020-10-18 20:18:19 INFO  Main:35 - Library Path: C:\Program Files (x86)\Common Files\Oracle\Java\javapath;C:\WINDOWS\Sun\Java\bin;C:\WINDOWS\system32;C:\WINDOWS;C:\Program Files (x86)\Common Files\Oracle\Java\javapath;C:\Windows\system32;C:\Windows;C:\Windows\System32\Wbem;C:\Windows\System32\WindowsPowerShell\v1.0\;C:\Windows\System32\OpenSSH\;C:\Program Files (x86)\NVIDIA Corporation\PhysX\Common;C:\Program Files\NVIDIA Corporation\NVIDIA NvDLISR;C:\WINDOWS\system32;C:\WINDOWS;C:\WINDOWS\System32\Wbem;C:\WINDOWS\System32\WindowsPowerShell\v1.0\;C:\WINDOWS\System32\OpenSSH\;C:\Program Files\nodejs\;C:\Program Files\Git\cmd;C:\Users\Kirill\AppData\Local\Microsoft\WindowsApps;;.
2020-10-18 20:18:19 INFO  Main:36 - User Directory: C:\temp\4\jaba\maven1\target
2020-10-18 20:23:19 INFO  Main:40 - SourceName1213
2020-10-18 20:27:13 INFO  Main:40 - null
2020-10-18 20:28:25 INFO  Main:40 - 2048KB
2020-10-18 20:37:14 INFO  Main:40 - null
