2021-03-06 09:37:32 DEBUG HibernateTest:21 - getAllSchemas
2021-03-06 09:37:34 INFO  HibernateDataProvider:39 - Get chemas size: (2)
2021-03-06 09:37:34 INFO  HibernateTest:23 - [INFORMATION_SCHEMA, PUBLIC]
2021-03-06 09:37:34 DEBUG HibernateTest:28 - getSqlHelp
2021-03-06 09:37:34 INFO  HibernateDataProvider:48 - Get chemas size: (448)
2021-03-06 09:37:34 INFO  HibernateTest:30 - [SELECT, INSERT, UPDATE, DELETE, BACKUP, CALL, EXPLAIN, MERGE, MERGE USING, RUNSCRIPT, SCRIPT, SHOW, Explicit table, Table value, WITH, ALTER INDEX RENAME, ALTER SCHEMA RENAME, ALTER SEQUENCE, ALTER TABLE ADD, ALTER TABLE ADD CONSTRAINT, ALTER TABLE RENAME CONSTRAINT, ALTER TABLE ALTER COLUMN, ALTER TABLE DROP COLUMN, ALTER TABLE DROP CONSTRAINT, ALTER TABLE SET, ALTER TABLE RENAME, ALTER USER ADMIN, ALTER USER RENAME, ALTER USER SET PASSWORD, ALTER VIEW RECOMPILE, ALTER VIEW RENAME, ANALYZE, COMMENT, CREATE AGGREGATE, CREATE ALIAS, CREATE CONSTANT, CREATE DOMAIN, CREATE INDEX, CREATE LINKED TABLE, CREATE ROLE, CREATE SCHEMA, CREATE SEQUENCE, CREATE TABLE, CREATE TRIGGER, CREATE USER, CREATE VIEW, DROP AGGREGATE, DROP ALIAS, DROP ALL OBJECTS, DROP CONSTANT, DROP DOMAIN, DROP INDEX, DROP ROLE, DROP SCHEMA, DROP SEQUENCE, DROP TABLE, DROP TRIGGER, DROP USER, DROP VIEW, TRUNCATE TABLE, CHECKPOINT, CHECKPOINT SYNC, COMMIT, COMMIT TRANSACTION, GRANT RIGHT, GRANT ALTER ANY SCHEMA, GRANT ROLE, HELP, PREPARE COMMIT, REVOKE RIGHT, REVOKE ROLE, ROLLBACK, ROLLBACK TRANSACTION, SAVEPOINT, SET @, SET ALLOW_LITERALS, SET AUTOCOMMIT, SET CACHE_SIZE, SET CLUSTER, SET BINARY_COLLATION, SET UUID_COLLATION, SET BUILTIN_ALIAS_OVERRIDE, SET COLLATION, SET COMPRESS_LOB, SET DATABASE_EVENT_LISTENER, SET DB_CLOSE_DELAY, SET DEFAULT_LOCK_TIMEOUT, SET DEFAULT_TABLE_TYPE, SET EXCLUSIVE, SET IGNORECASE, SET JAVA_OBJECT_SERIALIZER, SET LAZY_QUERY_EXECUTION, SET LOG, SET LOCK_MODE, SET LOCK_TIMEOUT, SET MAX_LENGTH_INPLACE_LOB, SET MAX_LOG_SIZE, SET MAX_MEMORY_ROWS, SET MAX_MEMORY_UNDO, SET MAX_OPERATION_MEMORY, SET MODE, SET MULTI_THREADED, SET OPTIMIZE_REUSE_RESULTS, SET PASSWORD, SET QUERY_STATISTICS, SET QUERY_STATISTICS_MAX_ENTRIES, SET QUERY_TIMEOUT, SET REFERENTIAL_INTEGRITY, SET RETENTION_TIME, SET SALT HASH, SET SCHEMA, SET SCHEMA_SEARCH_PATH, SET THROTTLE, SET TRACE_LEVEL, SET TRACE_MAX_FILE_SIZE, SET UNDO_LOG, SET WRITE_DELAY, SHUTDOWN, Value, Array, Boolean, Bytes, Date, Date and time, Decimal, Dollar Quoted String, Hex Number, Int, Long, Null, Number, Numeric, String, Time, Timestamp, Timestamp with time zone, Interval, INTERVAL YEAR, INTERVAL MONTH, INTERVAL DAY, INTERVAL HOUR, INTERVAL MINUTE, INTERVAL SECOND, INTERVAL YEAR TO MONTH, INTERVAL DAY TO HOUR, INTERVAL DAY TO MINUTE, INTERVAL DAY TO SECOND, INTERVAL HOUR TO MINUTE, INTERVAL HOUR TO SECOND, INTERVAL MINUTE TO SECOND, Datetime field, Year field, Month field, Day of month field, Hour field, Minute field, Second field, Millisecond field, Microsecond field, Nanosecond field, Timezone hour field, Timezone minute field, Day of week field, ISO week year field, ISO day of week field, Week of year field, ISO week of year field, Quarter field, Day of year field, Epoch field, Alias, And Condition, Case, Case When, Cipher, Column Definition, Comments, Compare, Condition, Condition Right Hand Side, Constraint, Constraint Name Definition, Csv Options, Data Type, Digit, Expression, Factor, Hex, Index Column, Insert columns and source, Insert values, Merge when clause, Merge when matched clause, Merge when not matched clause, Name, Operand, Order, Quoted Name, Referential Constraint, Referential Action, Script Compression Encryption, Row value expression, Select Expression, Sequence options, Set clause list, Summand, Table Expression, Within group specification, Wildcard expression, Window name or specification, Window specification, Window frame, Window frame preceding, Window frame bound, Term, Column, INT Type, BOOLEAN Type, TINYINT Type, SMALLINT Type, BIGINT Type, IDENTITY Type, DECIMAL Type, DOUBLE Type, REAL Type, TIME Type, DATE Type, TIMESTAMP Type, TIMESTAMP WITH TIME ZONE Type, BINARY Type, OTHER Type, VARCHAR Type, VARCHAR_IGNORECASE Type, CHAR Type, BLOB Type, CLOB Type, UUID Type, ARRAY Type, ENUM Type, GEOMETRY Type, INTERVAL Type, INTERVAL YEAR Type, INTERVAL MONTH Type, INTERVAL DAY Type, INTERVAL HOUR Type, INTERVAL MINUTE Type, INTERVAL SECOND Type, INTERVAL YEAR TO MONTH Type, INTERVAL DAY TO HOUR Type, INTERVAL DAY TO MINUTE Type, INTERVAL DAY TO SECOND Type, INTERVAL HOUR TO MINUTE Type, INTERVAL HOUR TO SECOND Type, INTERVAL MINUTE TO SECOND Type, AVG, BIT_AND, BIT_OR, EVERY, ANY, COUNT, LISTAGG, ARRAY_AGG, MAX, MIN, SUM, SELECTIVITY, STDDEV_POP, STDDEV_SAMP, VAR_POP, VAR_SAMP, RANK aggregate, DENSE_RANK aggregate, PERCENT_RANK aggregate, CUME_DIST aggregate, PERCENTILE_CONT, PERCENTILE_DISC, MEDIAN, MODE, ENVELOPE, ABS, ACOS, ASIN, ATAN, COS, COSH, COT, SIN, SINH, TAN, TANH, ATAN2, BITAND, BITGET, BITOR, BITXOR, MOD, CEILING, DEGREES, EXP, FLOOR, LN, LOG10, ORA_HASH, RADIANS, SQRT, PI, POWER, RAND, RANDOM_UUID, ROUND, ROUNDMAGIC, SECURE_RAND, SIGN, ENCRYPT, DECRYPT, HASH, TRUNCATE, COMPRESS, EXPAND, ZERO, ASCII, BIT_LENGTH, LENGTH, OCTET_LENGTH, CHAR, CONCAT, CONCAT_WS, DIFFERENCE, HEXTORAW, RAWTOHEX, INSTR, INSERT Function, LOWER, UPPER, LEFT, RIGHT, LOCATE, POSITION, LPAD, RPAD, LTRIM, RTRIM, TRIM, REGEXP_REPLACE, REGEXP_LIKE, REPEAT, REPLACE, SOUNDEX, SPACE, STRINGDECODE, STRINGENCODE, STRINGTOUTF8, SUBSTRING, UTF8TOSTRING, XMLATTR, XMLNODE, XMLCOMMENT, XMLCDATA, XMLSTARTDOC, XMLTEXT, TO_CHAR, TRANSLATE, CURRENT_DATE, CURRENT_TIME, CURRENT_TIMESTAMP, LOCALTIME, LOCALTIMESTAMP, DATEADD, DATEDIFF, DAYNAME, DAY_OF_MONTH, DAY_OF_WEEK, ISO_DAY_OF_WEEK, DAY_OF_YEAR, EXTRACT, FORMATDATETIME, HOUR, MINUTE, MONTH, MONTHNAME, PARSEDATETIME, QUARTER, SECOND, WEEK, ISO_WEEK, YEAR, ISO_YEAR, ARRAY_GET, ARRAY_LENGTH, ARRAY_CONTAINS, ARRAY_CAT, ARRAY_APPEND, ARRAY_SLICE, AUTOCOMMIT, CANCEL_SESSION, CASEWHEN Function, CAST, COALESCE, CONVERT, CURRVAL, CSVREAD, CSVWRITE, DATABASE, DATABASE_PATH, DECODE, DISK_SPACE_USED, SIGNAL, ESTIMATED_ENVELOPE, FILE_READ, FILE_WRITE, GREATEST, IDENTITY, IFNULL, LEAST, LOCK_MODE, LOCK_TIMEOUT, LINK_SCHEMA, MEMORY_FREE, MEMORY_USED, NEXTVAL, NULLIF, NVL2, READONLY, ROWNUM, SCHEMA, SCOPE_IDENTITY, SESSION_ID, SET, TABLE, TRANSACTION_ID, TRUNCATE_VALUE, UNNEST, USER, H2VERSION, ROW_NUMBER, RANK, DENSE_RANK, PERCENT_RANK, CUME_DIST, NTILE, LEAD, LAG, FIRST_VALUE, LAST_VALUE, NTH_VALUE, RATIO_TO_REPORT, Information Schema, Range Table]
2021-03-06 09:37:34 DEBUG HibernateTest:35 - getAllTables
2021-03-06 09:37:34 INFO  HibernateDataProvider:57 - Get chemas size: (34)
2021-03-06 09:37:34 INFO  HibernateTest:37 - [FUNCTION_COLUMNS, CONSTANTS, SEQUENCES, RIGHTS, TRIGGERS, CATALOGS, CROSS_REFERENCES, SETTINGS, FUNCTION_ALIASES, VIEWS, TYPE_INFO, CONSTRAINTS, COLUMNS, LOCKS, KEY_COLUMN_USAGE, DOMAINS, SCHEMATA, COLUMN_PRIVILEGES, HELP, SESSION_STATE, TABLE_PRIVILEGES, REFERENTIAL_CONSTRAINTS, TABLE_TYPES, TABLES, QUERY_STATISTICS, ROLES, SESSIONS, IN_DOUBT, USERS, COLLATIONS, SYNONYMS, TABLE_CONSTRAINTS, INDEXES, TEST_ENTITY]
2021-03-06 09:37:34 DEBUG HibernateTest:42 - getAllUsers
2021-03-06 09:37:34 INFO  HibernateDataProvider:66 - Get chemas size: (1)
2021-03-06 09:37:34 INFO  HibernateTest:44 - [ADMIN]
2021-03-06 09:37:34 DEBUG HibernateTest:80 - deleteTestEntity
2021-03-06 09:37:34 DEBUG HibernateTest:49 - insertTestEntity
2021-03-06 09:37:34 DEBUG HibernateTest:66 - insertTestEntityFailed
2021-03-06 09:37:34 DEBUG HibernateTest:95 - updateTestEntity
2021-03-06 09:37:34 DEBUG HibernateTest:49 - insertTestEntity
2021-03-06 09:37:34 DEBUG HibernateTest:98 - TestEntity{id=2, name='Name', description='Description', dateCreated=2021-03-06 09:37:34.228, check=false, Address=AddressT{city='РњРѕСЃРєРІР°', district='РњРѕСЃРєРѕРІСЃРєР°СЏ', region='РњРјРј'}}
2021-03-06 09:37:34 DEBUG HibernateTest:104 - TestEntity{id=2, name='New Name', description='New description', dateCreated=2021-03-06 09:37:34.228, check=false, Address=AddressT{city='РњРѕСЃРєРІР°', district='РњРѕСЃРєРѕРІСЃРєР°СЏ', region='РњРјРј'}}
2021-03-06 09:37:34 DEBUG HibernateTest:49 - insertTestEntity
2021-03-06 09:37:34 DEBUG HibernateTest:88 - deleteTestEntityFailed
2021-03-06 09:37:34 DEBUG HibernateTest:109 - updateTestEntityFailed
2021-03-06 09:37:34 ERROR HibernateDataProvider:153 - javax.persistence.PersistenceException: org.hibernate.PropertyValueException: not-null property references a null or transient value : ru.sfedu.deals.model.TestEntity.address
2021-03-06 09:37:34 DEBUG HibernateTest:73 - selectAllTestEntity
2021-03-06 09:37:34 DEBUG HibernateTest:49 - insertTestEntity
2021-03-06 09:37:34 DEBUG HibernateTest:75 - Optional[[TestEntity{id=2, name='New Name', description='New description', dateCreated=2021-03-06 09:37:34.228, check=false, Address=AddressT{city='РњРѕСЃРєРІР°', district='РњРѕСЃРєРѕРІСЃРєР°СЏ', region='РњРјРј'}}, TestEntity{id=3, name='Name', description='Description', dateCreated=2021-03-06 09:37:34.253, check=false, Address=AddressT{city='РњРѕСЃРєРІР°', district='РњРѕСЃРєРѕРІСЃРєР°СЏ', region='РњРјРј'}}, TestEntity{id=4, name='Name', description='Description', dateCreated=2021-03-06 09:37:34.27, check=false, Address=AddressT{city='РњРѕСЃРєРІР°', district='РњРѕСЃРєРѕРІСЃРєР°СЏ', region='РњРјРј'}}]]
2021-03-06 09:40:05 DEBUG HibernateTest:76 - deleteAccountCreditAccount
2021-03-06 09:40:05 DEBUG HibernateTest:22 - insertCreditAccount
2021-03-06 09:40:07 DEBUG HibernateTest:60 - deleteAccountCreditAccount
2021-03-06 09:40:07 DEBUG HibernateTest:22 - insertCreditAccount
2021-03-06 09:40:07 DEBUG HibernateTest:53 - selectAllDebitAccount
2021-03-06 09:40:07 DEBUG HibernateTest:34 - insertDebitAccount
2021-03-06 09:40:07 INFO  HibernateTest:55 - Optional[[DebitAccount{id=1owner=Ownerbalance=123.00interestRate=3.00overdraftFee=500.00}]]
2021-03-06 09:40:07 DEBUG HibernateTest:34 - insertDebitAccount
2021-03-06 09:40:07 DEBUG HibernateTest:68 - deleteAccountDebitAccount
2021-03-06 09:40:07 DEBUG HibernateTest:34 - insertDebitAccount
2021-03-06 09:40:07 DEBUG HibernateTest:46 - selectAllCreditAccount
2021-03-06 09:40:07 DEBUG HibernateTest:22 - insertCreditAccount
2021-03-06 09:40:07 INFO  HibernateTest:48 - Optional[[CreditAccount{id=2owner=Ownerbalance=123.00interestRate=3.00creditLimit=500.00}, CreditAccount{id=3owner=Ownerbalance=123.00interestRate=3.00creditLimit=500.00}]]
2021-03-06 09:40:07 DEBUG HibernateTest:22 - insertCreditAccount
2021-03-06 09:40:07 DEBUG HibernateTest:85 - deleteAccountDebitAccount
2021-03-06 09:40:07 DEBUG HibernateTest:34 - insertDebitAccount
2021-03-06 09:41:22 DEBUG HibernateTest:76 - deleteAccountCreditAccount
2021-03-06 09:41:22 DEBUG HibernateTest:22 - insertCreditAccount
2021-03-06 09:41:23 DEBUG HibernateTest:60 - deleteAccountCreditAccount
2021-03-06 09:41:23 DEBUG HibernateTest:22 - insertCreditAccount
2021-03-06 09:41:23 DEBUG HibernateTest:53 - selectAllDebitAccount
2021-03-06 09:41:23 DEBUG HibernateTest:34 - insertDebitAccount
2021-03-06 09:41:23 INFO  HibernateTest:55 - Optional[[DebitAccount{id=3owner=Ownerbalance=123.00interestRate=3.00overdraftFee=500.00}]]
2021-03-06 09:41:23 DEBUG HibernateTest:34 - insertDebitAccount
2021-03-06 09:41:23 DEBUG HibernateTest:68 - deleteAccountDebitAccount
2021-03-06 09:41:23 DEBUG HibernateTest:34 - insertDebitAccount
2021-03-06 09:41:23 DEBUG HibernateTest:46 - selectAllCreditAccount
2021-03-06 09:41:23 DEBUG HibernateTest:22 - insertCreditAccount
2021-03-06 09:41:23 INFO  HibernateTest:48 - Optional[[CreditAccount{id=2owner=Ownerbalance=123.00interestRate=3.00creditLimit=500.00}, CreditAccount{id=6owner=Ownerbalance=123.00interestRate=3.00creditLimit=500.00}]]
2021-03-06 09:41:23 DEBUG HibernateTest:22 - insertCreditAccount
2021-03-06 09:41:23 DEBUG HibernateTest:85 - deleteAccountDebitAccount
2021-03-06 09:41:23 DEBUG HibernateTest:34 - insertDebitAccount
2021-03-06 09:42:21 DEBUG HibernateTest:76 - deleteAccountCreditAccount
2021-03-06 09:42:21 DEBUG HibernateTest:22 - insertCreditAccount
2021-03-06 09:42:22 DEBUG HibernateTest:60 - deleteAccountCreditAccount
2021-03-06 09:42:22 DEBUG HibernateTest:22 - insertCreditAccount
2021-03-06 09:42:22 DEBUG HibernateTest:53 - selectAllDebitAccount
2021-03-06 09:42:22 DEBUG HibernateTest:34 - insertDebitAccount
2021-03-06 09:42:22 INFO  HibernateTest:55 - Optional[[DebitAccount{id=3owner=Ownerbalance=123.00interestRate=3.00overdraftFee=500.00}]]
2021-03-06 09:42:22 DEBUG HibernateTest:34 - insertDebitAccount
2021-03-06 09:42:22 DEBUG HibernateTest:68 - deleteAccountDebitAccount
2021-03-06 09:42:22 DEBUG HibernateTest:34 - insertDebitAccount
2021-03-06 09:42:22 DEBUG HibernateTest:46 - selectAllCreditAccount
2021-03-06 09:42:22 DEBUG HibernateTest:22 - insertCreditAccount
2021-03-06 09:42:22 INFO  HibernateTest:48 - Optional[[CreditAccount{id=2owner=Ownerbalance=123.00interestRate=3.00creditLimit=500.00}, CreditAccount{id=6owner=Ownerbalance=123.00interestRate=3.00creditLimit=500.00}]]
2021-03-06 09:42:22 DEBUG HibernateTest:22 - insertCreditAccount
2021-03-06 09:42:22 DEBUG HibernateTest:85 - deleteAccountDebitAccount
2021-03-06 09:42:22 DEBUG HibernateTest:34 - insertDebitAccount
2021-03-06 09:43:07 DEBUG HibernateTest:77 - deleteAccountCreditAccount
2021-03-06 09:43:07 DEBUG HibernateTest:22 - insertCreditAccount
2021-03-06 09:43:09 DEBUG HibernateTest:60 - deleteAccountCreditAccount
2021-03-06 09:43:09 DEBUG HibernateTest:22 - insertCreditAccount
2021-03-06 09:43:09 INFO  HibernateTest:63 - CreditAccount{id=1owner=Ownerbalance=123.00interestRate=3.00creditLimit=0.00}
2021-03-06 09:43:09 DEBUG HibernateTest:53 - selectAllDebitAccount
2021-03-06 09:43:09 DEBUG HibernateTest:34 - insertDebitAccount
2021-03-06 09:43:09 INFO  HibernateTest:55 - Optional[[DebitAccount{id=3owner=Ownerbalance=123.00interestRate=3.00overdraftFee=500.00}]]
2021-03-06 09:43:09 DEBUG HibernateTest:34 - insertDebitAccount
2021-03-06 09:43:09 DEBUG HibernateTest:69 - deleteAccountDebitAccount
2021-03-06 09:43:09 DEBUG HibernateTest:34 - insertDebitAccount
2021-03-06 09:43:09 DEBUG HibernateTest:46 - selectAllCreditAccount
2021-03-06 09:43:09 DEBUG HibernateTest:22 - insertCreditAccount
2021-03-06 09:43:09 INFO  HibernateTest:48 - Optional[[CreditAccount{id=2owner=Ownerbalance=123.00interestRate=3.00creditLimit=500.00}, CreditAccount{id=6owner=Ownerbalance=123.00interestRate=3.00creditLimit=500.00}]]
2021-03-06 09:43:09 DEBUG HibernateTest:22 - insertCreditAccount
2021-03-06 09:43:09 DEBUG HibernateTest:86 - deleteAccountDebitAccount
2021-03-06 09:43:09 DEBUG HibernateTest:34 - insertDebitAccount
2021-03-06 09:49:51 DEBUG SetTests:38 - start test selectAllUsers
2021-03-06 09:49:51 DEBUG SetTests:27 - start test insertUser
2021-03-06 09:49:52 DEBUG SetTests:45 - start test deleteUsers
2021-03-06 09:49:52 DEBUG SetTests:27 - start test insertUser
2021-03-06 09:49:52 DEBUG SetTests:53 - start test updateUsers
2021-03-06 09:49:52 DEBUG SetTests:27 - start test insertUser
2021-03-06 09:49:52 DEBUG SetTests:27 - start test insertUser
2021-03-06 09:50:23 DEBUG SetTests:55 - start test selectAllUsers
2021-03-06 09:50:23 DEBUG SetTests:44 - start test insertUser
2021-03-06 09:50:24 DEBUG SetTests:62 - start test deleteUsers
2021-03-06 09:50:24 DEBUG SetTests:44 - start test insertUser
2021-03-06 09:50:24 DEBUG SetTests:70 - start test updateUsers
2021-03-06 09:50:24 DEBUG SetTests:44 - start test insertUser
2021-03-06 09:50:24 DEBUG SetTests:44 - start test insertUser
2021-03-06 09:51:08 DEBUG SetTests:55 - start test selectAllUsers
2021-03-06 09:51:08 DEBUG SetTests:44 - start test insertUser
2021-03-06 09:51:10 DEBUG SetTests:62 - start test deleteUsers
2021-03-06 09:51:10 DEBUG SetTests:44 - start test insertUser
2021-03-06 09:51:10 DEBUG SetTests:70 - start test updateUsers
2021-03-06 09:51:10 DEBUG SetTests:44 - start test insertUser
2021-03-06 09:51:10 DEBUG SetTests:44 - start test insertUser
2021-03-06 09:51:45 DEBUG SetTests:55 - start test selectAllUsers
2021-03-06 09:51:45 DEBUG SetTests:44 - start test insertUser
2021-03-06 09:51:46 DEBUG SetTests:62 - start test deleteUsers
2021-03-06 09:51:46 DEBUG SetTests:44 - start test insertUser
2021-03-06 09:51:46 DEBUG SetTests:70 - start test updateUsers
2021-03-06 09:51:46 DEBUG SetTests:44 - start test insertUser
2021-03-06 09:51:46 DEBUG SetTests:44 - start test insertUser
2021-03-06 09:52:10 DEBUG SetTests:38 - start test selectAllUsers
2021-03-06 09:52:10 DEBUG SetTests:27 - start test insertUser
2021-03-06 09:52:12 DEBUG SetTests:45 - start test deleteUsers
2021-03-06 09:52:12 DEBUG SetTests:27 - start test insertUser
2021-03-06 09:52:12 DEBUG SetTests:53 - start test updateUsers
2021-03-06 09:52:12 DEBUG SetTests:27 - start test insertUser
2021-03-06 09:52:12 DEBUG SetTests:27 - start test insertUser
2021-03-06 09:52:38 DEBUG SetTests:38 - start test selectAllUsers
2021-03-06 09:52:38 DEBUG SetTests:27 - start test insertUser
2021-03-06 09:52:40 DEBUG SetTests:45 - start test deleteUsers
2021-03-06 09:52:40 DEBUG SetTests:27 - start test insertUser
2021-03-06 09:52:40 DEBUG SetTests:53 - start test updateUsers
2021-03-06 09:52:40 DEBUG SetTests:27 - start test insertUser
2021-03-06 09:52:40 DEBUG SetTests:27 - start test insertUser
2021-03-07 12:33:56 DEBUG HibernateTest:22 - insertCreditAccount
2021-03-07 12:34:36 DEBUG HibernateTest:22 - insertCreditAccount
2021-03-07 12:39:33 DEBUG HibernateTest:77 - deleteAccountCreditAccount
2021-03-07 12:39:33 DEBUG HibernateTest:22 - insertCreditAccount
2021-03-07 12:39:34 DEBUG HibernateTest:60 - deleteAccountCreditAccount
2021-03-07 12:39:34 DEBUG HibernateTest:22 - insertCreditAccount
2021-03-07 12:39:34 DEBUG HibernateTest:53 - selectAllDebitAccount
2021-03-07 12:39:34 DEBUG HibernateTest:34 - insertDebitAccount
2021-03-07 12:39:34 INFO  HibernateTest:55 - Optional[[]]
2021-03-07 12:39:34 DEBUG HibernateTest:34 - insertDebitAccount
2021-03-07 12:39:34 DEBUG HibernateTest:69 - deleteAccountDebitAccount
2021-03-07 12:39:34 DEBUG HibernateTest:34 - insertDebitAccount
2021-03-07 12:39:34 DEBUG HibernateTest:46 - selectAllCreditAccount
2021-03-07 12:39:34 DEBUG HibernateTest:22 - insertCreditAccount
2021-03-07 12:39:34 INFO  HibernateTest:48 - Optional[[]]
2021-03-07 12:39:34 DEBUG HibernateTest:22 - insertCreditAccount
2021-03-07 12:39:34 DEBUG HibernateTest:86 - deleteAccountDebitAccount
2021-03-07 12:39:34 DEBUG HibernateTest:34 - insertDebitAccount
2021-03-07 12:40:14 DEBUG HibernateTest:60 - deleteAccountCreditAccount
2021-03-07 12:40:14 DEBUG HibernateTest:22 - insertCreditAccount
2021-03-07 12:41:19 DEBUG HibernateTest:60 - deleteAccountCreditAccount
2021-03-07 12:41:19 DEBUG HibernateTest:22 - insertCreditAccount
2021-03-07 12:42:10 DEBUG HibernateTest:60 - deleteAccountCreditAccount
2021-03-07 12:42:10 DEBUG HibernateTest:22 - insertCreditAccount
2021-03-07 12:42:12 ERROR HibernateDataProvider:44 - javax.persistence.PersistenceException: org.hibernate.exception.SQLGrammarException: could not prepare statement
2021-03-07 12:42:38 DEBUG HibernateTest:60 - deleteAccountCreditAccount
2021-03-07 12:42:38 DEBUG HibernateTest:22 - insertCreditAccount
2021-03-07 12:42:39 ERROR HibernateDataProvider:44 - javax.persistence.PersistenceException: org.hibernate.exception.SQLGrammarException: could not prepare statement
2021-03-07 12:43:18 DEBUG HibernateTest:22 - insertCreditAccount
2021-03-07 12:43:20 ERROR HibernateDataProvider:44 - javax.persistence.PersistenceException: org.hibernate.exception.SQLGrammarException: could not prepare statement
2021-03-07 12:43:33 DEBUG HibernateTest:22 - insertCreditAccount
2021-03-07 12:43:35 ERROR HibernateDataProvider:44 - javax.persistence.PersistenceException: org.hibernate.exception.SQLGrammarException: could not prepare statement
2021-03-07 12:43:42 DEBUG HibernateTest:22 - insertCreditAccount
2021-03-07 12:43:58 DEBUG HibernateTest:60 - deleteAccountCreditAccount
2021-03-07 12:43:58 DEBUG HibernateTest:22 - insertCreditAccount
2021-03-07 12:44:43 DEBUG HibernateTest:69 - deleteAccountDebitAccount
2021-03-07 12:44:43 DEBUG HibernateTest:34 - insertDebitAccount
2021-03-07 12:44:44 DEBUG HibernateTest:71 - Optional[[]]
2021-03-07 13:32:36 DEBUG HibernateTest:80 - deleteTestEntity
2021-03-07 13:32:36 DEBUG HibernateTest:49 - insertTestEntity
2021-03-07 13:32:54 DEBUG HibernateTest:80 - deleteTestEntity
2021-03-07 13:32:54 DEBUG HibernateTest:49 - insertTestEntity
2021-03-07 13:33:06 DEBUG HibernateTest:80 - deleteTestEntity
2021-03-07 13:33:06 DEBUG HibernateTest:49 - insertTestEntity
2021-03-07 13:33:16 DEBUG HibernateTest:80 - deleteTestEntity
2021-03-07 13:33:16 DEBUG HibernateTest:49 - insertTestEntity
2021-03-07 13:37:00 DEBUG HibernateTest:69 - deleteAccountDebitAccount
2021-03-07 13:37:00 DEBUG HibernateTest:34 - insertDebitAccount
2021-03-07 13:37:02 DEBUG HibernateTest:71 - Optional[[DebitAccount{id=1owner=Ownerbalance=123.00interestRate=3.00overdraftFee=500.00}]]
2021-03-07 13:37:15 DEBUG HibernateTest:69 - deleteAccountDebitAccount
2021-03-07 13:37:15 DEBUG HibernateTest:34 - insertDebitAccount
2021-03-07 13:37:16 DEBUG HibernateTest:71 - Optional[[DebitAccount{id=1owner=Ownerbalance=123.00interestRate=3.00overdraftFee=500.00}]]
2021-03-08 16:02:40 DEBUG Main:39 - OK COMMANDS 
2021-03-08 16:02:40 DEBUG Main:152 - executeHBCommand 
2021-03-08 16:02:40 DEBUG Main:409 - hb_Lab1 
2021-03-08 16:02:40 ERROR Main:49 - Wrong command
2021-03-08 16:02:40 ERROR Main:50 - org.hibernate.internal.util.config.ConfigurationException: Specified cfg.xml file [D:\Study\4\2\бб\deals\target\environment.properties] does not exist
2021-03-08 18:56:36 ERROR Main:419 - Incorrect parameters
2021-03-08 18:56:36 INFO  Main:39 - RESULT: Incorrect parameters
2021-03-08 19:12:54 ERROR Main:419 - Incorrect parameters
2021-03-08 19:12:54 INFO  Main:39 - RESULT: Incorrect parameters
2021-03-08 19:15:21 DEBUG HibernateUtil:31 - hibernate.cfg.xml
2021-03-08 19:15:21 INFO  HibernateDataProvider:39 - Get chemas size: (2)
2021-03-08 19:15:21 INFO  Main:39 - RESULT: [INFORMATION_SCHEMA, PUBLIC]
2021-03-08 19:16:09 INFO  HibernateDataProvider:39 - Get chemas size: (2)
2021-03-08 19:16:09 INFO  Main:39 - RESULT: [INFORMATION_SCHEMA, PUBLIC]
2021-03-08 19:17:40 INFO  HibernateDataProvider:48 - Get chemas size: (448)
2021-03-08 19:17:40 INFO  Main:39 - RESULT: [SELECT, INSERT, UPDATE, DELETE, BACKUP, CALL, EXPLAIN, MERGE, MERGE USING, RUNSCRIPT, SCRIPT, SHOW, Explicit table, Table value, WITH, ALTER INDEX RENAME, ALTER SCHEMA RENAME, ALTER SEQUENCE, ALTER TABLE ADD, ALTER TABLE ADD CONSTRAINT, ALTER TABLE RENAME CONSTRAINT, ALTER TABLE ALTER COLUMN, ALTER TABLE DROP COLUMN, ALTER TABLE DROP CONSTRAINT, ALTER TABLE SET, ALTER TABLE RENAME, ALTER USER ADMIN, ALTER USER RENAME, ALTER USER SET PASSWORD, ALTER VIEW RECOMPILE, ALTER VIEW RENAME, ANALYZE, COMMENT, CREATE AGGREGATE, CREATE ALIAS, CREATE CONSTANT, CREATE DOMAIN, CREATE INDEX, CREATE LINKED TABLE, CREATE ROLE, CREATE SCHEMA, CREATE SEQUENCE, CREATE TABLE, CREATE TRIGGER, CREATE USER, CREATE VIEW, DROP AGGREGATE, DROP ALIAS, DROP ALL OBJECTS, DROP CONSTANT, DROP DOMAIN, DROP INDEX, DROP ROLE, DROP SCHEMA, DROP SEQUENCE, DROP TABLE, DROP TRIGGER, DROP USER, DROP VIEW, TRUNCATE TABLE, CHECKPOINT, CHECKPOINT SYNC, COMMIT, COMMIT TRANSACTION, GRANT RIGHT, GRANT ALTER ANY SCHEMA, GRANT ROLE, HELP, PREPARE COMMIT, REVOKE RIGHT, REVOKE ROLE, ROLLBACK, ROLLBACK TRANSACTION, SAVEPOINT, SET @, SET ALLOW_LITERALS, SET AUTOCOMMIT, SET CACHE_SIZE, SET CLUSTER, SET BINARY_COLLATION, SET UUID_COLLATION, SET BUILTIN_ALIAS_OVERRIDE, SET COLLATION, SET COMPRESS_LOB, SET DATABASE_EVENT_LISTENER, SET DB_CLOSE_DELAY, SET DEFAULT_LOCK_TIMEOUT, SET DEFAULT_TABLE_TYPE, SET EXCLUSIVE, SET IGNORECASE, SET JAVA_OBJECT_SERIALIZER, SET LAZY_QUERY_EXECUTION, SET LOG, SET LOCK_MODE, SET LOCK_TIMEOUT, SET MAX_LENGTH_INPLACE_LOB, SET MAX_LOG_SIZE, SET MAX_MEMORY_ROWS, SET MAX_MEMORY_UNDO, SET MAX_OPERATION_MEMORY, SET MODE, SET MULTI_THREADED, SET OPTIMIZE_REUSE_RESULTS, SET PASSWORD, SET QUERY_STATISTICS, SET QUERY_STATISTICS_MAX_ENTRIES, SET QUERY_TIMEOUT, SET REFERENTIAL_INTEGRITY, SET RETENTION_TIME, SET SALT HASH, SET SCHEMA, SET SCHEMA_SEARCH_PATH, SET THROTTLE, SET TRACE_LEVEL, SET TRACE_MAX_FILE_SIZE, SET UNDO_LOG, SET WRITE_DELAY, SHUTDOWN, Value, Array, Boolean, Bytes, Date, Date and time, Decimal, Dollar Quoted String, Hex Number, Int, Long, Null, Number, Numeric, String, Time, Timestamp, Timestamp with time zone, Interval, INTERVAL YEAR, INTERVAL MONTH, INTERVAL DAY, INTERVAL HOUR, INTERVAL MINUTE, INTERVAL SECOND, INTERVAL YEAR TO MONTH, INTERVAL DAY TO HOUR, INTERVAL DAY TO MINUTE, INTERVAL DAY TO SECOND, INTERVAL HOUR TO MINUTE, INTERVAL HOUR TO SECOND, INTERVAL MINUTE TO SECOND, Datetime field, Year field, Month field, Day of month field, Hour field, Minute field, Second field, Millisecond field, Microsecond field, Nanosecond field, Timezone hour field, Timezone minute field, Day of week field, ISO week year field, ISO day of week field, Week of year field, ISO week of year field, Quarter field, Day of year field, Epoch field, Alias, And Condition, Case, Case When, Cipher, Column Definition, Comments, Compare, Condition, Condition Right Hand Side, Constraint, Constraint Name Definition, Csv Options, Data Type, Digit, Expression, Factor, Hex, Index Column, Insert columns and source, Insert values, Merge when clause, Merge when matched clause, Merge when not matched clause, Name, Operand, Order, Quoted Name, Referential Constraint, Referential Action, Script Compression Encryption, Row value expression, Select Expression, Sequence options, Set clause list, Summand, Table Expression, Within group specification, Wildcard expression, Window name or specification, Window specification, Window frame, Window frame preceding, Window frame bound, Term, Column, INT Type, BOOLEAN Type, TINYINT Type, SMALLINT Type, BIGINT Type, IDENTITY Type, DECIMAL Type, DOUBLE Type, REAL Type, TIME Type, DATE Type, TIMESTAMP Type, TIMESTAMP WITH TIME ZONE Type, BINARY Type, OTHER Type, VARCHAR Type, VARCHAR_IGNORECASE Type, CHAR Type, BLOB Type, CLOB Type, UUID Type, ARRAY Type, ENUM Type, GEOMETRY Type, INTERVAL Type, INTERVAL YEAR Type, INTERVAL MONTH Type, INTERVAL DAY Type, INTERVAL HOUR Type, INTERVAL MINUTE Type, INTERVAL SECOND Type, INTERVAL YEAR TO MONTH Type, INTERVAL DAY TO HOUR Type, INTERVAL DAY TO MINUTE Type, INTERVAL DAY TO SECOND Type, INTERVAL HOUR TO MINUTE Type, INTERVAL HOUR TO SECOND Type, INTERVAL MINUTE TO SECOND Type, AVG, BIT_AND, BIT_OR, EVERY, ANY, COUNT, LISTAGG, ARRAY_AGG, MAX, MIN, SUM, SELECTIVITY, STDDEV_POP, STDDEV_SAMP, VAR_POP, VAR_SAMP, RANK aggregate, DENSE_RANK aggregate, PERCENT_RANK aggregate, CUME_DIST aggregate, PERCENTILE_CONT, PERCENTILE_DISC, MEDIAN, MODE, ENVELOPE, ABS, ACOS, ASIN, ATAN, COS, COSH, COT, SIN, SINH, TAN, TANH, ATAN2, BITAND, BITGET, BITOR, BITXOR, MOD, CEILING, DEGREES, EXP, FLOOR, LN, LOG10, ORA_HASH, RADIANS, SQRT, PI, POWER, RAND, RANDOM_UUID, ROUND, ROUNDMAGIC, SECURE_RAND, SIGN, ENCRYPT, DECRYPT, HASH, TRUNCATE, COMPRESS, EXPAND, ZERO, ASCII, BIT_LENGTH, LENGTH, OCTET_LENGTH, CHAR, CONCAT, CONCAT_WS, DIFFERENCE, HEXTORAW, RAWTOHEX, INSTR, INSERT Function, LOWER, UPPER, LEFT, RIGHT, LOCATE, POSITION, LPAD, RPAD, LTRIM, RTRIM, TRIM, REGEXP_REPLACE, REGEXP_LIKE, REPEAT, REPLACE, SOUNDEX, SPACE, STRINGDECODE, STRINGENCODE, STRINGTOUTF8, SUBSTRING, UTF8TOSTRING, XMLATTR, XMLNODE, XMLCOMMENT, XMLCDATA, XMLSTARTDOC, XMLTEXT, TO_CHAR, TRANSLATE, CURRENT_DATE, CURRENT_TIME, CURRENT_TIMESTAMP, LOCALTIME, LOCALTIMESTAMP, DATEADD, DATEDIFF, DAYNAME, DAY_OF_MONTH, DAY_OF_WEEK, ISO_DAY_OF_WEEK, DAY_OF_YEAR, EXTRACT, FORMATDATETIME, HOUR, MINUTE, MONTH, MONTHNAME, PARSEDATETIME, QUARTER, SECOND, WEEK, ISO_WEEK, YEAR, ISO_YEAR, ARRAY_GET, ARRAY_LENGTH, ARRAY_CONTAINS, ARRAY_CAT, ARRAY_APPEND, ARRAY_SLICE, AUTOCOMMIT, CANCEL_SESSION, CASEWHEN Function, CAST, COALESCE, CONVERT, CURRVAL, CSVREAD, CSVWRITE, DATABASE, DATABASE_PATH, DECODE, DISK_SPACE_USED, SIGNAL, ESTIMATED_ENVELOPE, FILE_READ, FILE_WRITE, GREATEST, IDENTITY, IFNULL, LEAST, LOCK_MODE, LOCK_TIMEOUT, LINK_SCHEMA, MEMORY_FREE, MEMORY_USED, NEXTVAL, NULLIF, NVL2, READONLY, ROWNUM, SCHEMA, SCOPE_IDENTITY, SESSION_ID, SET, TABLE, TRANSACTION_ID, TRUNCATE_VALUE, UNNEST, USER, H2VERSION, ROW_NUMBER, RANK, DENSE_RANK, PERCENT_RANK, CUME_DIST, NTILE, LEAD, LAG, FIRST_VALUE, LAST_VALUE, NTH_VALUE, RATIO_TO_REPORT, Information Schema, Range Table]
2021-03-08 19:19:46 INFO  HibernateDataProvider:48 - Get chemas size: (448)
2021-03-08 19:19:46 INFO  Main:40 - RESULT: [SELECT, INSERT, UPDATE, DELETE, BACKUP, CALL, EXPLAIN, MERGE, MERGE USING, RUNSCRIPT, SCRIPT, SHOW, Explicit table, Table value, WITH, ALTER INDEX RENAME, ALTER SCHEMA RENAME, ALTER SEQUENCE, ALTER TABLE ADD, ALTER TABLE ADD CONSTRAINT, ALTER TABLE RENAME CONSTRAINT, ALTER TABLE ALTER COLUMN, ALTER TABLE DROP COLUMN, ALTER TABLE DROP CONSTRAINT, ALTER TABLE SET, ALTER TABLE RENAME, ALTER USER ADMIN, ALTER USER RENAME, ALTER USER SET PASSWORD, ALTER VIEW RECOMPILE, ALTER VIEW RENAME, ANALYZE, COMMENT, CREATE AGGREGATE, CREATE ALIAS, CREATE CONSTANT, CREATE DOMAIN, CREATE INDEX, CREATE LINKED TABLE, CREATE ROLE, CREATE SCHEMA, CREATE SEQUENCE, CREATE TABLE, CREATE TRIGGER, CREATE USER, CREATE VIEW, DROP AGGREGATE, DROP ALIAS, DROP ALL OBJECTS, DROP CONSTANT, DROP DOMAIN, DROP INDEX, DROP ROLE, DROP SCHEMA, DROP SEQUENCE, DROP TABLE, DROP TRIGGER, DROP USER, DROP VIEW, TRUNCATE TABLE, CHECKPOINT, CHECKPOINT SYNC, COMMIT, COMMIT TRANSACTION, GRANT RIGHT, GRANT ALTER ANY SCHEMA, GRANT ROLE, HELP, PREPARE COMMIT, REVOKE RIGHT, REVOKE ROLE, ROLLBACK, ROLLBACK TRANSACTION, SAVEPOINT, SET @, SET ALLOW_LITERALS, SET AUTOCOMMIT, SET CACHE_SIZE, SET CLUSTER, SET BINARY_COLLATION, SET UUID_COLLATION, SET BUILTIN_ALIAS_OVERRIDE, SET COLLATION, SET COMPRESS_LOB, SET DATABASE_EVENT_LISTENER, SET DB_CLOSE_DELAY, SET DEFAULT_LOCK_TIMEOUT, SET DEFAULT_TABLE_TYPE, SET EXCLUSIVE, SET IGNORECASE, SET JAVA_OBJECT_SERIALIZER, SET LAZY_QUERY_EXECUTION, SET LOG, SET LOCK_MODE, SET LOCK_TIMEOUT, SET MAX_LENGTH_INPLACE_LOB, SET MAX_LOG_SIZE, SET MAX_MEMORY_ROWS, SET MAX_MEMORY_UNDO, SET MAX_OPERATION_MEMORY, SET MODE, SET MULTI_THREADED, SET OPTIMIZE_REUSE_RESULTS, SET PASSWORD, SET QUERY_STATISTICS, SET QUERY_STATISTICS_MAX_ENTRIES, SET QUERY_TIMEOUT, SET REFERENTIAL_INTEGRITY, SET RETENTION_TIME, SET SALT HASH, SET SCHEMA, SET SCHEMA_SEARCH_PATH, SET THROTTLE, SET TRACE_LEVEL, SET TRACE_MAX_FILE_SIZE, SET UNDO_LOG, SET WRITE_DELAY, SHUTDOWN, Value, Array, Boolean, Bytes, Date, Date and time, Decimal, Dollar Quoted String, Hex Number, Int, Long, Null, Number, Numeric, String, Time, Timestamp, Timestamp with time zone, Interval, INTERVAL YEAR, INTERVAL MONTH, INTERVAL DAY, INTERVAL HOUR, INTERVAL MINUTE, INTERVAL SECOND, INTERVAL YEAR TO MONTH, INTERVAL DAY TO HOUR, INTERVAL DAY TO MINUTE, INTERVAL DAY TO SECOND, INTERVAL HOUR TO MINUTE, INTERVAL HOUR TO SECOND, INTERVAL MINUTE TO SECOND, Datetime field, Year field, Month field, Day of month field, Hour field, Minute field, Second field, Millisecond field, Microsecond field, Nanosecond field, Timezone hour field, Timezone minute field, Day of week field, ISO week year field, ISO day of week field, Week of year field, ISO week of year field, Quarter field, Day of year field, Epoch field, Alias, And Condition, Case, Case When, Cipher, Column Definition, Comments, Compare, Condition, Condition Right Hand Side, Constraint, Constraint Name Definition, Csv Options, Data Type, Digit, Expression, Factor, Hex, Index Column, Insert columns and source, Insert values, Merge when clause, Merge when matched clause, Merge when not matched clause, Name, Operand, Order, Quoted Name, Referential Constraint, Referential Action, Script Compression Encryption, Row value expression, Select Expression, Sequence options, Set clause list, Summand, Table Expression, Within group specification, Wildcard expression, Window name or specification, Window specification, Window frame, Window frame preceding, Window frame bound, Term, Column, INT Type, BOOLEAN Type, TINYINT Type, SMALLINT Type, BIGINT Type, IDENTITY Type, DECIMAL Type, DOUBLE Type, REAL Type, TIME Type, DATE Type, TIMESTAMP Type, TIMESTAMP WITH TIME ZONE Type, BINARY Type, OTHER Type, VARCHAR Type, VARCHAR_IGNORECASE Type, CHAR Type, BLOB Type, CLOB Type, UUID Type, ARRAY Type, ENUM Type, GEOMETRY Type, INTERVAL Type, INTERVAL YEAR Type, INTERVAL MONTH Type, INTERVAL DAY Type, INTERVAL HOUR Type, INTERVAL MINUTE Type, INTERVAL SECOND Type, INTERVAL YEAR TO MONTH Type, INTERVAL DAY TO HOUR Type, INTERVAL DAY TO MINUTE Type, INTERVAL DAY TO SECOND Type, INTERVAL HOUR TO MINUTE Type, INTERVAL HOUR TO SECOND Type, INTERVAL MINUTE TO SECOND Type, AVG, BIT_AND, BIT_OR, EVERY, ANY, COUNT, LISTAGG, ARRAY_AGG, MAX, MIN, SUM, SELECTIVITY, STDDEV_POP, STDDEV_SAMP, VAR_POP, VAR_SAMP, RANK aggregate, DENSE_RANK aggregate, PERCENT_RANK aggregate, CUME_DIST aggregate, PERCENTILE_CONT, PERCENTILE_DISC, MEDIAN, MODE, ENVELOPE, ABS, ACOS, ASIN, ATAN, COS, COSH, COT, SIN, SINH, TAN, TANH, ATAN2, BITAND, BITGET, BITOR, BITXOR, MOD, CEILING, DEGREES, EXP, FLOOR, LN, LOG10, ORA_HASH, RADIANS, SQRT, PI, POWER, RAND, RANDOM_UUID, ROUND, ROUNDMAGIC, SECURE_RAND, SIGN, ENCRYPT, DECRYPT, HASH, TRUNCATE, COMPRESS, EXPAND, ZERO, ASCII, BIT_LENGTH, LENGTH, OCTET_LENGTH, CHAR, CONCAT, CONCAT_WS, DIFFERENCE, HEXTORAW, RAWTOHEX, INSTR, INSERT Function, LOWER, UPPER, LEFT, RIGHT, LOCATE, POSITION, LPAD, RPAD, LTRIM, RTRIM, TRIM, REGEXP_REPLACE, REGEXP_LIKE, REPEAT, REPLACE, SOUNDEX, SPACE, STRINGDECODE, STRINGENCODE, STRINGTOUTF8, SUBSTRING, UTF8TOSTRING, XMLATTR, XMLNODE, XMLCOMMENT, XMLCDATA, XMLSTARTDOC, XMLTEXT, TO_CHAR, TRANSLATE, CURRENT_DATE, CURRENT_TIME, CURRENT_TIMESTAMP, LOCALTIME, LOCALTIMESTAMP, DATEADD, DATEDIFF, DAYNAME, DAY_OF_MONTH, DAY_OF_WEEK, ISO_DAY_OF_WEEK, DAY_OF_YEAR, EXTRACT, FORMATDATETIME, HOUR, MINUTE, MONTH, MONTHNAME, PARSEDATETIME, QUARTER, SECOND, WEEK, ISO_WEEK, YEAR, ISO_YEAR, ARRAY_GET, ARRAY_LENGTH, ARRAY_CONTAINS, ARRAY_CAT, ARRAY_APPEND, ARRAY_SLICE, AUTOCOMMIT, CANCEL_SESSION, CASEWHEN Function, CAST, COALESCE, CONVERT, CURRVAL, CSVREAD, CSVWRITE, DATABASE, DATABASE_PATH, DECODE, DISK_SPACE_USED, SIGNAL, ESTIMATED_ENVELOPE, FILE_READ, FILE_WRITE, GREATEST, IDENTITY, IFNULL, LEAST, LOCK_MODE, LOCK_TIMEOUT, LINK_SCHEMA, MEMORY_FREE, MEMORY_USED, NEXTVAL, NULLIF, NVL2, READONLY, ROWNUM, SCHEMA, SCOPE_IDENTITY, SESSION_ID, SET, TABLE, TRANSACTION_ID, TRUNCATE_VALUE, UNNEST, USER, H2VERSION, ROW_NUMBER, RANK, DENSE_RANK, PERCENT_RANK, CUME_DIST, NTILE, LEAD, LAG, FIRST_VALUE, LAST_VALUE, NTH_VALUE, RATIO_TO_REPORT, Information Schema, Range Table]
2021-03-08 19:19:49 ERROR Main:49 - Wrong command
2021-03-08 19:19:49 ERROR Main:50 - java.lang.ArrayIndexOutOfBoundsException: Index 3 out of bounds for length 3
2021-03-08 19:20:21 DEBUG Main:37 - GET_SQL_HELP
2021-03-08 19:20:21 ERROR Main:50 - Wrong command
2021-03-08 19:20:21 ERROR Main:51 - java.lang.ArrayIndexOutOfBoundsException: Index 3 out of bounds for length 3
2021-03-08 19:20:55 DEBUG Main:37 - HB_LAB1
2021-03-08 19:20:56 INFO  HibernateDataProvider:48 - Get chemas size: (448)
2021-03-08 19:20:56 INFO  Main:41 - RESULT: [SELECT, INSERT, UPDATE, DELETE, BACKUP, CALL, EXPLAIN, MERGE, MERGE USING, RUNSCRIPT, SCRIPT, SHOW, Explicit table, Table value, WITH, ALTER INDEX RENAME, ALTER SCHEMA RENAME, ALTER SEQUENCE, ALTER TABLE ADD, ALTER TABLE ADD CONSTRAINT, ALTER TABLE RENAME CONSTRAINT, ALTER TABLE ALTER COLUMN, ALTER TABLE DROP COLUMN, ALTER TABLE DROP CONSTRAINT, ALTER TABLE SET, ALTER TABLE RENAME, ALTER USER ADMIN, ALTER USER RENAME, ALTER USER SET PASSWORD, ALTER VIEW RECOMPILE, ALTER VIEW RENAME, ANALYZE, COMMENT, CREATE AGGREGATE, CREATE ALIAS, CREATE CONSTANT, CREATE DOMAIN, CREATE INDEX, CREATE LINKED TABLE, CREATE ROLE, CREATE SCHEMA, CREATE SEQUENCE, CREATE TABLE, CREATE TRIGGER, CREATE USER, CREATE VIEW, DROP AGGREGATE, DROP ALIAS, DROP ALL OBJECTS, DROP CONSTANT, DROP DOMAIN, DROP INDEX, DROP ROLE, DROP SCHEMA, DROP SEQUENCE, DROP TABLE, DROP TRIGGER, DROP USER, DROP VIEW, TRUNCATE TABLE, CHECKPOINT, CHECKPOINT SYNC, COMMIT, COMMIT TRANSACTION, GRANT RIGHT, GRANT ALTER ANY SCHEMA, GRANT ROLE, HELP, PREPARE COMMIT, REVOKE RIGHT, REVOKE ROLE, ROLLBACK, ROLLBACK TRANSACTION, SAVEPOINT, SET @, SET ALLOW_LITERALS, SET AUTOCOMMIT, SET CACHE_SIZE, SET CLUSTER, SET BINARY_COLLATION, SET UUID_COLLATION, SET BUILTIN_ALIAS_OVERRIDE, SET COLLATION, SET COMPRESS_LOB, SET DATABASE_EVENT_LISTENER, SET DB_CLOSE_DELAY, SET DEFAULT_LOCK_TIMEOUT, SET DEFAULT_TABLE_TYPE, SET EXCLUSIVE, SET IGNORECASE, SET JAVA_OBJECT_SERIALIZER, SET LAZY_QUERY_EXECUTION, SET LOG, SET LOCK_MODE, SET LOCK_TIMEOUT, SET MAX_LENGTH_INPLACE_LOB, SET MAX_LOG_SIZE, SET MAX_MEMORY_ROWS, SET MAX_MEMORY_UNDO, SET MAX_OPERATION_MEMORY, SET MODE, SET MULTI_THREADED, SET OPTIMIZE_REUSE_RESULTS, SET PASSWORD, SET QUERY_STATISTICS, SET QUERY_STATISTICS_MAX_ENTRIES, SET QUERY_TIMEOUT, SET REFERENTIAL_INTEGRITY, SET RETENTION_TIME, SET SALT HASH, SET SCHEMA, SET SCHEMA_SEARCH_PATH, SET THROTTLE, SET TRACE_LEVEL, SET TRACE_MAX_FILE_SIZE, SET UNDO_LOG, SET WRITE_DELAY, SHUTDOWN, Value, Array, Boolean, Bytes, Date, Date and time, Decimal, Dollar Quoted String, Hex Number, Int, Long, Null, Number, Numeric, String, Time, Timestamp, Timestamp with time zone, Interval, INTERVAL YEAR, INTERVAL MONTH, INTERVAL DAY, INTERVAL HOUR, INTERVAL MINUTE, INTERVAL SECOND, INTERVAL YEAR TO MONTH, INTERVAL DAY TO HOUR, INTERVAL DAY TO MINUTE, INTERVAL DAY TO SECOND, INTERVAL HOUR TO MINUTE, INTERVAL HOUR TO SECOND, INTERVAL MINUTE TO SECOND, Datetime field, Year field, Month field, Day of month field, Hour field, Minute field, Second field, Millisecond field, Microsecond field, Nanosecond field, Timezone hour field, Timezone minute field, Day of week field, ISO week year field, ISO day of week field, Week of year field, ISO week of year field, Quarter field, Day of year field, Epoch field, Alias, And Condition, Case, Case When, Cipher, Column Definition, Comments, Compare, Condition, Condition Right Hand Side, Constraint, Constraint Name Definition, Csv Options, Data Type, Digit, Expression, Factor, Hex, Index Column, Insert columns and source, Insert values, Merge when clause, Merge when matched clause, Merge when not matched clause, Name, Operand, Order, Quoted Name, Referential Constraint, Referential Action, Script Compression Encryption, Row value expression, Select Expression, Sequence options, Set clause list, Summand, Table Expression, Within group specification, Wildcard expression, Window name or specification, Window specification, Window frame, Window frame preceding, Window frame bound, Term, Column, INT Type, BOOLEAN Type, TINYINT Type, SMALLINT Type, BIGINT Type, IDENTITY Type, DECIMAL Type, DOUBLE Type, REAL Type, TIME Type, DATE Type, TIMESTAMP Type, TIMESTAMP WITH TIME ZONE Type, BINARY Type, OTHER Type, VARCHAR Type, VARCHAR_IGNORECASE Type, CHAR Type, BLOB Type, CLOB Type, UUID Type, ARRAY Type, ENUM Type, GEOMETRY Type, INTERVAL Type, INTERVAL YEAR Type, INTERVAL MONTH Type, INTERVAL DAY Type, INTERVAL HOUR Type, INTERVAL MINUTE Type, INTERVAL SECOND Type, INTERVAL YEAR TO MONTH Type, INTERVAL DAY TO HOUR Type, INTERVAL DAY TO MINUTE Type, INTERVAL DAY TO SECOND Type, INTERVAL HOUR TO MINUTE Type, INTERVAL HOUR TO SECOND Type, INTERVAL MINUTE TO SECOND Type, AVG, BIT_AND, BIT_OR, EVERY, ANY, COUNT, LISTAGG, ARRAY_AGG, MAX, MIN, SUM, SELECTIVITY, STDDEV_POP, STDDEV_SAMP, VAR_POP, VAR_SAMP, RANK aggregate, DENSE_RANK aggregate, PERCENT_RANK aggregate, CUME_DIST aggregate, PERCENTILE_CONT, PERCENTILE_DISC, MEDIAN, MODE, ENVELOPE, ABS, ACOS, ASIN, ATAN, COS, COSH, COT, SIN, SINH, TAN, TANH, ATAN2, BITAND, BITGET, BITOR, BITXOR, MOD, CEILING, DEGREES, EXP, FLOOR, LN, LOG10, ORA_HASH, RADIANS, SQRT, PI, POWER, RAND, RANDOM_UUID, ROUND, ROUNDMAGIC, SECURE_RAND, SIGN, ENCRYPT, DECRYPT, HASH, TRUNCATE, COMPRESS, EXPAND, ZERO, ASCII, BIT_LENGTH, LENGTH, OCTET_LENGTH, CHAR, CONCAT, CONCAT_WS, DIFFERENCE, HEXTORAW, RAWTOHEX, INSTR, INSERT Function, LOWER, UPPER, LEFT, RIGHT, LOCATE, POSITION, LPAD, RPAD, LTRIM, RTRIM, TRIM, REGEXP_REPLACE, REGEXP_LIKE, REPEAT, REPLACE, SOUNDEX, SPACE, STRINGDECODE, STRINGENCODE, STRINGTOUTF8, SUBSTRING, UTF8TOSTRING, XMLATTR, XMLNODE, XMLCOMMENT, XMLCDATA, XMLSTARTDOC, XMLTEXT, TO_CHAR, TRANSLATE, CURRENT_DATE, CURRENT_TIME, CURRENT_TIMESTAMP, LOCALTIME, LOCALTIMESTAMP, DATEADD, DATEDIFF, DAYNAME, DAY_OF_MONTH, DAY_OF_WEEK, ISO_DAY_OF_WEEK, DAY_OF_YEAR, EXTRACT, FORMATDATETIME, HOUR, MINUTE, MONTH, MONTHNAME, PARSEDATETIME, QUARTER, SECOND, WEEK, ISO_WEEK, YEAR, ISO_YEAR, ARRAY_GET, ARRAY_LENGTH, ARRAY_CONTAINS, ARRAY_CAT, ARRAY_APPEND, ARRAY_SLICE, AUTOCOMMIT, CANCEL_SESSION, CASEWHEN Function, CAST, COALESCE, CONVERT, CURRVAL, CSVREAD, CSVWRITE, DATABASE, DATABASE_PATH, DECODE, DISK_SPACE_USED, SIGNAL, ESTIMATED_ENVELOPE, FILE_READ, FILE_WRITE, GREATEST, IDENTITY, IFNULL, LEAST, LOCK_MODE, LOCK_TIMEOUT, LINK_SCHEMA, MEMORY_FREE, MEMORY_USED, NEXTVAL, NULLIF, NVL2, READONLY, ROWNUM, SCHEMA, SCOPE_IDENTITY, SESSION_ID, SET, TABLE, TRANSACTION_ID, TRUNCATE_VALUE, UNNEST, USER, H2VERSION, ROW_NUMBER, RANK, DENSE_RANK, PERCENT_RANK, CUME_DIST, NTILE, LEAD, LAG, FIRST_VALUE, LAST_VALUE, NTH_VALUE, RATIO_TO_REPORT, Information Schema, Range Table]
2021-03-08 19:22:57 DEBUG Main:37 - HB_LAB2
2021-03-08 19:22:57 ERROR Main:395 - Wrong number of parameters
2021-03-08 19:22:57 ERROR HibernateDataProvider:104 - java.lang.IllegalArgumentException: attempt to create saveOrUpdate event with null entity
2021-03-08 19:22:57 INFO  Main:41 - RESULT: FAILED
2021-03-08 19:24:09 DEBUG Main:37 - HB_LAB2
2021-03-08 19:24:09 ERROR Main:395 - Wrong number of parameters
2021-03-08 19:24:10 ERROR HibernateDataProvider:104 - java.lang.IllegalArgumentException: attempt to create saveOrUpdate event with null entity
2021-03-08 19:24:10 INFO  Main:41 - RESULT: FAILED
2021-03-08 19:25:23 DEBUG Main:37 - HB_LAB2
2021-03-08 19:25:23 DEBUG Main:480 - ------------------------------------------------------------------------------------------------
2021-03-08 19:25:23 DEBUG Main:481 - TestEntity{id=0, name='Имя', description='Описание', dateCreated=null, check=false, Address=AddressT{city='Москва', district='Оыфвд', region='Регион'}}
2021-03-08 19:25:24 ERROR HibernateDataProvider:104 - org.hibernate.PropertyValueException: not-null property references a null or transient value : ru.sfedu.deals.model.TestEntity.dateCreated
2021-03-08 19:25:24 INFO  Main:41 - RESULT: FAILED
2021-03-08 19:26:34 DEBUG Main:37 - HB_LAB2
2021-03-08 19:26:34 DEBUG Main:480 - ------------------------------------------------------------------------------------------------
2021-03-08 19:26:34 DEBUG Main:481 - TestEntity{id=0, name='Имя', description='Описание', dateCreated=null, check=false, Address=AddressT{city='Москва', district='Оыфвд', region='Регион'}}
2021-03-08 19:26:35 ERROR HibernateDataProvider:104 - org.hibernate.PropertyValueException: not-null property references a null or transient value : ru.sfedu.deals.model.TestEntity.dateCreated
2021-03-08 19:26:35 INFO  Main:41 - RESULT: FAILED
2021-03-08 19:28:09 DEBUG Main:38 - HB_LAB2
2021-03-08 19:28:09 DEBUG Main:484 - ------------------------------------------------------------------------------------------------
2021-03-08 19:28:09 DEBUG Main:485 - TestEntity{id=0, name='Имя', description='Описание', dateCreated=Mon Mar 08 19:28:09 MSK 2021, check=false, Address=AddressT{city='Москва', district='Оыфвд', region='Регион'}}
2021-03-08 19:28:10 INFO  Main:42 - RESULT: SUCCESS
2021-03-08 19:29:00 DEBUG Main:38 - HB_LAB2
2021-03-08 19:29:00 ERROR Main:51 - Wrong command
2021-03-08 19:29:00 ERROR Main:52 - java.lang.ArrayIndexOutOfBoundsException: Index 3 out of bounds for length 3
2021-03-08 19:29:07 DEBUG Main:38 - HB_LAB2
2021-03-08 19:29:08 INFO  Main:42 - RESULT: Optional[[]]
2021-03-08 19:29:44 DEBUG Main:38 - HB_LAB2
2021-03-08 19:29:44 ERROR Main:51 - Wrong command
2021-03-08 19:29:44 ERROR Main:52 - java.lang.ArrayIndexOutOfBoundsException: Index 3 out of bounds for length 3
2021-03-08 19:29:47 DEBUG Main:38 - HB_LAB2
2021-03-08 19:29:47 DEBUG Main:484 - ------------------------------------------------------------------------------------------------
2021-03-08 19:29:47 DEBUG Main:485 - TestEntity{id=0, name='Имя', description='Описание', dateCreated=Mon Mar 08 19:29:47 MSK 2021, check=false, Address=AddressT{city='Москва', district='Оыфвд', region='Регион'}}
2021-03-08 19:29:48 INFO  Main:42 - RESULT: SUCCESS
2021-03-08 19:29:56 DEBUG Main:38 - HB_LAB2
2021-03-08 19:29:56 DEBUG Main:484 - ------------------------------------------------------------------------------------------------
2021-03-08 19:29:56 DEBUG Main:485 - TestEntity{id=0, name='Имя', description='Описание', dateCreated=Mon Mar 08 19:29:56 MSK 2021, check=false, Address=AddressT{city='Москва', district='Оыфвд', region='Регион'}}
2021-03-08 19:29:57 INFO  Main:42 - RESULT: SUCCESS
2021-03-08 19:30:00 DEBUG Main:38 - HB_LAB2
2021-03-08 19:30:01 INFO  Main:42 - RESULT: Optional[[]]
2021-03-08 19:31:41 DEBUG Main:38 - HB_LAB3
2021-03-08 19:31:41 ERROR Main:525 - Incorrect parameters
2021-03-08 19:31:41 INFO  Main:42 - RESULT: Incorrect parameters
2021-03-08 19:33:21 DEBUG Main:38 - HB_LAB3
2021-03-08 19:33:21 ERROR Main:525 - Incorrect parameters
2021-03-08 19:33:21 INFO  Main:42 - RESULT: Incorrect parameters
2021-03-08 19:33:49 DEBUG Main:38 - HB_LAB3
2021-03-08 19:33:49 DEBUG Main:532 - Владелец, 1500, 5, 2
2021-03-08 19:33:49 ERROR Main:525 - Incorrect parameters
2021-03-08 19:33:49 INFO  Main:42 - RESULT: Incorrect parameters
2021-03-08 19:34:03 DEBUG Main:38 - HB_LAB3
2021-03-08 19:34:03 DEBUG Main:532 - Владелец,1500,5,2
2021-03-08 19:34:03 DEBUG Main:544 - CreditAccount{id=nullowner=Владелецbalance=1500interestRate=5creditLimit=2}
2021-03-08 19:34:04 INFO  Main:42 - RESULT: SUCCESS
2021-03-08 20:44:58 DEBUG Main:38 - HB_LAB2
2021-03-08 20:45:00 ERROR HibernateDataProvider:121 - java.lang.IllegalArgumentException: org.hibernate.hql.internal.ast.QuerySyntaxException: TestEntity is not mapped [from TestEntity]
2021-03-08 20:45:00 INFO  Main:42 - RESULT: Optional.empty
2021-03-08 20:45:17 DEBUG Main:36 - HB_LAB2
2021-03-08 20:45:18 ERROR HibernateDataProvider:121 - java.lang.IllegalArgumentException: org.hibernate.hql.internal.ast.QuerySyntaxException: TestEntity is not mapped [from TestEntity]
2021-03-08 20:45:18 INFO  Main:40 - RESULT: Optional.empty
2021-03-08 20:45:49 DEBUG Main:36 - HB_LAB2
2021-03-08 20:45:49 DEBUG Main:482 - ------------------------------------------------------------------------------------------------
2021-03-08 20:45:49 DEBUG Main:483 - TestEntity{id=0, name='Имя', description='Описание', dateCreated=Mon Mar 08 20:45:49 MSK 2021, check=false, Address=AddressT{city='Москва', district='Оыфвд', region='Регион'}}
2021-03-08 20:45:50 INFO  Main:40 - RESULT: SUCCESS
2021-03-08 20:45:54 DEBUG Main:36 - HB_LAB2
2021-03-08 20:45:54 DEBUG Main:482 - ------------------------------------------------------------------------------------------------
2021-03-08 20:45:54 DEBUG Main:483 - TestEntity{id=0, name='Имя', description='Описание', dateCreated=Mon Mar 08 20:45:54 MSK 2021, check=false, Address=AddressT{city='Москва', district='Оыфвд', region='Регион'}}
2021-03-08 20:45:54 INFO  Main:40 - RESULT: SUCCESS
2021-03-08 20:45:57 DEBUG Main:36 - HB_LAB2
2021-03-08 20:45:58 INFO  Main:40 - RESULT: Optional[[]]
2021-03-08 20:46:57 DEBUG Main:36 - HB_LAB2
2021-03-08 20:46:57 DEBUG Main:482 - ------------------------------------------------------------------------------------------------
2021-03-08 20:46:57 DEBUG Main:483 - TestEntity{id=0, name='Имя', description='Описание', dateCreated=Mon Mar 08 20:46:57 MSK 2021, check=false, Address=AddressT{city='Москва', district='Оыфвд', region='Регион'}}
2021-03-08 20:46:58 INFO  Main:40 - RESULT: SUCCESS
2021-03-08 20:47:12 DEBUG Main:36 - HB_LAB2
2021-03-08 20:47:12 ERROR Main:49 - Wrong command
2021-03-08 20:47:12 ERROR Main:50 - org.hibernate.service.spi.ServiceException: Unable to create requested service [org.hibernate.engine.jdbc.env.spi.JdbcEnvironment]
2021-03-08 20:47:24 DEBUG Main:36 - HB_LAB2
2021-03-08 20:47:25 INFO  Main:40 - RESULT: Optional[[]]
2021-03-08 20:50:16 DEBUG Main:36 - HB_LAB2
2021-03-08 20:50:16 DEBUG Main:445 - insertTestEntity
2021-03-08 20:50:17 INFO  Main:40 - RESULT: Optional[[TestEntity{id=1, name='Name', description='Description', dateCreated=2021-03-08 20:50:16.725, check=false, Address=AddressT{city='Москва', district='Московская', region='Ммм'}}]]
2021-03-08 20:52:26 DEBUG Main:36 - HB_LAB3
2021-03-08 20:52:27 ERROR HibernateDataProvider:44 - org.hibernate.MappingException: Unknown entity: ru.sfedu.deals.lab3.joinedTable.CreditAccount
2021-03-08 20:52:27 INFO  Main:40 - RESULT: FAILED
2021-03-08 20:52:51 DEBUG Main:36 - HB_LAB3
2021-03-08 20:52:52 INFO  Main:40 - RESULT: SUCCESS
2021-03-08 20:53:07 DEBUG Main:36 - HB_LAB3
2021-03-08 20:53:08 INFO  Main:40 - RESULT: Optional[[]]
2021-03-08 20:56:57 DEBUG Main:37 - HB_LAB3
2021-03-08 20:56:58 INFO  Main:41 - RESULT: Optional[[CreditAccount{id=1owner=Ownerbalance=123.00interestRate=3.00creditLimit=5600.00}]]
2021-03-08 21:05:08 DEBUG Main:38 - HB_LAB5
2021-03-08 21:05:09 DEBUG HQLProvider:41 - [User{id=1, address=Address{id=1, city='Ростов-на-Дону', region='Южный', district='Ростовсая'}, name='Иван', phone='895615156413'}]
2021-03-08 21:05:09 INFO  Main:42 - RESULT: Optional[[User{id=1, address=Address{id=1, city='Ростов-на-Дону', region='Южный', district='Ростовсая'}, name='Иван', phone='895615156413'}]]
2021-03-08 21:05:27 DEBUG Main:38 - HB_LAB5
2021-03-08 21:05:27 ERROR Main:51 - Wrong command
2021-03-08 21:05:27 ERROR Main:52 - java.lang.ArrayIndexOutOfBoundsException: Index 5 out of bounds for length 5
2021-03-08 21:05:39 DEBUG Main:38 - HB_LAB5
2021-03-08 21:05:39 ERROR Main:51 - Wrong command
2021-03-08 21:05:39 ERROR Main:52 - java.lang.ArrayIndexOutOfBoundsException: Index 5 out of bounds for length 5
2021-03-08 21:06:36 DEBUG Main:38 - HB_LAB5
2021-03-08 21:06:37 ERROR HQLProvider:47 - org.hibernate.PropertyValueException: not-null property references a null or transient value : ru.sfedu.deals.lab5.User.address
2021-03-08 21:06:37 INFO  Main:42 - RESULT: FAILED
2021-03-08 21:07:07 DEBUG Main:38 - HB_LAB5
2021-03-08 21:07:08 INFO  Main:42 - RESULT: SUCCESS
2021-03-08 21:07:41 DEBUG Main:38 - HB_LAB4
2021-03-08 21:07:41 ERROR Main:774 - Incorrect parameters
2021-03-08 21:07:41 INFO  Main:42 - RESULT: Incorrect parameters
2021-03-08 21:07:49 DEBUG Main:38 - HB_LAB4
2021-03-08 21:07:50 ERROR Main:51 - Wrong command
2021-03-08 21:07:50 ERROR Main:52 - org.hibernate.LazyInitializationException: failed to lazily initialize a collection of role: ru.sfedu.deals.lab4.set.User.phones, could not initialize proxy - no Session
2021-03-08 21:08:09 DEBUG Main:38 - HB_LAB4
2021-03-08 21:08:10 INFO  Main:42 - RESULT: SUCCESS
2021-03-08 21:08:17 DEBUG Main:38 - HB_LAB4
2021-03-08 21:08:18 ERROR Main:51 - Wrong command
2021-03-08 21:08:18 ERROR Main:52 - org.hibernate.LazyInitializationException: failed to lazily initialize a collection of role: ru.sfedu.deals.lab4.set.User.phones, could not initialize proxy - no Session
2021-03-08 21:08:32 DEBUG Main:38 - HB_LAB4
2021-03-08 21:08:33 ERROR Main:51 - Wrong command
2021-03-08 21:08:33 ERROR Main:52 - org.hibernate.LazyInitializationException: failed to lazily initialize a collection of role: ru.sfedu.deals.lab4.set.User.phones, could not initialize proxy - no Session
2021-03-08 21:11:37 DEBUG Main:38 - HB_LAB4
2021-03-08 21:11:37 ERROR Main:396 - Wrong number of parameters
2021-03-08 21:11:38 ERROR HibernateDataProvider:44 - java.lang.IllegalArgumentException: attempt to create saveOrUpdate event with null entity
2021-03-08 21:11:38 INFO  Main:42 - RESULT: FAILED
2021-03-08 21:12:58 DEBUG Main:38 - HB_LAB4
2021-03-08 21:12:59 ERROR Main:51 - Wrong command
2021-03-08 21:12:59 ERROR Main:52 - org.hibernate.LazyInitializationException: failed to lazily initialize a collection of role: ru.sfedu.deals.lab4.set.User.phones, could not initialize proxy - no Session
2021-03-08 21:14:51 DEBUG Main:38 - HB_LAB4
2021-03-08 21:14:51 ERROR Main:51 - Wrong command
2021-03-08 21:14:51 ERROR Main:52 - org.hibernate.service.spi.ServiceException: Unable to create requested service [org.hibernate.engine.jdbc.env.spi.JdbcEnvironment]
2021-03-08 21:15:07 DEBUG Main:38 - HB_LAB4
2021-03-08 21:15:07 ERROR Main:396 - Wrong number of parameters
2021-03-08 21:15:07 ERROR Main:51 - Wrong command
2021-03-08 21:15:07 ERROR Main:52 - org.hibernate.service.spi.ServiceException: Unable to create requested service [org.hibernate.engine.jdbc.env.spi.JdbcEnvironment]
2021-03-08 21:15:15 DEBUG Main:38 - HB_LAB4
2021-03-08 21:15:16 ERROR Main:51 - Wrong command
2021-03-08 21:15:16 ERROR Main:52 - org.hibernate.LazyInitializationException: failed to lazily initialize a collection of role: ru.sfedu.deals.lab4.set.User.phones, could not initialize proxy - no Session
2021-03-08 21:17:55 DEBUG Main:38 - HB_LAB4
2021-03-08 21:17:56 ERROR HibernateDataProvider:44 - org.hibernate.MappingException: Unknown entity: ru.sfedu.deals.lab4.list.User
2021-03-08 21:17:56 INFO  Main:42 - RESULT: Optional[[]]
2021-03-08 21:18:56 DEBUG Main:38 - HB_LAB3
2021-03-08 21:18:57 ERROR HibernateDataProvider:44 - org.hibernate.MappingException: Unknown entity: ru.sfedu.deals.lab3.joinedTable.CreditAccount
2021-03-08 21:18:57 ERROR HibernateDataProvider:61 - java.lang.IllegalArgumentException: org.hibernate.hql.internal.ast.QuerySyntaxException: CreditAccount is not mapped [from CreditAccount]
2021-03-08 21:18:57 INFO  Main:42 - RESULT: Optional.empty
2021-03-08 21:19:20 DEBUG Main:38 - HB_LAB3
2021-03-08 21:19:21 INFO  Main:42 - RESULT: Optional[[CreditAccount{id=1owner=Ownerbalance=123.00interestRate=3.00creditLimit=5600.00}]]
2021-03-09 10:26:57 DEBUG Main:38 - HB_LAB1
2021-03-09 10:26:57 ERROR Main:51 - Wrong command
2021-03-09 10:26:57 ERROR Main:52 - org.hibernate.internal.util.config.ConfigurationException: Unable to perform unmarshalling at line number 0 and column 0 in FILE D:\Study\4\2\бб\deals\target\hibernate.cfg.xml. Message: null
2021-03-09 10:27:22 DEBUG Main:38 - HB_LAB2
2021-03-09 10:27:22 DEBUG Main:486 - ------------------------------------------------------------------------------------------------
2021-03-09 10:27:22 DEBUG Main:487 - TestEntity{id=0, name='Имя', description='Описание', dateCreated=Tue Mar 09 10:27:22 MSK 2021, check=false, Address=AddressT{city='Москва', district='Оыфвд', region='Регион'}}
2021-03-09 10:27:22 ERROR Main:51 - Wrong command
2021-03-09 10:27:22 ERROR Main:52 - org.hibernate.internal.util.config.ConfigurationException: Unable to perform unmarshalling at line number 0 and column 0 in FILE D:\Study\4\2\бб\deals\target\hibernate.cfg.xml. Message: null
2021-03-09 10:28:04 DEBUG Main:38 - HB_LAB1
2021-03-09 10:28:04 ERROR Main:51 - Wrong command
2021-03-09 10:28:04 ERROR Main:52 - org.hibernate.internal.util.config.ConfigurationException: Unable to perform unmarshalling at line number 0 and column 0 in FILE D:\Study\4\2\бб\deals\target\hibernate.cfg.xml. Message: null
2021-03-09 10:30:22 DEBUG Main:38 - HB_LAB1
2021-03-09 10:30:22 ERROR Main:51 - Wrong command
2021-03-09 10:30:22 ERROR Main:52 - org.hibernate.internal.util.config.ConfigurationException: Unable to perform unmarshalling at line number 0 and column 0 in FILE D:\Study\4\2\бб\deals\target\hibernate.cfg.xml. Message: null
2021-03-09 10:30:28 DEBUG Main:38 - HB_LAB1
2021-03-09 10:30:28 ERROR Main:51 - Wrong command
2021-03-09 10:30:28 ERROR Main:52 - org.hibernate.internal.util.config.ConfigurationException: Unable to perform unmarshalling at line number 0 and column 0 in FILE D:\Study\4\2\бб\deals\target\hibernate.cfg.xml. Message: null
2021-03-09 10:31:36 DEBUG Main:38 - HB_LAB1
2021-03-09 10:31:37 INFO  HibernateDataProvider:48 - Get chemas size: (448)
2021-03-09 10:31:37 INFO  Main:42 - RESULT: [SELECT, INSERT, UPDATE, DELETE, BACKUP, CALL, EXPLAIN, MERGE, MERGE USING, RUNSCRIPT, SCRIPT, SHOW, Explicit table, Table value, WITH, ALTER INDEX RENAME, ALTER SCHEMA RENAME, ALTER SEQUENCE, ALTER TABLE ADD, ALTER TABLE ADD CONSTRAINT, ALTER TABLE RENAME CONSTRAINT, ALTER TABLE ALTER COLUMN, ALTER TABLE DROP COLUMN, ALTER TABLE DROP CONSTRAINT, ALTER TABLE SET, ALTER TABLE RENAME, ALTER USER ADMIN, ALTER USER RENAME, ALTER USER SET PASSWORD, ALTER VIEW RECOMPILE, ALTER VIEW RENAME, ANALYZE, COMMENT, CREATE AGGREGATE, CREATE ALIAS, CREATE CONSTANT, CREATE DOMAIN, CREATE INDEX, CREATE LINKED TABLE, CREATE ROLE, CREATE SCHEMA, CREATE SEQUENCE, CREATE TABLE, CREATE TRIGGER, CREATE USER, CREATE VIEW, DROP AGGREGATE, DROP ALIAS, DROP ALL OBJECTS, DROP CONSTANT, DROP DOMAIN, DROP INDEX, DROP ROLE, DROP SCHEMA, DROP SEQUENCE, DROP TABLE, DROP TRIGGER, DROP USER, DROP VIEW, TRUNCATE TABLE, CHECKPOINT, CHECKPOINT SYNC, COMMIT, COMMIT TRANSACTION, GRANT RIGHT, GRANT ALTER ANY SCHEMA, GRANT ROLE, HELP, PREPARE COMMIT, REVOKE RIGHT, REVOKE ROLE, ROLLBACK, ROLLBACK TRANSACTION, SAVEPOINT, SET @, SET ALLOW_LITERALS, SET AUTOCOMMIT, SET CACHE_SIZE, SET CLUSTER, SET BINARY_COLLATION, SET UUID_COLLATION, SET BUILTIN_ALIAS_OVERRIDE, SET COLLATION, SET COMPRESS_LOB, SET DATABASE_EVENT_LISTENER, SET DB_CLOSE_DELAY, SET DEFAULT_LOCK_TIMEOUT, SET DEFAULT_TABLE_TYPE, SET EXCLUSIVE, SET IGNORECASE, SET JAVA_OBJECT_SERIALIZER, SET LAZY_QUERY_EXECUTION, SET LOG, SET LOCK_MODE, SET LOCK_TIMEOUT, SET MAX_LENGTH_INPLACE_LOB, SET MAX_LOG_SIZE, SET MAX_MEMORY_ROWS, SET MAX_MEMORY_UNDO, SET MAX_OPERATION_MEMORY, SET MODE, SET MULTI_THREADED, SET OPTIMIZE_REUSE_RESULTS, SET PASSWORD, SET QUERY_STATISTICS, SET QUERY_STATISTICS_MAX_ENTRIES, SET QUERY_TIMEOUT, SET REFERENTIAL_INTEGRITY, SET RETENTION_TIME, SET SALT HASH, SET SCHEMA, SET SCHEMA_SEARCH_PATH, SET THROTTLE, SET TRACE_LEVEL, SET TRACE_MAX_FILE_SIZE, SET UNDO_LOG, SET WRITE_DELAY, SHUTDOWN, Value, Array, Boolean, Bytes, Date, Date and time, Decimal, Dollar Quoted String, Hex Number, Int, Long, Null, Number, Numeric, String, Time, Timestamp, Timestamp with time zone, Interval, INTERVAL YEAR, INTERVAL MONTH, INTERVAL DAY, INTERVAL HOUR, INTERVAL MINUTE, INTERVAL SECOND, INTERVAL YEAR TO MONTH, INTERVAL DAY TO HOUR, INTERVAL DAY TO MINUTE, INTERVAL DAY TO SECOND, INTERVAL HOUR TO MINUTE, INTERVAL HOUR TO SECOND, INTERVAL MINUTE TO SECOND, Datetime field, Year field, Month field, Day of month field, Hour field, Minute field, Second field, Millisecond field, Microsecond field, Nanosecond field, Timezone hour field, Timezone minute field, Day of week field, ISO week year field, ISO day of week field, Week of year field, ISO week of year field, Quarter field, Day of year field, Epoch field, Alias, And Condition, Case, Case When, Cipher, Column Definition, Comments, Compare, Condition, Condition Right Hand Side, Constraint, Constraint Name Definition, Csv Options, Data Type, Digit, Expression, Factor, Hex, Index Column, Insert columns and source, Insert values, Merge when clause, Merge when matched clause, Merge when not matched clause, Name, Operand, Order, Quoted Name, Referential Constraint, Referential Action, Script Compression Encryption, Row value expression, Select Expression, Sequence options, Set clause list, Summand, Table Expression, Within group specification, Wildcard expression, Window name or specification, Window specification, Window frame, Window frame preceding, Window frame bound, Term, Column, INT Type, BOOLEAN Type, TINYINT Type, SMALLINT Type, BIGINT Type, IDENTITY Type, DECIMAL Type, DOUBLE Type, REAL Type, TIME Type, DATE Type, TIMESTAMP Type, TIMESTAMP WITH TIME ZONE Type, BINARY Type, OTHER Type, VARCHAR Type, VARCHAR_IGNORECASE Type, CHAR Type, BLOB Type, CLOB Type, UUID Type, ARRAY Type, ENUM Type, GEOMETRY Type, INTERVAL Type, INTERVAL YEAR Type, INTERVAL MONTH Type, INTERVAL DAY Type, INTERVAL HOUR Type, INTERVAL MINUTE Type, INTERVAL SECOND Type, INTERVAL YEAR TO MONTH Type, INTERVAL DAY TO HOUR Type, INTERVAL DAY TO MINUTE Type, INTERVAL DAY TO SECOND Type, INTERVAL HOUR TO MINUTE Type, INTERVAL HOUR TO SECOND Type, INTERVAL MINUTE TO SECOND Type, AVG, BIT_AND, BIT_OR, EVERY, ANY, COUNT, LISTAGG, ARRAY_AGG, MAX, MIN, SUM, SELECTIVITY, STDDEV_POP, STDDEV_SAMP, VAR_POP, VAR_SAMP, RANK aggregate, DENSE_RANK aggregate, PERCENT_RANK aggregate, CUME_DIST aggregate, PERCENTILE_CONT, PERCENTILE_DISC, MEDIAN, MODE, ENVELOPE, ABS, ACOS, ASIN, ATAN, COS, COSH, COT, SIN, SINH, TAN, TANH, ATAN2, BITAND, BITGET, BITOR, BITXOR, MOD, CEILING, DEGREES, EXP, FLOOR, LN, LOG10, ORA_HASH, RADIANS, SQRT, PI, POWER, RAND, RANDOM_UUID, ROUND, ROUNDMAGIC, SECURE_RAND, SIGN, ENCRYPT, DECRYPT, HASH, TRUNCATE, COMPRESS, EXPAND, ZERO, ASCII, BIT_LENGTH, LENGTH, OCTET_LENGTH, CHAR, CONCAT, CONCAT_WS, DIFFERENCE, HEXTORAW, RAWTOHEX, INSTR, INSERT Function, LOWER, UPPER, LEFT, RIGHT, LOCATE, POSITION, LPAD, RPAD, LTRIM, RTRIM, TRIM, REGEXP_REPLACE, REGEXP_LIKE, REPEAT, REPLACE, SOUNDEX, SPACE, STRINGDECODE, STRINGENCODE, STRINGTOUTF8, SUBSTRING, UTF8TOSTRING, XMLATTR, XMLNODE, XMLCOMMENT, XMLCDATA, XMLSTARTDOC, XMLTEXT, TO_CHAR, TRANSLATE, CURRENT_DATE, CURRENT_TIME, CURRENT_TIMESTAMP, LOCALTIME, LOCALTIMESTAMP, DATEADD, DATEDIFF, DAYNAME, DAY_OF_MONTH, DAY_OF_WEEK, ISO_DAY_OF_WEEK, DAY_OF_YEAR, EXTRACT, FORMATDATETIME, HOUR, MINUTE, MONTH, MONTHNAME, PARSEDATETIME, QUARTER, SECOND, WEEK, ISO_WEEK, YEAR, ISO_YEAR, ARRAY_GET, ARRAY_LENGTH, ARRAY_CONTAINS, ARRAY_CAT, ARRAY_APPEND, ARRAY_SLICE, AUTOCOMMIT, CANCEL_SESSION, CASEWHEN Function, CAST, COALESCE, CONVERT, CURRVAL, CSVREAD, CSVWRITE, DATABASE, DATABASE_PATH, DECODE, DISK_SPACE_USED, SIGNAL, ESTIMATED_ENVELOPE, FILE_READ, FILE_WRITE, GREATEST, IDENTITY, IFNULL, LEAST, LOCK_MODE, LOCK_TIMEOUT, LINK_SCHEMA, MEMORY_FREE, MEMORY_USED, NEXTVAL, NULLIF, NVL2, READONLY, ROWNUM, SCHEMA, SCOPE_IDENTITY, SESSION_ID, SET, TABLE, TRANSACTION_ID, TRUNCATE_VALUE, UNNEST, USER, H2VERSION, ROW_NUMBER, RANK, DENSE_RANK, PERCENT_RANK, CUME_DIST, NTILE, LEAD, LAG, FIRST_VALUE, LAST_VALUE, NTH_VALUE, RATIO_TO_REPORT, Information Schema, Range Table]
2021-03-09 10:37:14 DEBUG Main:38 - HB_LAB5
2021-03-09 10:37:14 ERROR Main:396 - Wrong number of parameters
2021-03-09 10:37:15 ERROR HQLProvider:47 - java.lang.IllegalArgumentException: attempt to create saveOrUpdate event with null entity
2021-03-09 10:37:15 INFO  Main:42 - RESULT: FAILED
2021-03-09 10:37:22 DEBUG Main:38 - HB_LAB5
2021-03-09 10:37:23 ERROR HQLProvider:47 - org.hibernate.MappingException: Unknown entity: ru.sfedu.deals.lab5.User
2021-03-09 10:37:23 ERROR HQLProvider:45 - java.lang.IllegalArgumentException: org.hibernate.hql.internal.ast.QuerySyntaxException: User is not mapped [from User]
2021-03-09 10:37:23 INFO  Main:42 - RESULT: Optional.empty
2021-03-09 10:38:33 DEBUG Main:38 - HB_LAB5
2021-03-09 10:38:33 ERROR Main:51 - Wrong command
2021-03-09 10:38:33 ERROR Main:52 - java.lang.ArrayIndexOutOfBoundsException: Index 3 out of bounds for length 3
2021-03-09 10:38:35 DEBUG Main:38 - HB_LAB5
2021-03-09 10:38:35 ERROR Main:51 - Wrong command
2021-03-09 10:38:35 ERROR Main:52 - java.lang.ArrayIndexOutOfBoundsException: Index 3 out of bounds for length 3
2021-03-09 10:38:37 DEBUG Main:38 - HB_LAB5
2021-03-09 10:38:38 ERROR HQLProvider:47 - org.hibernate.MappingException: Unknown entity: ru.sfedu.deals.lab5.User
2021-03-09 10:38:38 ERROR HQLProvider:45 - java.lang.IllegalArgumentException: org.hibernate.hql.internal.ast.QuerySyntaxException: User is not mapped [from User]
2021-03-09 10:38:38 INFO  Main:42 - RESULT: Optional.empty
2021-03-09 10:38:56 DEBUG Main:38 - HB_LAB5
2021-03-09 10:38:56 ERROR Main:51 - Wrong command
2021-03-09 10:38:56 ERROR Main:52 - org.hibernate.service.spi.ServiceException: Unable to create requested service [org.hibernate.engine.jdbc.env.spi.JdbcEnvironment]
2021-03-09 10:39:01 DEBUG Main:38 - HB_LAB5
2021-03-09 10:39:02 ERROR HQLProvider:47 - org.hibernate.MappingException: Unknown entity: ru.sfedu.deals.lab5.User
2021-03-09 10:39:02 ERROR HQLProvider:45 - java.lang.IllegalArgumentException: org.hibernate.hql.internal.ast.QuerySyntaxException: User is not mapped [from User]
2021-03-09 10:39:02 INFO  Main:42 - RESULT: Optional.empty
2021-03-09 10:39:35 DEBUG Main:38 - HB_LAB5
2021-03-09 10:39:36 ERROR Main:51 - Wrong command
2021-03-09 10:39:36 ERROR Main:52 - org.hibernate.service.spi.ServiceException: Unable to create requested service [org.hibernate.engine.jdbc.env.spi.JdbcEnvironment]
2021-03-09 10:40:48 DEBUG Main:38 - HB_LAB5
2021-03-09 10:40:48 DEBUG Main:1006 - ---------------------------------------------------------
2021-03-09 10:40:48 DEBUG Main:1007 - User{id=null, address=Address{id=0, city='Ростов-на-Дону', region='Южный', district='Ростовсая'}, name='Иван', phone='895615156413'}
2021-03-09 10:40:49 ERROR HQLProvider:47 - org.hibernate.MappingException: Unknown entity: ru.sfedu.deals.lab5.User
2021-03-09 10:40:49 ERROR HQLProvider:45 - java.lang.IllegalArgumentException: org.hibernate.hql.internal.ast.QuerySyntaxException: User is not mapped [from User]
2021-03-09 10:40:49 INFO  Main:42 - RESULT: Optional.empty
2021-03-09 10:41:48 DEBUG Main:38 - HB_LAB5
2021-03-09 10:41:48 DEBUG Main:1006 - ---------------------------------------------------------
2021-03-09 10:41:48 DEBUG Main:1007 - User{id=null, address=Address{id=0, city='Ростов-на-Дону', region='Южный', district='Ростовсая'}, name='Иван', phone='895615156413'}
2021-03-09 10:41:49 ERROR HQLProvider:47 - org.hibernate.MappingException: Unknown entity: ru.sfedu.deals.lab5.User
2021-03-09 10:41:49 ERROR HQLProvider:45 - java.lang.IllegalArgumentException: org.hibernate.hql.internal.ast.QuerySyntaxException: User is not mapped [from User]
2021-03-09 10:41:49 INFO  Main:42 - RESULT: Optional.empty
2021-03-09 10:42:11 DEBUG Main:38 - HB_LAB5
2021-03-09 10:42:11 DEBUG Main:1006 - ---------------------------------------------------------
2021-03-09 10:42:11 DEBUG Main:1007 - User{id=null, address=Address{id=0, city='Ростов-на-Дону', region='Южный', district='Ростовсая'}, name='Иван', phone='895615156413'}
2021-03-09 10:42:12 ERROR HQLProvider:47 - org.hibernate.MappingException: Unknown entity: ru.sfedu.deals.lab5.User
2021-03-09 10:42:12 ERROR HQLProvider:45 - java.lang.IllegalArgumentException: org.hibernate.hql.internal.ast.QuerySyntaxException: User is not mapped [from User]
2021-03-09 10:42:12 INFO  Main:42 - RESULT: Optional.empty
2021-03-09 10:42:28 DEBUG Main:38 - HB_LAB5
2021-03-09 10:42:28 DEBUG Main:1006 - ---------------------------------------------------------
2021-03-09 10:42:28 DEBUG Main:1007 - User{id=null, address=Address{id=0, city='Ростов-на-Дону', region='Южный', district='Ростовсая'}, name='Иван', phone='895615156413'}
2021-03-09 10:42:29 ERROR HQLProvider:47 - org.hibernate.MappingException: Unknown entity: ru.sfedu.deals.lab5.User
2021-03-09 10:42:29 ERROR HQLProvider:45 - java.lang.IllegalArgumentException: org.hibernate.hql.internal.ast.QuerySyntaxException: User is not mapped [from User]
2021-03-09 10:42:29 INFO  Main:42 - RESULT: Optional.empty
2021-03-09 10:43:47 DEBUG Main:38 - HB_LAB5
2021-03-09 10:43:47 DEBUG Main:1008 - ---------------------------------------------------------
2021-03-09 10:43:47 DEBUG Main:1009 - User{id=null, address=Address{id=0, city='Ростов-на-Дону', region='Южный', district='Ростовсая'}, name='Иван', phone='895615156413'}
2021-03-09 10:43:48 ERROR HQLProvider:47 - org.hibernate.MappingException: Unknown entity: ru.sfedu.deals.lab5.User
2021-03-09 10:43:48 ERROR Main:51 - Wrong command
2021-03-09 10:43:48 ERROR Main:52 - javax.persistence.PersistenceException: org.hibernate.MappingException: Unknown entity: ru.sfedu.deals.lab5.User
2021-03-09 10:45:28 DEBUG Main:38 - HB_LAB5
2021-03-09 10:45:28 ERROR HibernateDataProvider:44 - org.hibernate.MappingException: Unknown entity: ru.sfedu.deals.lab4.set.User
2021-03-09 10:45:28 ERROR HibernateDataProvider:61 - java.lang.IllegalArgumentException: org.hibernate.hql.internal.ast.QuerySyntaxException: User is not mapped [from User]
2021-03-09 10:45:28 INFO  Main:42 - RESULT: Optional.empty
2021-03-09 10:45:46 DEBUG Main:38 - HB_LAB5
2021-03-09 10:45:47 ERROR HibernateDataProvider:44 - org.hibernate.MappingException: Unknown entity: ru.sfedu.deals.lab4.set.User
2021-03-09 10:45:47 ERROR HibernateDataProvider:61 - java.lang.IllegalArgumentException: org.hibernate.hql.internal.ast.QuerySyntaxException: User is not mapped [from User]
2021-03-09 10:45:47 INFO  Main:42 - RESULT: Optional.empty
2021-03-09 10:46:28 DEBUG Main:38 - HB_LAB5
2021-03-09 10:46:29 ERROR Main:51 - Wrong command
2021-03-09 10:46:29 ERROR Main:52 - org.hibernate.LazyInitializationException: failed to lazily initialize a collection of role: ru.sfedu.deals.lab4.set.User.phones, could not initialize proxy - no Session
2021-03-09 10:46:39 DEBUG Main:38 - HB_LAB5
2021-03-09 10:46:40 ERROR Main:51 - Wrong command
2021-03-09 10:46:40 ERROR Main:52 - org.hibernate.LazyInitializationException: failed to lazily initialize a collection of role: ru.sfedu.deals.lab4.set.User.phones, could not initialize proxy - no Session
2021-03-09 10:47:00 DEBUG Main:38 - HB_LAB5
2021-03-09 10:47:01 ERROR Main:51 - Wrong command
2021-03-09 10:47:01 ERROR Main:52 - org.hibernate.LazyInitializationException: failed to lazily initialize a collection of role: ru.sfedu.deals.lab4.set.User.phones, could not initialize proxy - no Session
2021-03-09 10:47:20 DEBUG Main:38 - HB_LAB4
2021-03-09 10:47:21 ERROR HibernateDataProvider:44 - org.hibernate.MappingException: Unknown entity: ru.sfedu.deals.lab4.list.User
2021-03-09 10:47:21 INFO  Main:42 - RESULT: Optional[[]]
2021-03-09 10:47:29 DEBUG Main:38 - HB_LAB4
2021-03-09 10:47:30 ERROR HibernateDataProvider:44 - org.hibernate.MappingException: Unknown entity: ru.sfedu.deals.lab4.list.User
2021-03-09 10:47:30 INFO  Main:42 - RESULT: FAILED
2021-03-09 10:47:50 DEBUG Main:38 - HB_LAB4
2021-03-09 10:47:51 INFO  Main:42 - RESULT: SUCCESS
2021-03-09 10:47:57 DEBUG Main:38 - HB_LAB4
2021-03-09 10:47:58 ERROR Main:51 - Wrong command
2021-03-09 10:47:58 ERROR Main:52 - org.hibernate.LazyInitializationException: failed to lazily initialize a collection of role: ru.sfedu.deals.lab4.list.User.phones, could not initialize proxy - no Session
2021-03-09 10:48:22 DEBUG Main:38 - HB_LAB4
2021-03-09 10:48:22 ERROR Main:51 - Wrong command
2021-03-09 10:48:22 ERROR Main:52 - java.lang.NullPointerException: Cannot invoke "java.lang.Long.longValue()" because the return value of "java.lang.Long.getLong(String)" is null
2021-03-09 10:49:27 DEBUG Main:38 - HB_LAB4
2021-03-09 10:49:27 ERROR Main:51 - Wrong command
2021-03-09 10:49:27 ERROR Main:52 - java.lang.NullPointerException: Cannot invoke "java.lang.Long.longValue()" because the return value of "java.lang.Long.getLong(String)" is null
2021-03-09 10:49:58 DEBUG Main:38 - HB_LAB4
2021-03-09 10:49:58 DEBUG Main:802 - 1
2021-03-09 10:49:58 DEBUG Main:803 - 1
2021-03-09 10:49:58 ERROR Main:51 - Wrong command
2021-03-09 10:49:58 ERROR Main:52 - java.lang.NullPointerException: Cannot invoke "java.lang.Long.longValue()" because the return value of "java.lang.Long.getLong(String)" is null
2021-03-09 10:50:20 DEBUG Main:38 - HB_LAB4
2021-03-09 10:50:21 ERROR HibernateDataProvider:128 - javax.persistence.OptimisticLockException: Row was updated or deleted by another transaction (or unsaved-value mapping was incorrect) : [ru.sfedu.deals.lab4.list.User#1]
2021-03-09 10:50:21 INFO  Main:42 - RESULT: FAILED
2021-03-09 10:50:49 DEBUG Main:38 - HB_LAB4
2021-03-09 10:50:49 DEBUG Main:804 - User{id=1, name='Иван', last_name='Иванов', phones=[]}
2021-03-09 10:50:49 ERROR HibernateDataProvider:128 - javax.persistence.OptimisticLockException: Row was updated or deleted by another transaction (or unsaved-value mapping was incorrect) : [ru.sfedu.deals.lab4.list.User#1]
2021-03-09 10:50:49 INFO  Main:42 - RESULT: FAILED
2021-03-09 10:50:56 DEBUG Main:38 - HB_LAB4
2021-03-09 10:50:56 DEBUG Main:804 - User{id=1, name='Иван', last_name='Иванов', phones=[]}
2021-03-09 10:50:57 ERROR HibernateDataProvider:128 - javax.persistence.OptimisticLockException: Row was updated or deleted by another transaction (or unsaved-value mapping was incorrect) : [ru.sfedu.deals.lab4.list.User#1]
2021-03-09 10:50:57 INFO  Main:42 - RESULT: FAILED
2021-03-09 10:51:48 DEBUG Main:38 - HB_LAB4
2021-03-09 10:51:49 DEBUG Main:805 - User{id=1, name='Петр', last_name='Петров', phones=[]}
2021-03-09 10:51:49 INFO  Main:42 - RESULT: SUCCESS
2021-03-09 10:52:26 DEBUG Main:38 - HB_LAB5
2021-03-09 10:52:26 DEBUG Main:805 - User{id=1, name='Иван', last_name='Иванов', phones=[]}
2021-03-09 10:52:26 INFO  Main:42 - RESULT: SUCCESS
2021-03-09 10:52:30 DEBUG Main:38 - HB_LAB5
2021-03-09 10:52:31 ERROR Main:51 - Wrong command
2021-03-09 10:52:31 ERROR Main:52 - org.hibernate.LazyInitializationException: failed to lazily initialize a collection of role: ru.sfedu.deals.lab4.list.User.phones, could not initialize proxy - no Session
2021-03-09 10:52:58 DEBUG Main:38 - HB_LAB5
2021-03-09 10:52:59 ERROR Main:51 - Wrong command
2021-03-09 10:52:59 ERROR Main:52 - org.hibernate.service.spi.ServiceException: Unable to create requested service [org.hibernate.engine.jdbc.env.spi.JdbcEnvironment]
2021-03-09 10:53:11 DEBUG Main:38 - HB_LAB5
2021-03-09 10:53:12 DEBUG Main:805 - User{id=1, name='Иван', last_name='Иванов', phones=[]}
2021-03-09 10:53:12 INFO  Main:42 - RESULT: SUCCESS
2021-03-09 10:53:36 DEBUG Main:38 - HB_LAB5
2021-03-09 10:53:37 DEBUG Main:805 - User{id=1, name='Петр', last_name='Петров', phones=[]}
2021-03-09 10:53:37 INFO  Main:42 - RESULT: SUCCESS
2021-03-09 11:00:22 DEBUG Main:38 - HB_LAB5
2021-03-09 11:00:22 ERROR Main:51 - Wrong command
2021-03-09 11:00:22 ERROR Main:52 - org.hibernate.service.spi.ServiceException: Unable to create requested service [org.hibernate.engine.jdbc.env.spi.JdbcEnvironment]
2021-03-09 11:00:32 DEBUG Main:38 - HB_LAB5
2021-03-09 11:00:33 DEBUG Main:805 - User{id=1, name='Петр', last_name='Петров', phones=[]}
2021-03-09 11:00:33 INFO  Main:42 - RESULT: SUCCESS
2021-03-09 11:02:49 DEBUG Main:38 - HB_LAB3
2021-03-09 11:02:49 ERROR Main:51 - Wrong command
2021-03-09 11:02:49 ERROR Main:52 - org.hibernate.service.spi.ServiceException: Unable to create requested service [org.hibernate.engine.jdbc.env.spi.JdbcEnvironment]
2021-03-09 11:03:13 DEBUG Main:38 - HB_LAB3
2021-03-09 11:03:13 ERROR Main:51 - Wrong command
2021-03-09 11:03:13 ERROR Main:52 - org.hibernate.service.spi.ServiceException: Unable to create requested service [org.hibernate.engine.jdbc.env.spi.JdbcEnvironment]
2021-03-09 11:03:18 DEBUG Main:38 - HB_LAB3
2021-03-09 11:03:18 ERROR Main:51 - Wrong command
2021-03-09 11:03:18 ERROR Main:52 - org.hibernate.service.spi.ServiceException: Unable to create requested service [org.hibernate.engine.jdbc.env.spi.JdbcEnvironment]
2021-03-09 11:03:28 DEBUG Main:38 - HB_LAB3
2021-03-09 11:03:29 INFO  Main:42 - RESULT: SUCCESS
2021-03-09 11:03:46 DEBUG Main:38 - HB_LAB3
2021-03-09 11:03:46 ERROR Main:598 - Incorrect parameters
2021-03-09 11:03:46 INFO  Main:42 - RESULT: Incorrect parameters
2021-03-09 11:04:18 DEBUG Main:38 - HB_LAB3
2021-03-09 11:04:18 ERROR Main:598 - Incorrect parameters
2021-03-09 11:04:18 INFO  Main:42 - RESULT: Incorrect parameters
2021-03-09 11:04:20 DEBUG Main:38 - HB_LAB3
2021-03-09 11:04:21 ERROR Main:598 - Incorrect parameters
2021-03-09 11:04:21 INFO  Main:42 - RESULT: Incorrect parameters
2021-03-09 11:05:33 DEBUG Main:38 - HB_LAB3
2021-03-09 11:05:33 ERROR HibernateDataProvider:94 - org.hibernate.UnknownEntityTypeException: Unable to locate persister: ru.sfedu.deals.lab3.joinedTable.Account
2021-03-09 11:05:33 INFO  Main:42 - RESULT: FAILED
2021-03-09 11:06:48 DEBUG Main:38 - HB_LAB3
2021-03-09 11:06:49 INFO  Main:42 - RESULT: FAILED
2021-03-09 11:07:55 DEBUG Main:38 - HB_LAB3
2021-03-09 11:07:56 INFO  Main:42 - RESULT: SUCCESS
2021-03-09 11:08:33 DEBUG Main:38 - HB_LAB3
2021-03-09 11:08:34 INFO  Main:42 - RESULT: SUCCESS
2021-03-09 11:08:44 DEBUG Main:38 - HB_LAB3
2021-03-09 11:08:45 INFO  Main:42 - RESULT: SUCCESS
2021-03-09 11:08:56 DEBUG Main:38 - HB_LAB3
2021-03-09 11:08:57 INFO  Main:42 - RESULT: SUCCESS
2021-03-09 11:10:45 DEBUG Main:38 - HB_LAB3
2021-03-09 11:10:46 INFO  Main:42 - RESULT: SUCCESS
2021-03-09 11:16:04 DEBUG Main:38 - HB_LAB3
2021-03-09 11:16:04 ERROR Main:51 - Wrong command
2021-03-09 11:16:04 ERROR Main:52 - org.hibernate.service.spi.ServiceException: Unable to create requested service [org.hibernate.engine.jdbc.env.spi.JdbcEnvironment]
2021-03-09 11:16:10 DEBUG Main:38 - HB_LAB3
2021-03-09 11:16:11 INFO  Main:42 - RESULT: SUCCESS
2021-03-09 11:16:22 DEBUG Main:38 - HB_LAB3
2021-03-09 11:16:22 ERROR Main:51 - Wrong command
2021-03-09 11:16:22 ERROR Main:52 - org.hibernate.service.spi.ServiceException: Unable to create requested service [org.hibernate.engine.jdbc.env.spi.JdbcEnvironment]
2021-03-09 11:16:27 DEBUG Main:38 - HB_LAB3
2021-03-09 11:16:28 INFO  Main:42 - RESULT: SUCCESS
2021-03-09 11:16:39 DEBUG Main:38 - HB_LAB3
2021-03-09 11:16:40 ERROR Main:51 - Wrong command
2021-03-09 11:16:40 ERROR Main:52 - org.hibernate.service.spi.ServiceException: Unable to create requested service [org.hibernate.engine.jdbc.env.spi.JdbcEnvironment]
2021-03-09 11:16:47 DEBUG Main:38 - HB_LAB3
2021-03-09 11:16:49 INFO  Main:42 - RESULT: FAILED
