2021-03-06 09:37:32 DEBUG HibernateTest:21 - getAllSchemas
2021-03-06 09:37:34 INFO  HibernateDataProvider:39 - Get chemas size: (2)
2021-03-06 09:37:34 INFO  HibernateTest:23 - [INFORMATION_SCHEMA, PUBLIC]
2021-03-06 09:37:34 DEBUG HibernateTest:28 - getSqlHelp
2021-03-06 09:37:34 INFO  HibernateDataProvider:48 - Get chemas size: (448)
2021-03-06 09:37:34 INFO  HibernateTest:30 - [SELECT, INSERT, UPDATE, DELETE, BACKUP, CALL, EXPLAIN, MERGE, MERGE USING, RUNSCRIPT, SCRIPT, SHOW, Explicit table, Table value, WITH, ALTER INDEX RENAME, ALTER SCHEMA RENAME, ALTER SEQUENCE, ALTER TABLE ADD, ALTER TABLE ADD CONSTRAINT, ALTER TABLE RENAME CONSTRAINT, ALTER TABLE ALTER COLUMN, ALTER TABLE DROP COLUMN, ALTER TABLE DROP CONSTRAINT, ALTER TABLE SET, ALTER TABLE RENAME, ALTER USER ADMIN, ALTER USER RENAME, ALTER USER SET PASSWORD, ALTER VIEW RECOMPILE, ALTER VIEW RENAME, ANALYZE, COMMENT, CREATE AGGREGATE, CREATE ALIAS, CREATE CONSTANT, CREATE DOMAIN, CREATE INDEX, CREATE LINKED TABLE, CREATE ROLE, CREATE SCHEMA, CREATE SEQUENCE, CREATE TABLE, CREATE TRIGGER, CREATE USER, CREATE VIEW, DROP AGGREGATE, DROP ALIAS, DROP ALL OBJECTS, DROP CONSTANT, DROP DOMAIN, DROP INDEX, DROP ROLE, DROP SCHEMA, DROP SEQUENCE, DROP TABLE, DROP TRIGGER, DROP USER, DROP VIEW, TRUNCATE TABLE, CHECKPOINT, CHECKPOINT SYNC, COMMIT, COMMIT TRANSACTION, GRANT RIGHT, GRANT ALTER ANY SCHEMA, GRANT ROLE, HELP, PREPARE COMMIT, REVOKE RIGHT, REVOKE ROLE, ROLLBACK, ROLLBACK TRANSACTION, SAVEPOINT, SET @, SET ALLOW_LITERALS, SET AUTOCOMMIT, SET CACHE_SIZE, SET CLUSTER, SET BINARY_COLLATION, SET UUID_COLLATION, SET BUILTIN_ALIAS_OVERRIDE, SET COLLATION, SET COMPRESS_LOB, SET DATABASE_EVENT_LISTENER, SET DB_CLOSE_DELAY, SET DEFAULT_LOCK_TIMEOUT, SET DEFAULT_TABLE_TYPE, SET EXCLUSIVE, SET IGNORECASE, SET JAVA_OBJECT_SERIALIZER, SET LAZY_QUERY_EXECUTION, SET LOG, SET LOCK_MODE, SET LOCK_TIMEOUT, SET MAX_LENGTH_INPLACE_LOB, SET MAX_LOG_SIZE, SET MAX_MEMORY_ROWS, SET MAX_MEMORY_UNDO, SET MAX_OPERATION_MEMORY, SET MODE, SET MULTI_THREADED, SET OPTIMIZE_REUSE_RESULTS, SET PASSWORD, SET QUERY_STATISTICS, SET QUERY_STATISTICS_MAX_ENTRIES, SET QUERY_TIMEOUT, SET REFERENTIAL_INTEGRITY, SET RETENTION_TIME, SET SALT HASH, SET SCHEMA, SET SCHEMA_SEARCH_PATH, SET THROTTLE, SET TRACE_LEVEL, SET TRACE_MAX_FILE_SIZE, SET UNDO_LOG, SET WRITE_DELAY, SHUTDOWN, Value, Array, Boolean, Bytes, Date, Date and time, Decimal, Dollar Quoted String, Hex Number, Int, Long, Null, Number, Numeric, String, Time, Timestamp, Timestamp with time zone, Interval, INTERVAL YEAR, INTERVAL MONTH, INTERVAL DAY, INTERVAL HOUR, INTERVAL MINUTE, INTERVAL SECOND, INTERVAL YEAR TO MONTH, INTERVAL DAY TO HOUR, INTERVAL DAY TO MINUTE, INTERVAL DAY TO SECOND, INTERVAL HOUR TO MINUTE, INTERVAL HOUR TO SECOND, INTERVAL MINUTE TO SECOND, Datetime field, Year field, Month field, Day of month field, Hour field, Minute field, Second field, Millisecond field, Microsecond field, Nanosecond field, Timezone hour field, Timezone minute field, Day of week field, ISO week year field, ISO day of week field, Week of year field, ISO week of year field, Quarter field, Day of year field, Epoch field, Alias, And Condition, Case, Case When, Cipher, Column Definition, Comments, Compare, Condition, Condition Right Hand Side, Constraint, Constraint Name Definition, Csv Options, Data Type, Digit, Expression, Factor, Hex, Index Column, Insert columns and source, Insert values, Merge when clause, Merge when matched clause, Merge when not matched clause, Name, Operand, Order, Quoted Name, Referential Constraint, Referential Action, Script Compression Encryption, Row value expression, Select Expression, Sequence options, Set clause list, Summand, Table Expression, Within group specification, Wildcard expression, Window name or specification, Window specification, Window frame, Window frame preceding, Window frame bound, Term, Column, INT Type, BOOLEAN Type, TINYINT Type, SMALLINT Type, BIGINT Type, IDENTITY Type, DECIMAL Type, DOUBLE Type, REAL Type, TIME Type, DATE Type, TIMESTAMP Type, TIMESTAMP WITH TIME ZONE Type, BINARY Type, OTHER Type, VARCHAR Type, VARCHAR_IGNORECASE Type, CHAR Type, BLOB Type, CLOB Type, UUID Type, ARRAY Type, ENUM Type, GEOMETRY Type, INTERVAL Type, INTERVAL YEAR Type, INTERVAL MONTH Type, INTERVAL DAY Type, INTERVAL HOUR Type, INTERVAL MINUTE Type, INTERVAL SECOND Type, INTERVAL YEAR TO MONTH Type, INTERVAL DAY TO HOUR Type, INTERVAL DAY TO MINUTE Type, INTERVAL DAY TO SECOND Type, INTERVAL HOUR TO MINUTE Type, INTERVAL HOUR TO SECOND Type, INTERVAL MINUTE TO SECOND Type, AVG, BIT_AND, BIT_OR, EVERY, ANY, COUNT, LISTAGG, ARRAY_AGG, MAX, MIN, SUM, SELECTIVITY, STDDEV_POP, STDDEV_SAMP, VAR_POP, VAR_SAMP, RANK aggregate, DENSE_RANK aggregate, PERCENT_RANK aggregate, CUME_DIST aggregate, PERCENTILE_CONT, PERCENTILE_DISC, MEDIAN, MODE, ENVELOPE, ABS, ACOS, ASIN, ATAN, COS, COSH, COT, SIN, SINH, TAN, TANH, ATAN2, BITAND, BITGET, BITOR, BITXOR, MOD, CEILING, DEGREES, EXP, FLOOR, LN, LOG10, ORA_HASH, RADIANS, SQRT, PI, POWER, RAND, RANDOM_UUID, ROUND, ROUNDMAGIC, SECURE_RAND, SIGN, ENCRYPT, DECRYPT, HASH, TRUNCATE, COMPRESS, EXPAND, ZERO, ASCII, BIT_LENGTH, LENGTH, OCTET_LENGTH, CHAR, CONCAT, CONCAT_WS, DIFFERENCE, HEXTORAW, RAWTOHEX, INSTR, INSERT Function, LOWER, UPPER, LEFT, RIGHT, LOCATE, POSITION, LPAD, RPAD, LTRIM, RTRIM, TRIM, REGEXP_REPLACE, REGEXP_LIKE, REPEAT, REPLACE, SOUNDEX, SPACE, STRINGDECODE, STRINGENCODE, STRINGTOUTF8, SUBSTRING, UTF8TOSTRING, XMLATTR, XMLNODE, XMLCOMMENT, XMLCDATA, XMLSTARTDOC, XMLTEXT, TO_CHAR, TRANSLATE, CURRENT_DATE, CURRENT_TIME, CURRENT_TIMESTAMP, LOCALTIME, LOCALTIMESTAMP, DATEADD, DATEDIFF, DAYNAME, DAY_OF_MONTH, DAY_OF_WEEK, ISO_DAY_OF_WEEK, DAY_OF_YEAR, EXTRACT, FORMATDATETIME, HOUR, MINUTE, MONTH, MONTHNAME, PARSEDATETIME, QUARTER, SECOND, WEEK, ISO_WEEK, YEAR, ISO_YEAR, ARRAY_GET, ARRAY_LENGTH, ARRAY_CONTAINS, ARRAY_CAT, ARRAY_APPEND, ARRAY_SLICE, AUTOCOMMIT, CANCEL_SESSION, CASEWHEN Function, CAST, COALESCE, CONVERT, CURRVAL, CSVREAD, CSVWRITE, DATABASE, DATABASE_PATH, DECODE, DISK_SPACE_USED, SIGNAL, ESTIMATED_ENVELOPE, FILE_READ, FILE_WRITE, GREATEST, IDENTITY, IFNULL, LEAST, LOCK_MODE, LOCK_TIMEOUT, LINK_SCHEMA, MEMORY_FREE, MEMORY_USED, NEXTVAL, NULLIF, NVL2, READONLY, ROWNUM, SCHEMA, SCOPE_IDENTITY, SESSION_ID, SET, TABLE, TRANSACTION_ID, TRUNCATE_VALUE, UNNEST, USER, H2VERSION, ROW_NUMBER, RANK, DENSE_RANK, PERCENT_RANK, CUME_DIST, NTILE, LEAD, LAG, FIRST_VALUE, LAST_VALUE, NTH_VALUE, RATIO_TO_REPORT, Information Schema, Range Table]
2021-03-06 09:37:34 DEBUG HibernateTest:35 - getAllTables
2021-03-06 09:37:34 INFO  HibernateDataProvider:57 - Get chemas size: (34)
2021-03-06 09:37:34 INFO  HibernateTest:37 - [FUNCTION_COLUMNS, CONSTANTS, SEQUENCES, RIGHTS, TRIGGERS, CATALOGS, CROSS_REFERENCES, SETTINGS, FUNCTION_ALIASES, VIEWS, TYPE_INFO, CONSTRAINTS, COLUMNS, LOCKS, KEY_COLUMN_USAGE, DOMAINS, SCHEMATA, COLUMN_PRIVILEGES, HELP, SESSION_STATE, TABLE_PRIVILEGES, REFERENTIAL_CONSTRAINTS, TABLE_TYPES, TABLES, QUERY_STATISTICS, ROLES, SESSIONS, IN_DOUBT, USERS, COLLATIONS, SYNONYMS, TABLE_CONSTRAINTS, INDEXES, TEST_ENTITY]
2021-03-06 09:37:34 DEBUG HibernateTest:42 - getAllUsers
2021-03-06 09:37:34 INFO  HibernateDataProvider:66 - Get chemas size: (1)
2021-03-06 09:37:34 INFO  HibernateTest:44 - [ADMIN]
2021-03-06 09:37:34 DEBUG HibernateTest:80 - deleteTestEntity
2021-03-06 09:37:34 DEBUG HibernateTest:49 - insertTestEntity
2021-03-06 09:37:34 DEBUG HibernateTest:66 - insertTestEntityFailed
2021-03-06 09:37:34 DEBUG HibernateTest:95 - updateTestEntity
2021-03-06 09:37:34 DEBUG HibernateTest:49 - insertTestEntity
2021-03-06 09:37:34 DEBUG HibernateTest:98 - TestEntity{id=2, name='Name', description='Description', dateCreated=2021-03-06 09:37:34.228, check=false, Address=AddressT{city='Москва', district='Московская', region='Ммм'}}
2021-03-06 09:37:34 DEBUG HibernateTest:104 - TestEntity{id=2, name='New Name', description='New description', dateCreated=2021-03-06 09:37:34.228, check=false, Address=AddressT{city='Москва', district='Московская', region='Ммм'}}
2021-03-06 09:37:34 DEBUG HibernateTest:49 - insertTestEntity
2021-03-06 09:37:34 DEBUG HibernateTest:88 - deleteTestEntityFailed
2021-03-06 09:37:34 DEBUG HibernateTest:109 - updateTestEntityFailed
2021-03-06 09:37:34 ERROR HibernateDataProvider:153 - javax.persistence.PersistenceException: org.hibernate.PropertyValueException: not-null property references a null or transient value : ru.sfedu.deals.model.TestEntity.address
2021-03-06 09:37:34 DEBUG HibernateTest:73 - selectAllTestEntity
2021-03-06 09:37:34 DEBUG HibernateTest:49 - insertTestEntity
2021-03-06 09:37:34 DEBUG HibernateTest:75 - Optional[[TestEntity{id=2, name='New Name', description='New description', dateCreated=2021-03-06 09:37:34.228, check=false, Address=AddressT{city='Москва', district='Московская', region='Ммм'}}, TestEntity{id=3, name='Name', description='Description', dateCreated=2021-03-06 09:37:34.253, check=false, Address=AddressT{city='Москва', district='Московская', region='Ммм'}}, TestEntity{id=4, name='Name', description='Description', dateCreated=2021-03-06 09:37:34.27, check=false, Address=AddressT{city='Москва', district='Московская', region='Ммм'}}]]
2021-03-06 09:40:05 DEBUG HibernateTest:76 - deleteAccountCreditAccount
2021-03-06 09:40:05 DEBUG HibernateTest:22 - insertCreditAccount
2021-03-06 09:40:07 DEBUG HibernateTest:60 - deleteAccountCreditAccount
2021-03-06 09:40:07 DEBUG HibernateTest:22 - insertCreditAccount
2021-03-06 09:40:07 DEBUG HibernateTest:53 - selectAllDebitAccount
2021-03-06 09:40:07 DEBUG HibernateTest:34 - insertDebitAccount
2021-03-06 09:40:07 INFO  HibernateTest:55 - Optional[[DebitAccount{id=1owner=Ownerbalance=123.00interestRate=3.00overdraftFee=500.00}]]
2021-03-06 09:40:07 DEBUG HibernateTest:34 - insertDebitAccount
2021-03-06 09:40:07 DEBUG HibernateTest:68 - deleteAccountDebitAccount
2021-03-06 09:40:07 DEBUG HibernateTest:34 - insertDebitAccount
2021-03-06 09:40:07 DEBUG HibernateTest:46 - selectAllCreditAccount
2021-03-06 09:40:07 DEBUG HibernateTest:22 - insertCreditAccount
2021-03-06 09:40:07 INFO  HibernateTest:48 - Optional[[CreditAccount{id=2owner=Ownerbalance=123.00interestRate=3.00creditLimit=500.00}, CreditAccount{id=3owner=Ownerbalance=123.00interestRate=3.00creditLimit=500.00}]]
2021-03-06 09:40:07 DEBUG HibernateTest:22 - insertCreditAccount
2021-03-06 09:40:07 DEBUG HibernateTest:85 - deleteAccountDebitAccount
2021-03-06 09:40:07 DEBUG HibernateTest:34 - insertDebitAccount
2021-03-06 09:41:22 DEBUG HibernateTest:76 - deleteAccountCreditAccount
2021-03-06 09:41:22 DEBUG HibernateTest:22 - insertCreditAccount
2021-03-06 09:41:23 DEBUG HibernateTest:60 - deleteAccountCreditAccount
2021-03-06 09:41:23 DEBUG HibernateTest:22 - insertCreditAccount
2021-03-06 09:41:23 DEBUG HibernateTest:53 - selectAllDebitAccount
2021-03-06 09:41:23 DEBUG HibernateTest:34 - insertDebitAccount
2021-03-06 09:41:23 INFO  HibernateTest:55 - Optional[[DebitAccount{id=3owner=Ownerbalance=123.00interestRate=3.00overdraftFee=500.00}]]
2021-03-06 09:41:23 DEBUG HibernateTest:34 - insertDebitAccount
2021-03-06 09:41:23 DEBUG HibernateTest:68 - deleteAccountDebitAccount
2021-03-06 09:41:23 DEBUG HibernateTest:34 - insertDebitAccount
2021-03-06 09:41:23 DEBUG HibernateTest:46 - selectAllCreditAccount
2021-03-06 09:41:23 DEBUG HibernateTest:22 - insertCreditAccount
2021-03-06 09:41:23 INFO  HibernateTest:48 - Optional[[CreditAccount{id=2owner=Ownerbalance=123.00interestRate=3.00creditLimit=500.00}, CreditAccount{id=6owner=Ownerbalance=123.00interestRate=3.00creditLimit=500.00}]]
2021-03-06 09:41:23 DEBUG HibernateTest:22 - insertCreditAccount
2021-03-06 09:41:23 DEBUG HibernateTest:85 - deleteAccountDebitAccount
2021-03-06 09:41:23 DEBUG HibernateTest:34 - insertDebitAccount
2021-03-06 09:42:21 DEBUG HibernateTest:76 - deleteAccountCreditAccount
2021-03-06 09:42:21 DEBUG HibernateTest:22 - insertCreditAccount
2021-03-06 09:42:22 DEBUG HibernateTest:60 - deleteAccountCreditAccount
2021-03-06 09:42:22 DEBUG HibernateTest:22 - insertCreditAccount
2021-03-06 09:42:22 DEBUG HibernateTest:53 - selectAllDebitAccount
2021-03-06 09:42:22 DEBUG HibernateTest:34 - insertDebitAccount
2021-03-06 09:42:22 INFO  HibernateTest:55 - Optional[[DebitAccount{id=3owner=Ownerbalance=123.00interestRate=3.00overdraftFee=500.00}]]
2021-03-06 09:42:22 DEBUG HibernateTest:34 - insertDebitAccount
2021-03-06 09:42:22 DEBUG HibernateTest:68 - deleteAccountDebitAccount
2021-03-06 09:42:22 DEBUG HibernateTest:34 - insertDebitAccount
2021-03-06 09:42:22 DEBUG HibernateTest:46 - selectAllCreditAccount
2021-03-06 09:42:22 DEBUG HibernateTest:22 - insertCreditAccount
2021-03-06 09:42:22 INFO  HibernateTest:48 - Optional[[CreditAccount{id=2owner=Ownerbalance=123.00interestRate=3.00creditLimit=500.00}, CreditAccount{id=6owner=Ownerbalance=123.00interestRate=3.00creditLimit=500.00}]]
2021-03-06 09:42:22 DEBUG HibernateTest:22 - insertCreditAccount
2021-03-06 09:42:22 DEBUG HibernateTest:85 - deleteAccountDebitAccount
2021-03-06 09:42:22 DEBUG HibernateTest:34 - insertDebitAccount
2021-03-06 09:43:07 DEBUG HibernateTest:77 - deleteAccountCreditAccount
2021-03-06 09:43:07 DEBUG HibernateTest:22 - insertCreditAccount
2021-03-06 09:43:09 DEBUG HibernateTest:60 - deleteAccountCreditAccount
2021-03-06 09:43:09 DEBUG HibernateTest:22 - insertCreditAccount
2021-03-06 09:43:09 INFO  HibernateTest:63 - CreditAccount{id=1owner=Ownerbalance=123.00interestRate=3.00creditLimit=0.00}
2021-03-06 09:43:09 DEBUG HibernateTest:53 - selectAllDebitAccount
2021-03-06 09:43:09 DEBUG HibernateTest:34 - insertDebitAccount
2021-03-06 09:43:09 INFO  HibernateTest:55 - Optional[[DebitAccount{id=3owner=Ownerbalance=123.00interestRate=3.00overdraftFee=500.00}]]
2021-03-06 09:43:09 DEBUG HibernateTest:34 - insertDebitAccount
2021-03-06 09:43:09 DEBUG HibernateTest:69 - deleteAccountDebitAccount
2021-03-06 09:43:09 DEBUG HibernateTest:34 - insertDebitAccount
2021-03-06 09:43:09 DEBUG HibernateTest:46 - selectAllCreditAccount
2021-03-06 09:43:09 DEBUG HibernateTest:22 - insertCreditAccount
2021-03-06 09:43:09 INFO  HibernateTest:48 - Optional[[CreditAccount{id=2owner=Ownerbalance=123.00interestRate=3.00creditLimit=500.00}, CreditAccount{id=6owner=Ownerbalance=123.00interestRate=3.00creditLimit=500.00}]]
2021-03-06 09:43:09 DEBUG HibernateTest:22 - insertCreditAccount
2021-03-06 09:43:09 DEBUG HibernateTest:86 - deleteAccountDebitAccount
2021-03-06 09:43:09 DEBUG HibernateTest:34 - insertDebitAccount
2021-03-06 09:49:51 DEBUG SetTests:38 - start test selectAllUsers
2021-03-06 09:49:51 DEBUG SetTests:27 - start test insertUser
2021-03-06 09:49:52 DEBUG SetTests:45 - start test deleteUsers
2021-03-06 09:49:52 DEBUG SetTests:27 - start test insertUser
2021-03-06 09:49:52 DEBUG SetTests:53 - start test updateUsers
2021-03-06 09:49:52 DEBUG SetTests:27 - start test insertUser
2021-03-06 09:49:52 DEBUG SetTests:27 - start test insertUser
2021-03-06 09:50:23 DEBUG SetTests:55 - start test selectAllUsers
2021-03-06 09:50:23 DEBUG SetTests:44 - start test insertUser
2021-03-06 09:50:24 DEBUG SetTests:62 - start test deleteUsers
2021-03-06 09:50:24 DEBUG SetTests:44 - start test insertUser
2021-03-06 09:50:24 DEBUG SetTests:70 - start test updateUsers
2021-03-06 09:50:24 DEBUG SetTests:44 - start test insertUser
2021-03-06 09:50:24 DEBUG SetTests:44 - start test insertUser
2021-03-06 09:51:08 DEBUG SetTests:55 - start test selectAllUsers
2021-03-06 09:51:08 DEBUG SetTests:44 - start test insertUser
2021-03-06 09:51:10 DEBUG SetTests:62 - start test deleteUsers
2021-03-06 09:51:10 DEBUG SetTests:44 - start test insertUser
2021-03-06 09:51:10 DEBUG SetTests:70 - start test updateUsers
2021-03-06 09:51:10 DEBUG SetTests:44 - start test insertUser
2021-03-06 09:51:10 DEBUG SetTests:44 - start test insertUser
2021-03-06 09:51:45 DEBUG SetTests:55 - start test selectAllUsers
2021-03-06 09:51:45 DEBUG SetTests:44 - start test insertUser
2021-03-06 09:51:46 DEBUG SetTests:62 - start test deleteUsers
2021-03-06 09:51:46 DEBUG SetTests:44 - start test insertUser
2021-03-06 09:51:46 DEBUG SetTests:70 - start test updateUsers
2021-03-06 09:51:46 DEBUG SetTests:44 - start test insertUser
2021-03-06 09:51:46 DEBUG SetTests:44 - start test insertUser
2021-03-06 09:52:10 DEBUG SetTests:38 - start test selectAllUsers
2021-03-06 09:52:10 DEBUG SetTests:27 - start test insertUser
2021-03-06 09:52:12 DEBUG SetTests:45 - start test deleteUsers
2021-03-06 09:52:12 DEBUG SetTests:27 - start test insertUser
2021-03-06 09:52:12 DEBUG SetTests:53 - start test updateUsers
2021-03-06 09:52:12 DEBUG SetTests:27 - start test insertUser
2021-03-06 09:52:12 DEBUG SetTests:27 - start test insertUser
2021-03-06 09:52:38 DEBUG SetTests:38 - start test selectAllUsers
2021-03-06 09:52:38 DEBUG SetTests:27 - start test insertUser
2021-03-06 09:52:40 DEBUG SetTests:45 - start test deleteUsers
2021-03-06 09:52:40 DEBUG SetTests:27 - start test insertUser
2021-03-06 09:52:40 DEBUG SetTests:53 - start test updateUsers
2021-03-06 09:52:40 DEBUG SetTests:27 - start test insertUser
2021-03-06 09:52:40 DEBUG SetTests:27 - start test insertUser
2021-03-07 12:33:56 DEBUG HibernateTest:22 - insertCreditAccount
2021-03-07 12:34:36 DEBUG HibernateTest:22 - insertCreditAccount
2021-03-07 12:39:33 DEBUG HibernateTest:77 - deleteAccountCreditAccount
2021-03-07 12:39:33 DEBUG HibernateTest:22 - insertCreditAccount
2021-03-07 12:39:34 DEBUG HibernateTest:60 - deleteAccountCreditAccount
2021-03-07 12:39:34 DEBUG HibernateTest:22 - insertCreditAccount
2021-03-07 12:39:34 DEBUG HibernateTest:53 - selectAllDebitAccount
2021-03-07 12:39:34 DEBUG HibernateTest:34 - insertDebitAccount
2021-03-07 12:39:34 INFO  HibernateTest:55 - Optional[[]]
2021-03-07 12:39:34 DEBUG HibernateTest:34 - insertDebitAccount
2021-03-07 12:39:34 DEBUG HibernateTest:69 - deleteAccountDebitAccount
2021-03-07 12:39:34 DEBUG HibernateTest:34 - insertDebitAccount
2021-03-07 12:39:34 DEBUG HibernateTest:46 - selectAllCreditAccount
2021-03-07 12:39:34 DEBUG HibernateTest:22 - insertCreditAccount
2021-03-07 12:39:34 INFO  HibernateTest:48 - Optional[[]]
2021-03-07 12:39:34 DEBUG HibernateTest:22 - insertCreditAccount
2021-03-07 12:39:34 DEBUG HibernateTest:86 - deleteAccountDebitAccount
2021-03-07 12:39:34 DEBUG HibernateTest:34 - insertDebitAccount
2021-03-07 12:40:14 DEBUG HibernateTest:60 - deleteAccountCreditAccount
2021-03-07 12:40:14 DEBUG HibernateTest:22 - insertCreditAccount
2021-03-07 12:41:19 DEBUG HibernateTest:60 - deleteAccountCreditAccount
2021-03-07 12:41:19 DEBUG HibernateTest:22 - insertCreditAccount
2021-03-07 12:42:10 DEBUG HibernateTest:60 - deleteAccountCreditAccount
2021-03-07 12:42:10 DEBUG HibernateTest:22 - insertCreditAccount
2021-03-07 12:42:12 ERROR HibernateDataProvider:44 - javax.persistence.PersistenceException: org.hibernate.exception.SQLGrammarException: could not prepare statement
2021-03-07 12:42:38 DEBUG HibernateTest:60 - deleteAccountCreditAccount
2021-03-07 12:42:38 DEBUG HibernateTest:22 - insertCreditAccount
2021-03-07 12:42:39 ERROR HibernateDataProvider:44 - javax.persistence.PersistenceException: org.hibernate.exception.SQLGrammarException: could not prepare statement
2021-03-07 12:43:18 DEBUG HibernateTest:22 - insertCreditAccount
2021-03-07 12:43:20 ERROR HibernateDataProvider:44 - javax.persistence.PersistenceException: org.hibernate.exception.SQLGrammarException: could not prepare statement
2021-03-07 12:43:33 DEBUG HibernateTest:22 - insertCreditAccount
2021-03-07 12:43:35 ERROR HibernateDataProvider:44 - javax.persistence.PersistenceException: org.hibernate.exception.SQLGrammarException: could not prepare statement
2021-03-07 12:43:42 DEBUG HibernateTest:22 - insertCreditAccount
2021-03-07 12:43:58 DEBUG HibernateTest:60 - deleteAccountCreditAccount
2021-03-07 12:43:58 DEBUG HibernateTest:22 - insertCreditAccount
2021-03-07 12:44:43 DEBUG HibernateTest:69 - deleteAccountDebitAccount
2021-03-07 12:44:43 DEBUG HibernateTest:34 - insertDebitAccount
2021-03-07 12:44:44 DEBUG HibernateTest:71 - Optional[[]]
2021-03-07 13:32:36 DEBUG HibernateTest:80 - deleteTestEntity
2021-03-07 13:32:36 DEBUG HibernateTest:49 - insertTestEntity
2021-03-07 13:32:54 DEBUG HibernateTest:80 - deleteTestEntity
2021-03-07 13:32:54 DEBUG HibernateTest:49 - insertTestEntity
2021-03-07 13:33:06 DEBUG HibernateTest:80 - deleteTestEntity
2021-03-07 13:33:06 DEBUG HibernateTest:49 - insertTestEntity
2021-03-07 13:33:16 DEBUG HibernateTest:80 - deleteTestEntity
2021-03-07 13:33:16 DEBUG HibernateTest:49 - insertTestEntity
2021-03-07 13:37:00 DEBUG HibernateTest:69 - deleteAccountDebitAccount
2021-03-07 13:37:00 DEBUG HibernateTest:34 - insertDebitAccount
2021-03-07 13:37:02 DEBUG HibernateTest:71 - Optional[[DebitAccount{id=1owner=Ownerbalance=123.00interestRate=3.00overdraftFee=500.00}]]
2021-03-07 13:37:15 DEBUG HibernateTest:69 - deleteAccountDebitAccount
2021-03-07 13:37:15 DEBUG HibernateTest:34 - insertDebitAccount
2021-03-07 13:37:16 DEBUG HibernateTest:71 - Optional[[DebitAccount{id=1owner=Ownerbalance=123.00interestRate=3.00overdraftFee=500.00}]]
2021-03-08 19:04:27 DEBUG HibernateTest:76 - deleteAccountCreditAccount
2021-03-08 19:04:27 DEBUG HibernateTest:22 - insertCreditAccount
2021-03-08 19:04:28 DEBUG HibernateTest:60 - deleteAccountCreditAccount
2021-03-08 19:04:28 DEBUG HibernateTest:22 - insertCreditAccount
2021-03-08 19:04:28 DEBUG HibernateTest:53 - selectAllDebitAccount
2021-03-08 19:04:28 DEBUG HibernateTest:34 - insertDebitAccount
2021-03-08 19:04:28 DEBUG HibernateTest:34 - insertDebitAccount
2021-03-08 19:04:28 DEBUG HibernateTest:68 - deleteAccountDebitAccount
2021-03-08 19:04:28 DEBUG HibernateTest:34 - insertDebitAccount
2021-03-08 19:04:28 DEBUG HibernateTest:46 - selectAllCreditAccount
2021-03-08 19:04:28 DEBUG HibernateTest:22 - insertCreditAccount
2021-03-08 19:04:28 DEBUG HibernateTest:22 - insertCreditAccount
2021-03-08 19:04:28 DEBUG HibernateTest:85 - deleteAccountDebitAccount
2021-03-08 19:04:28 DEBUG HibernateTest:34 - insertDebitAccount
2021-03-08 19:06:13 DEBUG HibernateTest:76 - deleteAccountCreditAccount
2021-03-08 19:06:13 DEBUG HibernateTest:22 - insertCreditAccount
2021-03-08 19:06:15 ERROR HibernateDataProvider:61 - java.lang.IllegalArgumentException: org.hibernate.hql.internal.ast.QuerySyntaxException: LAB3_CreditAccount is not mapped [from LAB3_CreditAccount]
2021-03-08 19:06:15 DEBUG HibernateTest:60 - deleteAccountCreditAccount
2021-03-08 19:06:15 DEBUG HibernateTest:22 - insertCreditAccount
2021-03-08 19:06:15 ERROR HibernateDataProvider:61 - java.lang.IllegalArgumentException: org.hibernate.hql.internal.ast.QuerySyntaxException: LAB3_CreditAccount is not mapped [from LAB3_CreditAccount]
2021-03-08 19:06:15 DEBUG HibernateTest:53 - selectAllDebitAccount
2021-03-08 19:06:15 DEBUG HibernateTest:34 - insertDebitAccount
2021-03-08 19:06:15 INFO  HibernateTest:55 - Optional[[DebitAccount{id=3owner=Ownerbalance=123.00interestRate=3.00overdraftFee=500.00}]]
2021-03-08 19:06:15 DEBUG HibernateTest:34 - insertDebitAccount
2021-03-08 19:06:15 DEBUG HibernateTest:68 - deleteAccountDebitAccount
2021-03-08 19:06:15 DEBUG HibernateTest:34 - insertDebitAccount
2021-03-08 19:06:15 DEBUG HibernateTest:46 - selectAllCreditAccount
2021-03-08 19:06:15 DEBUG HibernateTest:22 - insertCreditAccount
2021-03-08 19:06:15 ERROR HibernateDataProvider:61 - java.lang.IllegalArgumentException: org.hibernate.hql.internal.ast.QuerySyntaxException: LAB3_CreditAccount is not mapped [from LAB3_CreditAccount]
2021-03-08 19:06:15 INFO  HibernateTest:48 - Optional.empty
2021-03-08 19:06:15 DEBUG HibernateTest:22 - insertCreditAccount
2021-03-08 19:06:15 DEBUG HibernateTest:85 - deleteAccountDebitAccount
2021-03-08 19:06:15 DEBUG HibernateTest:34 - insertDebitAccount
2021-03-08 19:07:03 DEBUG HibernateTest:76 - deleteAccountCreditAccount
2021-03-08 19:07:03 DEBUG HibernateTest:22 - insertCreditAccount
2021-03-08 19:07:05 ERROR HibernateDataProvider:61 - java.lang.IllegalArgumentException: org.hibernate.hql.internal.ast.QuerySyntaxException: LAB3_CreditAccount is not mapped [from LAB3_CreditAccount]
2021-03-08 19:07:36 DEBUG HibernateTest:76 - deleteAccountCreditAccount
2021-03-08 19:07:36 DEBUG HibernateTest:22 - insertCreditAccount
2021-03-08 19:07:38 ERROR HibernateDataProvider:61 - java.lang.IllegalArgumentException: org.hibernate.hql.internal.ast.QuerySyntaxException: LAB3_CreditAccount is not mapped [from LAB3_CreditAccount]
2021-03-08 19:08:19 DEBUG HibernateTest:76 - deleteAccountCreditAccount
2021-03-08 19:08:19 DEBUG HibernateTest:22 - insertCreditAccount
2021-03-08 19:08:20 DEBUG HibernateTest:78 - ------------------------------------------------------------------------------------
2021-03-08 19:08:20 ERROR HibernateDataProvider:61 - java.lang.IllegalArgumentException: org.hibernate.hql.internal.ast.QuerySyntaxException: LAB3_CreditAccount is not mapped [from LAB3_CreditAccount]
2021-03-08 19:09:07 DEBUG HibernateTest:76 - deleteAccountCreditAccount
2021-03-08 19:09:07 DEBUG HibernateTest:22 - insertCreditAccount
2021-03-08 19:09:13 DEBUG HibernateTest:76 - deleteAccountCreditAccount
2021-03-08 19:09:13 DEBUG HibernateTest:22 - insertCreditAccount
2021-03-08 19:09:15 DEBUG HibernateTest:60 - deleteAccountCreditAccount
2021-03-08 19:09:15 DEBUG HibernateTest:22 - insertCreditAccount
2021-03-08 19:09:15 DEBUG HibernateTest:53 - selectAllDebitAccount
2021-03-08 19:09:15 DEBUG HibernateTest:34 - insertDebitAccount
2021-03-08 19:09:15 INFO  HibernateTest:55 - Optional[[DebitAccount{id=3owner=Ownerbalance=123.00interestRate=3.00overdraftFee=500.00}]]
2021-03-08 19:09:15 DEBUG HibernateTest:34 - insertDebitAccount
2021-03-08 19:09:15 DEBUG HibernateTest:68 - deleteAccountDebitAccount
2021-03-08 19:09:15 DEBUG HibernateTest:34 - insertDebitAccount
2021-03-08 19:09:15 DEBUG HibernateTest:46 - selectAllCreditAccount
2021-03-08 19:09:15 DEBUG HibernateTest:22 - insertCreditAccount
2021-03-08 19:09:15 INFO  HibernateTest:48 - Optional[[CreditAccount{id=2owner=Ownerbalance=123.00interestRate=3.00creditLimit=500.00}, CreditAccount{id=6owner=Ownerbalance=123.00interestRate=3.00creditLimit=500.00}]]
2021-03-08 19:09:15 DEBUG HibernateTest:22 - insertCreditAccount
2021-03-08 19:09:15 DEBUG HibernateTest:85 - deleteAccountDebitAccount
2021-03-08 19:09:15 DEBUG HibernateTest:34 - insertDebitAccount
2021-03-08 19:09:38 DEBUG HibernateTest:76 - deleteAccountCreditAccount
2021-03-08 19:09:38 DEBUG HibernateTest:22 - insertCreditAccount
2021-03-08 19:09:39 DEBUG HibernateTest:60 - deleteAccountCreditAccount
2021-03-08 19:09:39 DEBUG HibernateTest:22 - insertCreditAccount
2021-03-08 19:09:39 DEBUG HibernateTest:53 - selectAllDebitAccount
2021-03-08 19:09:39 DEBUG HibernateTest:34 - insertDebitAccount
2021-03-08 19:09:39 INFO  HibernateTest:55 - Optional[[DebitAccount{id=1owner=Ownerbalance=123.00interestRate=3.00overdraftFee=500.00}]]
2021-03-08 19:09:39 DEBUG HibernateTest:34 - insertDebitAccount
2021-03-08 19:09:39 DEBUG HibernateTest:68 - deleteAccountDebitAccount
2021-03-08 19:09:39 DEBUG HibernateTest:34 - insertDebitAccount
2021-03-08 19:09:39 DEBUG HibernateTest:46 - selectAllCreditAccount
2021-03-08 19:09:39 DEBUG HibernateTest:22 - insertCreditAccount
2021-03-08 19:09:39 INFO  HibernateTest:48 - Optional[[CreditAccount{id=2owner=Ownerbalance=123.00interestRate=3.00creditLimit=500.00}, CreditAccount{id=3owner=Ownerbalance=123.00interestRate=3.00creditLimit=500.00}]]
2021-03-08 19:09:39 DEBUG HibernateTest:22 - insertCreditAccount
2021-03-08 19:09:39 DEBUG HibernateTest:85 - deleteAccountDebitAccount
2021-03-08 19:09:39 DEBUG HibernateTest:34 - insertDebitAccount
2021-03-08 19:10:25 DEBUG SetTests:55 - start test selectAllUsers
2021-03-08 19:10:25 DEBUG SetTests:44 - start test insertUser
2021-03-08 19:10:26 DEBUG SetTests:62 - start test deleteUsers
2021-03-08 19:10:26 DEBUG SetTests:44 - start test insertUser
2021-03-08 19:10:26 DEBUG SetTests:70 - start test updateUsers
2021-03-08 19:10:26 DEBUG SetTests:44 - start test insertUser
2021-03-08 19:10:26 DEBUG SetTests:44 - start test insertUser
2021-03-08 21:15:53 DEBUG SetTests:27 - start test insertUser
2021-03-08 21:15:59 DEBUG SetTests:38 - start test selectAllUsers
2021-03-08 21:15:59 DEBUG SetTests:27 - start test insertUser
2021-03-08 21:16:34 DEBUG SetTests:38 - start test selectAllUsers
2021-03-08 21:16:34 DEBUG SetTests:27 - start test insertUser
2021-03-08 21:16:35 ERROR HibernateDataProvider:44 - org.hibernate.MappingException: Unknown entity: ru.sfedu.deals.lab4.set.User
2021-03-08 21:16:57 DEBUG SetTests:38 - start test selectAllUsers
2021-03-08 21:16:57 DEBUG SetTests:27 - start test insertUser
2021-03-08 21:18:11 DEBUG SetTests:38 - start test selectAllUsers
2021-03-08 21:18:11 DEBUG SetTests:27 - start test insertUser
2021-03-08 21:18:12 ERROR HibernateDataProvider:44 - org.hibernate.MappingException: Unknown entity: ru.sfedu.deals.lab4.list.User
2021-03-08 21:18:30 DEBUG SetTests:38 - start test selectAllUsers
2021-03-08 21:18:30 DEBUG SetTests:27 - start test insertUser
2021-03-09 09:53:32 DEBUG Tests:182 - Start test: selectAllCompanies
2021-03-09 09:53:32 DEBUG Tests:177 - Start test: insertCompany
2021-03-09 09:53:32 DEBUG HQLProvider:156 - Company{id='null', deals=[Deal{id=null, name='Продажа квартиры', description='Продается квартира 25 кв м в новостройке', address=Address{id=0, city='Ростов-на-Дону', region='Южный', district='Ростовсая область'}, owner=User{id=null, address=Address{id=0, city='Москва', region='Центральный', district='Московская область'}, name='Иван', phone='895615156413'}, dealType=SALE, object=BUILDING, model=PUBLIC, created_at=Tue Mar 09 09:53:32 MSK 2021, price='314123123'}], employees=[User{id=null, address=Address{id=0, city='Москва', region='Центральный', district='Московская область'}, name='Иван', phone='895615156413'}]}
2021-03-09 09:53:46 DEBUG Tests:182 - Start test: selectAllCompanies
2021-03-09 09:53:46 DEBUG Tests:177 - Start test: insertCompany
2021-03-09 09:53:47 DEBUG HQLProvider:156 - Company{id='null', deals=[Deal{id=null, name='Продажа квартиры', description='Продается квартира 25 кв м в новостройке', address=Address{id=0, city='Ростов-на-Дону', region='Южный', district='Ростовсая область'}, owner=User{id=null, address=Address{id=0, city='Москва', region='Центральный', district='Московская область'}, name='Иван', phone='895615156413'}, dealType=SALE, object=BUILDING, model=PUBLIC, created_at=Tue Mar 09 09:53:46 MSK 2021, price='314123123'}], employees=[User{id=null, address=Address{id=0, city='Москва', region='Центральный', district='Московская область'}, name='Иван', phone='895615156413'}]}
2021-03-09 09:54:02 DEBUG Tests:182 - Start test: selectAllCompanies
2021-03-09 09:54:02 DEBUG Tests:177 - Start test: insertCompany
2021-03-09 09:54:02 DEBUG HQLProvider:156 - Company{id='null', deals=[Deal{id=null, name='Продажа квартиры', description='Продается квартира 25 кв м в новостройке', address=Address{id=0, city='Ростов-на-Дону', region='Южный', district='Ростовсая область'}, owner=User{id=null, address=Address{id=0, city='Москва', region='Центральный', district='Московская область'}, name='Иван', phone='895615156413'}, dealType=SALE, object=BUILDING, model=PUBLIC, created_at=Tue Mar 09 09:54:02 MSK 2021, price='314123123'}], employees=[User{id=null, address=Address{id=0, city='Москва', region='Центральный', district='Московская область'}, name='Иван', phone='895615156413'}]}
2021-03-09 09:54:42 DEBUG Tests:182 - Start test: selectAllCompanies
2021-03-09 09:54:42 DEBUG Tests:177 - Start test: insertCompany
2021-03-09 09:54:42 DEBUG HQLProvider:156 - Company{id='null', deals=[Deal{id=null, name='Продажа квартиры', description='Продается квартира 25 кв м в новостройке', address=Address{id=0, city='Ростов-на-Дону', region='Южный', district='Ростовсая область'}, owner=User{id=null, address=Address{id=0, city='Москва', region='Центральный', district='Московская область'}, name='Иван', phone='895615156413'}, dealType=SALE, object=BUILDING, model=PUBLIC, created_at=Tue Mar 09 09:54:42 MSK 2021, price='314123123'}], employees=[User{id=null, address=Address{id=0, city='Москва', region='Центральный', district='Московская область'}, name='Иван', phone='895615156413'}]}
2021-03-09 09:54:43 DEBUG HQLProvider:41 - [Company{id='1', deals=[Deal{id=1, name='Продажа квартиры', description='Продается квартира 25 кв м в новостройке', address=Address{id=1, city='Ростов-на-Дону', region='Южный', district='Ростовсая область'}, owner=User{id=1, address=Address{id=2, city='Москва', region='Центральный', district='Московская область'}, name='Иван', phone='895615156413'}, dealType=SALE, object=BUILDING, model=PUBLIC, created_at=2021-03-09 09:54:42.082, price='314123123'}], employees=[User{id=2, address=Address{id=3, city='Москва', region='Центральный', district='Московская область'}, name='Иван', phone='895615156413'}]}]
2021-03-09 09:54:43 DEBUG Tests:185 - Company{id='1', deals=[Deal{id=1, name='Продажа квартиры', description='Продается квартира 25 кв м в новостройке', address=Address{id=1, city='Ростов-на-Дону', region='Южный', district='Ростовсая область'}, owner=User{id=1, address=Address{id=2, city='Москва', region='Центральный', district='Московская область'}, name='Иван', phone='895615156413'}, dealType=SALE, object=BUILDING, model=PUBLIC, created_at=2021-03-09 09:54:42.082, price='314123123'}], employees=[User{id=2, address=Address{id=3, city='Москва', region='Центральный', district='Московская область'}, name='Иван', phone='895615156413'}]}
2021-03-09 10:21:49 DEBUG Tests:177 - Start test: insertCompany
2021-03-09 10:21:49 DEBUG HQLProvider:156 - Company{id='null', deals=[Deal{id=null, name='Продажа квартиры', description='Продается квартира 25 кв м в новостройке', address=Address{id=0, city='Ростов-на-Дону', region='Южный', district='Ростовсая область'}, owner=User{id=null, address=Address{id=0, city='Москва', region='Центральный', district='Московская область'}, name='Иван', phone='895615156413'}, dealType=SALE, object=BUILDING, model=PUBLIC, created_at=Tue Mar 09 10:21:49 MSK 2021, price='314123123'}], employees=[User{id=null, address=Address{id=0, city='Москва', region='Центральный', district='Московская область'}, name='Иван', phone='895615156413'}]}
2021-03-09 10:21:54 DEBUG Tests:182 - Start test: selectAllCompanies
2021-03-09 10:21:54 DEBUG Tests:177 - Start test: insertCompany
2021-03-09 10:21:54 DEBUG HQLProvider:156 - Company{id='null', deals=[Deal{id=null, name='Продажа квартиры', description='Продается квартира 25 кв м в новостройке', address=Address{id=0, city='Ростов-на-Дону', region='Южный', district='Ростовсая область'}, owner=User{id=null, address=Address{id=0, city='Москва', region='Центральный', district='Московская область'}, name='Иван', phone='895615156413'}, dealType=SALE, object=BUILDING, model=PUBLIC, created_at=Tue Mar 09 10:21:54 MSK 2021, price='314123123'}], employees=[User{id=null, address=Address{id=0, city='Москва', region='Центральный', district='Московская область'}, name='Иван', phone='895615156413'}]}
2021-03-09 10:21:56 DEBUG Tests:185 - Company{id='1', deals=[Deal{id=1, name='Продажа квартиры', description='Продается квартира 25 кв м в новостройке', address=Address{id=1, city='Ростов-на-Дону', region='Южный', district='Ростовсая область'}, owner=User{id=1, address=Address{id=2, city='Москва', region='Центральный', district='Московская область'}, name='Иван', phone='895615156413'}, dealType=SALE, object=BUILDING, model=PUBLIC, created_at=2021-03-09 10:21:54.468, price='314123123'}], employees=[User{id=2, address=Address{id=3, city='Москва', region='Центральный', district='Московская область'}, name='Иван', phone='895615156413'}]}
2021-03-09 10:22:10 DEBUG Tests:182 - Start test: selectAllCompanies
2021-03-09 10:22:10 DEBUG Tests:177 - Start test: insertCompany
2021-03-09 10:22:10 DEBUG HQLProvider:156 - Company{id='null', deals=[Deal{id=null, name='Продажа квартиры', description='Продается квартира 25 кв м в новостройке', address=Address{id=0, city='Ростов-на-Дону', region='Южный', district='Ростовсая область'}, owner=User{id=null, address=Address{id=0, city='Москва', region='Центральный', district='Московская область'}, name='Иван', phone='895615156413'}, dealType=SALE, object=BUILDING, model=PUBLIC, created_at=Tue Mar 09 10:22:10 MSK 2021, price='314123123'}], employees=[User{id=null, address=Address{id=0, city='Москва', region='Центральный', district='Московская область'}, name='Иван', phone='895615156413'}]}
2021-03-09 10:22:12 DEBUG NativeSQLProvider:102 - Company{id='1', deals=[Deal{id=1, name='Продажа квартиры', description='Продается квартира 25 кв м в новостройке', address=Address{id=1, city='Ростов-на-Дону', region='Южный', district='Ростовсая область'}, owner=User{id=1, address=Address{id=2, city='Москва', region='Центральный', district='Московская область'}, name='Иван', phone='895615156413'}, dealType=SALE, object=BUILDING, model=PUBLIC, created_at=2021-03-09 10:22:10.598, price='314123123'}], employees=[User{id=2, address=Address{id=3, city='Москва', region='Центральный', district='Московская область'}, name='Иван', phone='895615156413'}]}
2021-03-09 10:22:12 DEBUG Tests:185 - Company{id='1', deals=[Deal{id=1, name='Продажа квартиры', description='Продается квартира 25 кв м в новостройке', address=Address{id=1, city='Ростов-на-Дону', region='Южный', district='Ростовсая область'}, owner=User{id=1, address=Address{id=2, city='Москва', region='Центральный', district='Московская область'}, name='Иван', phone='895615156413'}, dealType=SALE, object=BUILDING, model=PUBLIC, created_at=2021-03-09 10:22:10.598, price='314123123'}], employees=[User{id=2, address=Address{id=3, city='Москва', region='Центральный', district='Московская область'}, name='Иван', phone='895615156413'}]}
2021-03-09 10:22:21 DEBUG Tests:182 - Start test: selectAllCompanies
2021-03-09 10:22:21 DEBUG Tests:177 - Start test: insertCompany
2021-03-09 10:22:21 DEBUG HQLProvider:156 - Company{id='null', deals=[Deal{id=null, name='Продажа квартиры', description='Продается квартира 25 кв м в новостройке', address=Address{id=0, city='Ростов-на-Дону', region='Южный', district='Ростовсая область'}, owner=User{id=null, address=Address{id=0, city='Москва', region='Центральный', district='Московская область'}, name='Иван', phone='895615156413'}, dealType=SALE, object=BUILDING, model=PUBLIC, created_at=Tue Mar 09 10:22:21 MSK 2021, price='314123123'}], employees=[User{id=null, address=Address{id=0, city='Москва', region='Центральный', district='Московская область'}, name='Иван', phone='895615156413'}]}
2021-03-09 10:22:23 DEBUG HQLProvider:41 - [Company{id='1', deals=[Deal{id=1, name='Продажа квартиры', description='Продается квартира 25 кв м в новостройке', address=Address{id=1, city='Ростов-на-Дону', region='Южный', district='Ростовсая область'}, owner=User{id=1, address=Address{id=2, city='Москва', region='Центральный', district='Московская область'}, name='Иван', phone='895615156413'}, dealType=SALE, object=BUILDING, model=PUBLIC, created_at=2021-03-09 10:22:21.677, price='314123123'}], employees=[User{id=2, address=Address{id=3, city='Москва', region='Центральный', district='Московская область'}, name='Иван', phone='895615156413'}]}]
2021-03-09 10:22:23 DEBUG Tests:185 - Company{id='1', deals=[Deal{id=1, name='Продажа квартиры', description='Продается квартира 25 кв м в новостройке', address=Address{id=1, city='Ростов-на-Дону', region='Южный', district='Ростовсая область'}, owner=User{id=1, address=Address{id=2, city='Москва', region='Центральный', district='Московская область'}, name='Иван', phone='895615156413'}, dealType=SALE, object=BUILDING, model=PUBLIC, created_at=2021-03-09 10:22:21.677, price='314123123'}], employees=[User{id=2, address=Address{id=3, city='Москва', region='Центральный', district='Московская область'}, name='Иван', phone='895615156413'}]}
2021-03-09 10:23:22 DEBUG Tests:195 - Start test: updateCompany
2021-03-09 10:23:22 DEBUG Tests:177 - Start test: insertCompany
2021-03-09 10:23:22 DEBUG HQLProvider:156 - Company{id='null', deals=[Deal{id=null, name='Продажа квартиры', description='Продается квартира 25 кв м в новостройке', address=Address{id=0, city='Ростов-на-Дону', region='Южный', district='Ростовсая область'}, owner=User{id=null, address=Address{id=0, city='Москва', region='Центральный', district='Московская область'}, name='Иван', phone='895615156413'}, dealType=SALE, object=BUILDING, model=PUBLIC, created_at=Tue Mar 09 10:23:22 MSK 2021, price='314123123'}], employees=[User{id=null, address=Address{id=0, city='Москва', region='Центральный', district='Московская область'}, name='Иван', phone='895615156413'}]}
2021-03-09 10:23:24 DEBUG Tests:177 - Start test: insertCompany
2021-03-09 10:23:24 DEBUG HQLProvider:156 - Company{id='null', deals=[Deal{id=null, name='Продажа квартиры', description='Продается квартира 25 кв м в новостройке', address=Address{id=0, city='Ростов-на-Дону', region='Южный', district='Ростовсая область'}, owner=User{id=null, address=Address{id=0, city='Москва', region='Центральный', district='Московская область'}, name='Иван', phone='895615156413'}, dealType=SALE, object=BUILDING, model=PUBLIC, created_at=Tue Mar 09 10:23:24 MSK 2021, price='314123123'}], employees=[User{id=null, address=Address{id=0, city='Москва', region='Центральный', district='Московская область'}, name='Иван', phone='895615156413'}]}
2021-03-09 10:23:24 ERROR HQLProvider:113 - org.hibernate.HibernateException: Illegal attempt to associate a collection with two open sessions. Collection : [ru.sfedu.deals.lab5.Company.deals#1]
Collection contents: [[Deal{id=1, name='Продажа квартиры', description='Продается квартира 25 кв м в новостройке', address=Address{id=1, city='Ростов-на-Дону', region='Южный', district='Ростовсая область'}, owner=User{id=1, address=Address{id=2, city='Москва', region='Центральный', district='Московская область'}, name='Иван', phone='895615156413'}, dealType=SALE, object=BUILDING, model=PUBLIC, created_at=2021-03-09 10:23:22.825, price='314123123'}, Deal{id=null, name='Продажа квартиры', description='Продается квартира 25 кв м в новостройке', address=Address{id=0, city='Ростов-на-Дону', region='Южный', district='Ростовсая область'}, owner=User{id=null, address=Address{id=0, city='Москва', region='Центральный', district='Московская область'}, name='Иван', phone='895615156413'}, dealType=SALE, object=BUILDING, model=PUBLIC, created_at=Tue Mar 09 10:23:24 MSK 2021, price='314123123'}]]
2021-03-09 10:23:24 DEBUG Tests:177 - Start test: insertCompany
2021-03-09 10:23:24 DEBUG HQLProvider:156 - Company{id='null', deals=[Deal{id=null, name='Продажа квартиры', description='Продается квартира 25 кв м в новостройке', address=Address{id=0, city='Ростов-на-Дону', region='Южный', district='Ростовсая область'}, owner=User{id=null, address=Address{id=0, city='Москва', region='Центральный', district='Московская область'}, name='Иван', phone='895615156413'}, dealType=SALE, object=BUILDING, model=PUBLIC, created_at=Tue Mar 09 10:23:24 MSK 2021, price='314123123'}], employees=[User{id=null, address=Address{id=0, city='Москва', region='Центральный', district='Московская область'}, name='Иван', phone='895615156413'}]}
2021-03-09 10:23:24 DEBUG Tests:182 - Start test: selectAllCompanies
2021-03-09 10:23:24 DEBUG Tests:177 - Start test: insertCompany
2021-03-09 10:23:24 DEBUG HQLProvider:156 - Company{id='null', deals=[Deal{id=null, name='Продажа квартиры', description='Продается квартира 25 кв м в новостройке', address=Address{id=0, city='Ростов-на-Дону', region='Южный', district='Ростовсая область'}, owner=User{id=null, address=Address{id=0, city='Москва', region='Центральный', district='Московская область'}, name='Иван', phone='895615156413'}, dealType=SALE, object=BUILDING, model=PUBLIC, created_at=Tue Mar 09 10:23:24 MSK 2021, price='314123123'}], employees=[User{id=null, address=Address{id=0, city='Москва', region='Центральный', district='Московская область'}, name='Иван', phone='895615156413'}]}
2021-03-09 10:23:24 DEBUG Tests:185 - Company{id='1', deals=[Deal{id=1, name='Продажа квартиры', description='Продается квартира 25 кв м в новостройке', address=Address{id=1, city='Ростов-на-Дону', region='Южный', district='Ростовсая область'}, owner=User{id=1, address=Address{id=2, city='Москва', region='Центральный', district='Московская область'}, name='Иван', phone='895615156413'}, dealType=SALE, object=BUILDING, model=PUBLIC, created_at=2021-03-09 10:23:22.825, price='314123123'}], employees=[User{id=2, address=Address{id=3, city='Москва', region='Центральный', district='Московская область'}, name='Иван', phone='895615156413'}]}
2021-03-09 10:23:24 DEBUG Tests:190 - Start test: deleteCompany
2021-03-09 10:23:24 DEBUG Tests:177 - Start test: insertCompany
2021-03-09 10:23:24 DEBUG HQLProvider:156 - Company{id='null', deals=[Deal{id=null, name='Продажа квартиры', description='Продается квартира 25 кв м в новостройке', address=Address{id=0, city='Ростов-на-Дону', region='Южный', district='Ростовсая область'}, owner=User{id=null, address=Address{id=0, city='Москва', region='Центральный', district='Московская область'}, name='Иван', phone='895615156413'}, dealType=SALE, object=BUILDING, model=PUBLIC, created_at=Tue Mar 09 10:23:24 MSK 2021, price='314123123'}], employees=[User{id=null, address=Address{id=0, city='Москва', region='Центральный', district='Московская область'}, name='Иван', phone='895615156413'}]}
2021-03-09 10:23:24 ERROR HQLProvider:63 - javax.persistence.PersistenceException: org.hibernate.HibernateException: Illegal attempt to associate a collection with two open sessions. Collection : [ru.sfedu.deals.lab5.Company.deals#1]
Collection contents: [<uninitialized>]
2021-03-09 10:24:38 DEBUG Tests:177 - Start test: insertCompany
2021-03-09 10:24:38 DEBUG HQLProvider:156 - Company{id='null', deals=[Deal{id=null, name='Продажа квартиры', description='Продается квартира 25 кв м в новостройке', address=Address{id=0, city='Ростов-на-Дону', region='Южный', district='Ростовсая область'}, owner=User{id=null, address=Address{id=0, city='Москва', region='Центральный', district='Московская область'}, name='Иван', phone='895615156413'}, dealType=SALE, object=BUILDING, model=PUBLIC, created_at=Tue Mar 09 10:24:38 MSK 2021, price='314123123'}], employees=[User{id=null, address=Address{id=0, city='Москва', region='Центральный', district='Московская область'}, name='Иван', phone='895615156413'}]}
2021-03-09 10:25:18 DEBUG Tests:190 - Start test: deleteCompany
2021-03-09 10:25:18 DEBUG Tests:177 - Start test: insertCompany
2021-03-09 10:25:19 DEBUG HQLProvider:156 - Company{id='null', deals=[Deal{id=null, name='Продажа квартиры', description='Продается квартира 25 кв м в новостройке', address=Address{id=0, city='Ростов-на-Дону', region='Южный', district='Ростовсая область'}, owner=User{id=null, address=Address{id=0, city='Москва', region='Центральный', district='Московская область'}, name='Иван', phone='895615156413'}, dealType=SALE, object=BUILDING, model=PUBLIC, created_at=Tue Mar 09 10:25:18 MSK 2021, price='314123123'}], employees=[User{id=null, address=Address{id=0, city='Москва', region='Центральный', district='Московская область'}, name='Иван', phone='895615156413'}]}
2021-03-09 10:25:20 ERROR HQLProvider:63 - javax.persistence.PersistenceException: org.hibernate.HibernateException: Illegal attempt to associate a collection with two open sessions. Collection : [ru.sfedu.deals.lab5.Company.deals#1]
Collection contents: [<uninitialized>]
2021-03-09 10:25:45 DEBUG Tests:195 - Start test: updateCompany
2021-03-09 10:25:45 DEBUG Tests:177 - Start test: insertCompany
2021-03-09 10:25:45 DEBUG HQLProvider:156 - Company{id='null', deals=[Deal{id=null, name='Продажа квартиры', description='Продается квартира 25 кв м в новостройке', address=Address{id=0, city='Ростов-на-Дону', region='Южный', district='Ростовсая область'}, owner=User{id=null, address=Address{id=0, city='Москва', region='Центральный', district='Московская область'}, name='Иван', phone='895615156413'}, dealType=SALE, object=BUILDING, model=PUBLIC, created_at=Tue Mar 09 10:25:45 MSK 2021, price='314123123'}], employees=[User{id=null, address=Address{id=0, city='Москва', region='Центральный', district='Московская область'}, name='Иван', phone='895615156413'}]}
2021-03-09 10:25:46 DEBUG Tests:177 - Start test: insertCompany
2021-03-09 10:25:46 DEBUG HQLProvider:156 - Company{id='null', deals=[Deal{id=null, name='Продажа квартиры', description='Продается квартира 25 кв м в новостройке', address=Address{id=0, city='Ростов-на-Дону', region='Южный', district='Ростовсая область'}, owner=User{id=null, address=Address{id=0, city='Москва', region='Центральный', district='Московская область'}, name='Иван', phone='895615156413'}, dealType=SALE, object=BUILDING, model=PUBLIC, created_at=Tue Mar 09 10:25:46 MSK 2021, price='314123123'}], employees=[User{id=null, address=Address{id=0, city='Москва', region='Центральный', district='Московская область'}, name='Иван', phone='895615156413'}]}
2021-03-09 10:25:47 ERROR HQLProvider:113 - org.hibernate.HibernateException: Illegal attempt to associate a collection with two open sessions. Collection : [ru.sfedu.deals.lab5.Company.deals#1]
Collection contents: [[Deal{id=1, name='Продажа квартиры', description='Продается квартира 25 кв м в новостройке', address=Address{id=1, city='Ростов-на-Дону', region='Южный', district='Ростовсая область'}, owner=User{id=1, address=Address{id=2, city='Москва', region='Центральный', district='Московская область'}, name='Иван', phone='895615156413'}, dealType=SALE, object=BUILDING, model=PUBLIC, created_at=2021-03-09 10:25:45.13, price='314123123'}, Deal{id=null, name='Продажа квартиры', description='Продается квартира 25 кв м в новостройке', address=Address{id=0, city='Ростов-на-Дону', region='Южный', district='Ростовсая область'}, owner=User{id=null, address=Address{id=0, city='Москва', region='Центральный', district='Московская область'}, name='Иван', phone='895615156413'}, dealType=SALE, object=BUILDING, model=PUBLIC, created_at=Tue Mar 09 10:25:46 MSK 2021, price='314123123'}]]
2021-03-09 10:33:23 DEBUG Tests:190 - Start test: deleteCompany
2021-03-09 10:33:23 DEBUG Tests:177 - Start test: insertCompany
2021-03-09 10:33:23 DEBUG HQLProvider:156 - Company{id='null', deals=[Deal{id=null, name='Продажа квартиры', description='Продается квартира 25 кв м в новостройке', address=Address{id=0, city='Ростов-на-Дону', region='Южный', district='Ростовсая область'}, owner=User{id=null, address=Address{id=0, city='Москва', region='Центральный', district='Московская область'}, name='Иван', phone='895615156413'}, dealType=SALE, object=BUILDING, model=PUBLIC, created_at=Tue Mar 09 10:33:23 MSK 2021, price='314123123'}], employees=[User{id=null, address=Address{id=0, city='Москва', region='Центральный', district='Московская область'}, name='Иван', phone='895615156413'}]}
2021-03-09 10:33:38 DEBUG Tests:190 - Start test: deleteCompany
2021-03-09 10:33:38 DEBUG Tests:177 - Start test: insertCompany
2021-03-09 10:33:38 DEBUG HQLProvider:156 - Company{id='null', deals=[Deal{id=null, name='Продажа квартиры', description='Продается квартира 25 кв м в новостройке', address=Address{id=0, city='Ростов-на-Дону', region='Южный', district='Ростовсая область'}, owner=User{id=null, address=Address{id=0, city='Москва', region='Центральный', district='Московская область'}, name='Иван', phone='895615156413'}, dealType=SALE, object=BUILDING, model=PUBLIC, created_at=Tue Mar 09 10:33:38 MSK 2021, price='314123123'}], employees=[User{id=null, address=Address{id=0, city='Москва', region='Центральный', district='Московская область'}, name='Иван', phone='895615156413'}]}
2021-03-09 10:33:40 DEBUG HQLProvider:41 - [Company{id='1', deals=[Deal{id=1, name='Продажа квартиры', description='Продается квартира 25 кв м в новостройке', address=Address{id=1, city='Ростов-на-Дону', region='Южный', district='Ростовсая область'}, owner=User{id=1, address=Address{id=2, city='Москва', region='Центральный', district='Московская область'}, name='Иван', phone='895615156413'}, dealType=SALE, object=BUILDING, model=PUBLIC, created_at=2021-03-09 10:33:38.525, price='314123123'}], employees=[User{id=2, address=Address{id=3, city='Москва', region='Центральный', district='Московская область'}, name='Иван', phone='895615156413'}]}]
2021-03-09 10:33:49 DEBUG Tests:195 - Start test: updateCompany
2021-03-09 10:33:49 DEBUG Tests:177 - Start test: insertCompany
2021-03-09 10:33:49 DEBUG HQLProvider:156 - Company{id='null', deals=[Deal{id=null, name='Продажа квартиры', description='Продается квартира 25 кв м в новостройке', address=Address{id=0, city='Ростов-на-Дону', region='Южный', district='Ростовсая область'}, owner=User{id=null, address=Address{id=0, city='Москва', region='Центральный', district='Московская область'}, name='Иван', phone='895615156413'}, dealType=SALE, object=BUILDING, model=PUBLIC, created_at=Tue Mar 09 10:33:49 MSK 2021, price='314123123'}], employees=[User{id=null, address=Address{id=0, city='Москва', region='Центральный', district='Московская область'}, name='Иван', phone='895615156413'}]}
2021-03-09 10:33:51 DEBUG Tests:177 - Start test: insertCompany
2021-03-09 10:33:51 DEBUG HQLProvider:156 - Company{id='null', deals=[Deal{id=null, name='Продажа квартиры', description='Продается квартира 25 кв м в новостройке', address=Address{id=0, city='Ростов-на-Дону', region='Южный', district='Ростовсая область'}, owner=User{id=null, address=Address{id=0, city='Москва', region='Центральный', district='Московская область'}, name='Иван', phone='895615156413'}, dealType=SALE, object=BUILDING, model=PUBLIC, created_at=Tue Mar 09 10:33:51 MSK 2021, price='314123123'}], employees=[User{id=null, address=Address{id=0, city='Москва', region='Центральный', district='Московская область'}, name='Иван', phone='895615156413'}]}
2021-03-09 10:33:51 DEBUG HQLProvider:41 - [Company{id='1', deals=[Deal{id=1, name='Продажа квартиры', description='Продается квартира 25 кв м в новостройке', address=Address{id=1, city='Ростов-на-Дону', region='Южный', district='Ростовсая область'}, owner=User{id=1, address=Address{id=2, city='Москва', region='Центральный', district='Московская область'}, name='Иван', phone='895615156413'}, dealType=SALE, object=BUILDING, model=PUBLIC, created_at=2021-03-09 10:33:49.577, price='314123123'}], employees=[User{id=2, address=Address{id=3, city='Москва', region='Центральный', district='Московская область'}, name='Иван', phone='895615156413'}]}, Company{id='2', deals=[Deal{id=2, name='Продажа квартиры', description='Продается квартира 25 кв м в новостройке', address=Address{id=4, city='Ростов-на-Дону', region='Южный', district='Ростовсая область'}, owner=User{id=3, address=Address{id=5, city='Москва', region='Центральный', district='Московская область'}, name='Иван', phone='895615156413'}, dealType=SALE, object=BUILDING, model=PUBLIC, created_at=2021-03-09 10:33:51.186, price='314123123'}], employees=[User{id=4, address=Address{id=6, city='Москва', region='Центральный', district='Московская область'}, name='Иван', phone='895615156413'}]}]
2021-03-09 10:34:06 DEBUG Tests:190 - Start test: deleteCompany
2021-03-09 10:34:06 DEBUG Tests:177 - Start test: insertCompany
2021-03-09 10:34:06 DEBUG HQLProvider:156 - Company{id='null', deals=[Deal{id=null, name='Продажа квартиры', description='Продается квартира 25 кв м в новостройке', address=Address{id=0, city='Ростов-на-Дону', region='Южный', district='Ростовсая область'}, owner=User{id=null, address=Address{id=0, city='Москва', region='Центральный', district='Московская область'}, name='Иван', phone='895615156413'}, dealType=SALE, object=BUILDING, model=PUBLIC, created_at=Tue Mar 09 10:34:06 MSK 2021, price='314123123'}], employees=[User{id=null, address=Address{id=0, city='Москва', region='Центральный', district='Московская область'}, name='Иван', phone='895615156413'}]}
2021-03-09 10:34:08 DEBUG HQLProvider:41 - [Company{id='1', deals=[Deal{id=1, name='Продажа квартиры', description='Продается квартира 25 кв м в новостройке', address=Address{id=1, city='Ростов-на-Дону', region='Южный', district='Ростовсая область'}, owner=User{id=1, address=Address{id=2, city='Москва', region='Центральный', district='Московская область'}, name='Иван', phone='895615156413'}, dealType=SALE, object=BUILDING, model=PUBLIC, created_at=2021-03-09 10:34:06.691, price='314123123'}], employees=[User{id=2, address=Address{id=3, city='Москва', region='Центральный', district='Московская область'}, name='Иван', phone='895615156413'}]}]
2021-03-09 10:34:17 DEBUG Tests:195 - Start test: updateCompany
2021-03-09 10:34:17 DEBUG Tests:177 - Start test: insertCompany
2021-03-09 10:34:17 DEBUG HQLProvider:156 - Company{id='null', deals=[Deal{id=null, name='Продажа квартиры', description='Продается квартира 25 кв м в новостройке', address=Address{id=0, city='Ростов-на-Дону', region='Южный', district='Ростовсая область'}, owner=User{id=null, address=Address{id=0, city='Москва', region='Центральный', district='Московская область'}, name='Иван', phone='895615156413'}, dealType=SALE, object=BUILDING, model=PUBLIC, created_at=Tue Mar 09 10:34:17 MSK 2021, price='314123123'}], employees=[User{id=null, address=Address{id=0, city='Москва', region='Центральный', district='Московская область'}, name='Иван', phone='895615156413'}]}
2021-03-09 10:34:19 DEBUG Tests:177 - Start test: insertCompany
2021-03-09 10:34:19 DEBUG HQLProvider:156 - Company{id='null', deals=[Deal{id=null, name='Продажа квартиры', description='Продается квартира 25 кв м в новостройке', address=Address{id=0, city='Ростов-на-Дону', region='Южный', district='Ростовсая область'}, owner=User{id=null, address=Address{id=0, city='Москва', region='Центральный', district='Московская область'}, name='Иван', phone='895615156413'}, dealType=SALE, object=BUILDING, model=PUBLIC, created_at=Tue Mar 09 10:34:19 MSK 2021, price='314123123'}], employees=[User{id=null, address=Address{id=0, city='Москва', region='Центральный', district='Московская область'}, name='Иван', phone='895615156413'}]}
2021-03-09 10:34:19 DEBUG HQLProvider:41 - [Company{id='1', deals=[Deal{id=1, name='Продажа квартиры', description='Продается квартира 25 кв м в новостройке', address=Address{id=1, city='Ростов-на-Дону', region='Южный', district='Ростовсая область'}, owner=User{id=1, address=Address{id=2, city='Москва', region='Центральный', district='Московская область'}, name='Иван', phone='895615156413'}, dealType=SALE, object=BUILDING, model=PUBLIC, created_at=2021-03-09 10:34:17.319, price='314123123'}], employees=[User{id=2, address=Address{id=3, city='Москва', region='Центральный', district='Московская область'}, name='Иван', phone='895615156413'}]}, Company{id='2', deals=[Deal{id=2, name='Продажа квартиры', description='Продается квартира 25 кв м в новостройке', address=Address{id=4, city='Ростов-на-Дону', region='Южный', district='Ростовсая область'}, owner=User{id=3, address=Address{id=5, city='Москва', region='Центральный', district='Московская область'}, name='Иван', phone='895615156413'}, dealType=SALE, object=BUILDING, model=PUBLIC, created_at=2021-03-09 10:34:19.112, price='314123123'}], employees=[User{id=4, address=Address{id=6, city='Москва', region='Центральный', district='Московская область'}, name='Иван', phone='895615156413'}]}]
2021-03-09 10:54:05 DEBUG Tests:195 - Start test: updateCompany
2021-03-09 10:54:05 DEBUG Tests:177 - Start test: insertCompany
2021-03-09 10:54:05 DEBUG HQLProvider:156 - Company{id='null', deals=[Deal{id=null, name='Продажа квартиры', description='Продается квартира 25 кв м в новостройке', address=Address{id=0, city='Ростов-на-Дону', region='Южный', district='Ростовсая область'}, owner=User{id=null, address=Address{id=0, city='Москва', region='Центральный', district='Московская область'}, name='Иван', phone='895615156413'}, dealType=SALE, object=BUILDING, model=PUBLIC, created_at=Tue Mar 09 10:54:05 MSK 2021, price='314123123'}], employees=[User{id=null, address=Address{id=0, city='Москва', region='Центральный', district='Московская область'}, name='Иван', phone='895615156413'}]}
2021-03-09 10:54:05 DEBUG Tests:177 - Start test: insertCompany
2021-03-09 10:54:05 DEBUG HQLProvider:156 - Company{id='null', deals=[Deal{id=null, name='Продажа квартиры', description='Продается квартира 25 кв м в новостройке', address=Address{id=0, city='Ростов-на-Дону', region='Южный', district='Ростовсая область'}, owner=User{id=null, address=Address{id=0, city='Москва', region='Центральный', district='Московская область'}, name='Иван', phone='895615156413'}, dealType=SALE, object=BUILDING, model=PUBLIC, created_at=Tue Mar 09 10:54:05 MSK 2021, price='314123123'}], employees=[User{id=null, address=Address{id=0, city='Москва', region='Центральный', district='Московская область'}, name='Иван', phone='895615156413'}]}
2021-03-09 10:54:05 DEBUG Tests:182 - Start test: selectAllCompanies
2021-03-09 10:54:05 DEBUG Tests:177 - Start test: insertCompany
2021-03-09 10:54:05 DEBUG HQLProvider:156 - Company{id='null', deals=[Deal{id=null, name='Продажа квартиры', description='Продается квартира 25 кв м в новостройке', address=Address{id=0, city='Ростов-на-Дону', region='Южный', district='Ростовсая область'}, owner=User{id=null, address=Address{id=0, city='Москва', region='Центральный', district='Московская область'}, name='Иван', phone='895615156413'}, dealType=SALE, object=BUILDING, model=PUBLIC, created_at=Tue Mar 09 10:54:05 MSK 2021, price='314123123'}], employees=[User{id=null, address=Address{id=0, city='Москва', region='Центральный', district='Московская область'}, name='Иван', phone='895615156413'}]}
2021-03-09 10:54:05 DEBUG Tests:190 - Start test: deleteCompany
2021-03-09 10:54:05 DEBUG Tests:177 - Start test: insertCompany
2021-03-09 10:54:05 DEBUG HQLProvider:156 - Company{id='null', deals=[Deal{id=null, name='Продажа квартиры', description='Продается квартира 25 кв м в новостройке', address=Address{id=0, city='Ростов-на-Дону', region='Южный', district='Ростовсая область'}, owner=User{id=null, address=Address{id=0, city='Москва', region='Центральный', district='Московская область'}, name='Иван', phone='895615156413'}, dealType=SALE, object=BUILDING, model=PUBLIC, created_at=Tue Mar 09 10:54:05 MSK 2021, price='314123123'}], employees=[User{id=null, address=Address{id=0, city='Москва', region='Центральный', district='Московская область'}, name='Иван', phone='895615156413'}]}
2021-03-09 10:54:16 DEBUG Tests:195 - Start test: updateCompany
2021-03-09 10:54:16 DEBUG Tests:177 - Start test: insertCompany
2021-03-09 10:54:16 DEBUG HQLProvider:156 - Company{id='null', deals=[Deal{id=null, name='Продажа квартиры', description='Продается квартира 25 кв м в новостройке', address=Address{id=0, city='Ростов-на-Дону', region='Южный', district='Ростовсая область'}, owner=User{id=null, address=Address{id=0, city='Москва', region='Центральный', district='Московская область'}, name='Иван', phone='895615156413'}, dealType=SALE, object=BUILDING, model=PUBLIC, created_at=Tue Mar 09 10:54:16 MSK 2021, price='314123123'}], employees=[User{id=null, address=Address{id=0, city='Москва', region='Центральный', district='Московская область'}, name='Иван', phone='895615156413'}]}
2021-03-09 10:54:18 DEBUG Tests:177 - Start test: insertCompany
2021-03-09 10:54:18 DEBUG HQLProvider:156 - Company{id='null', deals=[Deal{id=null, name='Продажа квартиры', description='Продается квартира 25 кв м в новостройке', address=Address{id=0, city='Ростов-на-Дону', region='Южный', district='Ростовсая область'}, owner=User{id=null, address=Address{id=0, city='Москва', region='Центральный', district='Московская область'}, name='Иван', phone='895615156413'}, dealType=SALE, object=BUILDING, model=PUBLIC, created_at=Tue Mar 09 10:54:18 MSK 2021, price='314123123'}], employees=[User{id=null, address=Address{id=0, city='Москва', region='Центральный', district='Московская область'}, name='Иван', phone='895615156413'}]}
2021-03-09 10:54:18 DEBUG HQLProvider:41 - [Company{id='1', deals=[Deal{id=1, name='Продажа квартиры', description='Продается квартира 25 кв м в новостройке', address=Address{id=1, city='Ростов-на-Дону', region='Южный', district='Ростовсая область'}, owner=User{id=1, address=Address{id=2, city='Москва', region='Центральный', district='Московская область'}, name='Иван', phone='895615156413'}, dealType=SALE, object=BUILDING, model=PUBLIC, created_at=2021-03-09 10:54:16.661, price='314123123'}], employees=[User{id=2, address=Address{id=3, city='Москва', region='Центральный', district='Московская область'}, name='Иван', phone='895615156413'}]}, Company{id='2', deals=[Deal{id=2, name='Продажа квартиры', description='Продается квартира 25 кв м в новостройке', address=Address{id=4, city='Ростов-на-Дону', region='Южный', district='Ростовсая область'}, owner=User{id=3, address=Address{id=5, city='Москва', region='Центральный', district='Московская область'}, name='Иван', phone='895615156413'}, dealType=SALE, object=BUILDING, model=PUBLIC, created_at=2021-03-09 10:54:18.296, price='314123123'}], employees=[User{id=4, address=Address{id=6, city='Москва', region='Центральный', district='Московская область'}, name='Иван', phone='895615156413'}]}]
2021-03-09 10:54:18 DEBUG Tests:177 - Start test: insertCompany
2021-03-09 10:54:18 DEBUG HQLProvider:156 - Company{id='null', deals=[Deal{id=null, name='Продажа квартиры', description='Продается квартира 25 кв м в новостройке', address=Address{id=0, city='Ростов-на-Дону', region='Южный', district='Ростовсая область'}, owner=User{id=null, address=Address{id=0, city='Москва', region='Центральный', district='Московская область'}, name='Иван', phone='895615156413'}, dealType=SALE, object=BUILDING, model=PUBLIC, created_at=Tue Mar 09 10:54:18 MSK 2021, price='314123123'}], employees=[User{id=null, address=Address{id=0, city='Москва', region='Центральный', district='Московская область'}, name='Иван', phone='895615156413'}]}
2021-03-09 10:54:18 DEBUG Tests:182 - Start test: selectAllCompanies
2021-03-09 10:54:18 DEBUG Tests:177 - Start test: insertCompany
2021-03-09 10:54:18 DEBUG HQLProvider:156 - Company{id='null', deals=[Deal{id=null, name='Продажа квартиры', description='Продается квартира 25 кв м в новостройке', address=Address{id=0, city='Ростов-на-Дону', region='Южный', district='Ростовсая область'}, owner=User{id=null, address=Address{id=0, city='Москва', region='Центральный', district='Московская область'}, name='Иван', phone='895615156413'}, dealType=SALE, object=BUILDING, model=PUBLIC, created_at=Tue Mar 09 10:54:18 MSK 2021, price='314123123'}], employees=[User{id=null, address=Address{id=0, city='Москва', region='Центральный', district='Московская область'}, name='Иван', phone='895615156413'}]}
2021-03-09 10:54:18 DEBUG HQLProvider:41 - [Company{id='1', deals=[Deal{id=1, name='Продажа квартиры', description='Продается квартира 25 кв м в новостройке', address=Address{id=1, city='Ростов-на-Дону', region='Южный', district='Ростовсая область'}, owner=User{id=1, address=Address{id=2, city='Москва', region='Центральный', district='Московская область'}, name='Иван', phone='895615156413'}, dealType=SALE, object=BUILDING, model=PUBLIC, created_at=2021-03-09 10:54:16.661, price='314123123'}, Deal{id=3, name='Продажа квартиры', description='Продается квартира 25 кв м в новостройке', address=Address{id=7, city='Ростов-на-Дону', region='Южный', district='Ростовсая область'}, owner=User{id=5, address=Address{id=8, city='Москва', region='Центральный', district='Московская область'}, name='Иван', phone='895615156413'}, dealType=SALE, object=BUILDING, model=PUBLIC, created_at=2021-03-09 10:54:18.399, price='314123123'}], employees=[User{id=2, address=Address{id=3, city='Москва', region='Центральный', district='Московская область'}, name='Иван', phone='895615156413'}]}, Company{id='2', deals=[Deal{id=2, name='Продажа квартиры', description='Продается квартира 25 кв м в новостройке', address=Address{id=4, city='Ростов-на-Дону', region='Южный', district='Ростовсая область'}, owner=User{id=3, address=Address{id=5, city='Москва', region='Центральный', district='Московская область'}, name='Иван', phone='895615156413'}, dealType=SALE, object=BUILDING, model=PUBLIC, created_at=2021-03-09 10:54:18.296, price='314123123'}], employees=[User{id=4, address=Address{id=6, city='Москва', region='Центральный', district='Московская область'}, name='Иван', phone='895615156413'}]}, Company{id='3', deals=[Deal{id=4, name='Продажа квартиры', description='Продается квартира 25 кв м в новостройке', address=Address{id=9, city='Ростов-на-Дону', region='Южный', district='Ростовсая область'}, owner=User{id=6, address=Address{id=10, city='Москва', region='Центральный', district='Московская область'}, name='Иван', phone='895615156413'}, dealType=SALE, object=BUILDING, model=PUBLIC, created_at=2021-03-09 10:54:18.417, price='314123123'}], employees=[User{id=7, address=Address{id=11, city='Москва', region='Центральный', district='Московская область'}, name='Иван', phone='895615156413'}]}, Company{id='4', deals=[Deal{id=5, name='Продажа квартиры', description='Продается квартира 25 кв м в новостройке', address=Address{id=12, city='Ростов-на-Дону', region='Южный', district='Ростовсая область'}, owner=User{id=8, address=Address{id=13, city='Москва', region='Центральный', district='Московская область'}, name='Иван', phone='895615156413'}, dealType=SALE, object=BUILDING, model=PUBLIC, created_at=2021-03-09 10:54:18.425, price='314123123'}], employees=[User{id=9, address=Address{id=14, city='Москва', region='Центральный', district='Московская область'}, name='Иван', phone='895615156413'}]}]
2021-03-09 10:54:18 DEBUG Tests:185 - Company{id='1', deals=[Deal{id=1, name='Продажа квартиры', description='Продается квартира 25 кв м в новостройке', address=Address{id=1, city='Ростов-на-Дону', region='Южный', district='Ростовсая область'}, owner=User{id=1, address=Address{id=2, city='Москва', region='Центральный', district='Московская область'}, name='Иван', phone='895615156413'}, dealType=SALE, object=BUILDING, model=PUBLIC, created_at=2021-03-09 10:54:16.661, price='314123123'}, Deal{id=3, name='Продажа квартиры', description='Продается квартира 25 кв м в новостройке', address=Address{id=7, city='Ростов-на-Дону', region='Южный', district='Ростовсая область'}, owner=User{id=5, address=Address{id=8, city='Москва', region='Центральный', district='Московская область'}, name='Иван', phone='895615156413'}, dealType=SALE, object=BUILDING, model=PUBLIC, created_at=2021-03-09 10:54:18.399, price='314123123'}], employees=[User{id=2, address=Address{id=3, city='Москва', region='Центральный', district='Московская область'}, name='Иван', phone='895615156413'}]}
2021-03-09 10:54:18 DEBUG Tests:190 - Start test: deleteCompany
2021-03-09 10:54:18 DEBUG Tests:177 - Start test: insertCompany
2021-03-09 10:54:18 DEBUG HQLProvider:156 - Company{id='null', deals=[Deal{id=null, name='Продажа квартиры', description='Продается квартира 25 кв м в новостройке', address=Address{id=0, city='Ростов-на-Дону', region='Южный', district='Ростовсая область'}, owner=User{id=null, address=Address{id=0, city='Москва', region='Центральный', district='Московская область'}, name='Иван', phone='895615156413'}, dealType=SALE, object=BUILDING, model=PUBLIC, created_at=Tue Mar 09 10:54:18 MSK 2021, price='314123123'}], employees=[User{id=null, address=Address{id=0, city='Москва', region='Центральный', district='Московская область'}, name='Иван', phone='895615156413'}]}
2021-03-09 10:54:18 DEBUG HQLProvider:41 - [Company{id='1', deals=[Deal{id=1, name='Продажа квартиры', description='Продается квартира 25 кв м в новостройке', address=Address{id=1, city='Ростов-на-Дону', region='Южный', district='Ростовсая область'}, owner=User{id=1, address=Address{id=2, city='Москва', region='Центральный', district='Московская область'}, name='Иван', phone='895615156413'}, dealType=SALE, object=BUILDING, model=PUBLIC, created_at=2021-03-09 10:54:16.661, price='314123123'}, Deal{id=3, name='Продажа квартиры', description='Продается квартира 25 кв м в новостройке', address=Address{id=7, city='Ростов-на-Дону', region='Южный', district='Ростовсая область'}, owner=User{id=5, address=Address{id=8, city='Москва', region='Центральный', district='Московская область'}, name='Иван', phone='895615156413'}, dealType=SALE, object=BUILDING, model=PUBLIC, created_at=2021-03-09 10:54:18.399, price='314123123'}], employees=[User{id=2, address=Address{id=3, city='Москва', region='Центральный', district='Московская область'}, name='Иван', phone='895615156413'}]}, Company{id='2', deals=[Deal{id=2, name='Продажа квартиры', description='Продается квартира 25 кв м в новостройке', address=Address{id=4, city='Ростов-на-Дону', region='Южный', district='Ростовсая область'}, owner=User{id=3, address=Address{id=5, city='Москва', region='Центральный', district='Московская область'}, name='Иван', phone='895615156413'}, dealType=SALE, object=BUILDING, model=PUBLIC, created_at=2021-03-09 10:54:18.296, price='314123123'}], employees=[User{id=4, address=Address{id=6, city='Москва', region='Центральный', district='Московская область'}, name='Иван', phone='895615156413'}]}, Company{id='3', deals=[Deal{id=4, name='Продажа квартиры', description='Продается квартира 25 кв м в новостройке', address=Address{id=9, city='Ростов-на-Дону', region='Южный', district='Ростовсая область'}, owner=User{id=6, address=Address{id=10, city='Москва', region='Центральный', district='Московская область'}, name='Иван', phone='895615156413'}, dealType=SALE, object=BUILDING, model=PUBLIC, created_at=2021-03-09 10:54:18.417, price='314123123'}], employees=[User{id=7, address=Address{id=11, city='Москва', region='Центральный', district='Московская область'}, name='Иван', phone='895615156413'}]}, Company{id='4', deals=[Deal{id=5, name='Продажа квартиры', description='Продается квартира 25 кв м в новостройке', address=Address{id=12, city='Ростов-на-Дону', region='Южный', district='Ростовсая область'}, owner=User{id=8, address=Address{id=13, city='Москва', region='Центральный', district='Московская область'}, name='Иван', phone='895615156413'}, dealType=SALE, object=BUILDING, model=PUBLIC, created_at=2021-03-09 10:54:18.425, price='314123123'}], employees=[User{id=9, address=Address{id=14, city='Москва', region='Центральный', district='Московская область'}, name='Иван', phone='895615156413'}]}, Company{id='5', deals=[Deal{id=6, name='Продажа квартиры', description='Продается квартира 25 кв м в новостройке', address=Address{id=15, city='Ростов-на-Дону', region='Южный', district='Ростовсая область'}, owner=User{id=10, address=Address{id=16, city='Москва', region='Центральный', district='Московская область'}, name='Иван', phone='895615156413'}, dealType=SALE, object=BUILDING, model=PUBLIC, created_at=2021-03-09 10:54:18.472, price='314123123'}], employees=[User{id=11, address=Address{id=17, city='Москва', region='Центральный', district='Московская область'}, name='Иван', phone='895615156413'}]}]
2021-03-09 11:01:08 DEBUG Tests:195 - Start test: updateCompany
2021-03-09 11:01:08 DEBUG Tests:177 - Start test: insertCompany
2021-03-09 11:01:08 DEBUG HQLProvider:156 - Company{id='null', deals=[Deal{id=null, name='Продажа квартиры', description='Продается квартира 25 кв м в новостройке', address=Address{id=0, city='Ростов-на-Дону', region='Южный', district='Ростовсая область'}, owner=User{id=null, address=Address{id=0, city='Москва', region='Центральный', district='Московская область'}, name='Иван', phone='895615156413'}, dealType=SALE, object=BUILDING, model=PUBLIC, created_at=Tue Mar 09 11:01:08 MSK 2021, price='314123123'}], employees=[User{id=null, address=Address{id=0, city='Москва', region='Центральный', district='Московская область'}, name='Иван', phone='895615156413'}]}
2021-03-09 11:01:10 DEBUG Tests:177 - Start test: insertCompany
2021-03-09 11:01:10 DEBUG HQLProvider:156 - Company{id='null', deals=[Deal{id=null, name='Продажа квартиры', description='Продается квартира 25 кв м в новостройке', address=Address{id=0, city='Ростов-на-Дону', region='Южный', district='Ростовсая область'}, owner=User{id=null, address=Address{id=0, city='Москва', region='Центральный', district='Московская область'}, name='Иван', phone='895615156413'}, dealType=SALE, object=BUILDING, model=PUBLIC, created_at=Tue Mar 09 11:01:10 MSK 2021, price='314123123'}], employees=[User{id=null, address=Address{id=0, city='Москва', region='Центральный', district='Московская область'}, name='Иван', phone='895615156413'}]}
2021-03-09 11:01:10 DEBUG HQLProvider:41 - [Company{id='1', deals=[Deal{id=1, name='Продажа квартиры', description='Продается квартира 25 кв м в новостройке', address=Address{id=1, city='Ростов-на-Дону', region='Южный', district='Ростовсая область'}, owner=User{id=1, address=Address{id=2, city='Москва', region='Центральный', district='Московская область'}, name='Иван', phone='895615156413'}, dealType=SALE, object=BUILDING, model=PUBLIC, created_at=2021-03-09 11:01:08.565, price='314123123'}], employees=[User{id=2, address=Address{id=3, city='Москва', region='Центральный', district='Московская область'}, name='Иван', phone='895615156413'}]}, Company{id='2', deals=[Deal{id=2, name='Продажа квартиры', description='Продается квартира 25 кв м в новостройке', address=Address{id=4, city='Ростов-на-Дону', region='Южный', district='Ростовсая область'}, owner=User{id=3, address=Address{id=5, city='Москва', region='Центральный', district='Московская область'}, name='Иван', phone='895615156413'}, dealType=SALE, object=BUILDING, model=PUBLIC, created_at=2021-03-09 11:01:10.262, price='314123123'}], employees=[User{id=4, address=Address{id=6, city='Москва', region='Центральный', district='Московская область'}, name='Иван', phone='895615156413'}]}]
2021-03-09 11:01:10 DEBUG Tests:177 - Start test: insertCompany
2021-03-09 11:01:10 DEBUG HQLProvider:156 - Company{id='null', deals=[Deal{id=null, name='Продажа квартиры', description='Продается квартира 25 кв м в новостройке', address=Address{id=0, city='Ростов-на-Дону', region='Южный', district='Ростовсая область'}, owner=User{id=null, address=Address{id=0, city='Москва', region='Центральный', district='Московская область'}, name='Иван', phone='895615156413'}, dealType=SALE, object=BUILDING, model=PUBLIC, created_at=Tue Mar 09 11:01:10 MSK 2021, price='314123123'}], employees=[User{id=null, address=Address{id=0, city='Москва', region='Центральный', district='Московская область'}, name='Иван', phone='895615156413'}]}
2021-03-09 11:01:10 DEBUG Tests:182 - Start test: selectAllCompanies
2021-03-09 11:01:10 DEBUG Tests:177 - Start test: insertCompany
2021-03-09 11:01:10 DEBUG HQLProvider:156 - Company{id='null', deals=[Deal{id=null, name='Продажа квартиры', description='Продается квартира 25 кв м в новостройке', address=Address{id=0, city='Ростов-на-Дону', region='Южный', district='Ростовсая область'}, owner=User{id=null, address=Address{id=0, city='Москва', region='Центральный', district='Московская область'}, name='Иван', phone='895615156413'}, dealType=SALE, object=BUILDING, model=PUBLIC, created_at=Tue Mar 09 11:01:10 MSK 2021, price='314123123'}], employees=[User{id=null, address=Address{id=0, city='Москва', region='Центральный', district='Московская область'}, name='Иван', phone='895615156413'}]}
2021-03-09 11:01:10 DEBUG HQLProvider:41 - [Company{id='1', deals=[Deal{id=1, name='Продажа квартиры', description='Продается квартира 25 кв м в новостройке', address=Address{id=1, city='Ростов-на-Дону', region='Южный', district='Ростовсая область'}, owner=User{id=1, address=Address{id=2, city='Москва', region='Центральный', district='Московская область'}, name='Иван', phone='895615156413'}, dealType=SALE, object=BUILDING, model=PUBLIC, created_at=2021-03-09 11:01:08.565, price='314123123'}, Deal{id=3, name='Продажа квартиры', description='Продается квартира 25 кв м в новостройке', address=Address{id=7, city='Ростов-на-Дону', region='Южный', district='Ростовсая область'}, owner=User{id=5, address=Address{id=8, city='Москва', region='Центральный', district='Московская область'}, name='Иван', phone='895615156413'}, dealType=SALE, object=BUILDING, model=PUBLIC, created_at=2021-03-09 11:01:10.374, price='314123123'}], employees=[User{id=2, address=Address{id=3, city='Москва', region='Центральный', district='Московская область'}, name='Иван', phone='895615156413'}]}, Company{id='2', deals=[Deal{id=2, name='Продажа квартиры', description='Продается квартира 25 кв м в новостройке', address=Address{id=4, city='Ростов-на-Дону', region='Южный', district='Ростовсая область'}, owner=User{id=3, address=Address{id=5, city='Москва', region='Центральный', district='Московская область'}, name='Иван', phone='895615156413'}, dealType=SALE, object=BUILDING, model=PUBLIC, created_at=2021-03-09 11:01:10.262, price='314123123'}], employees=[User{id=4, address=Address{id=6, city='Москва', region='Центральный', district='Московская область'}, name='Иван', phone='895615156413'}]}, Company{id='3', deals=[Deal{id=4, name='Продажа квартиры', description='Продается квартира 25 кв м в новостройке', address=Address{id=9, city='Ростов-на-Дону', region='Южный', district='Ростовсая область'}, owner=User{id=6, address=Address{id=10, city='Москва', region='Центральный', district='Московская область'}, name='Иван', phone='895615156413'}, dealType=SALE, object=BUILDING, model=PUBLIC, created_at=2021-03-09 11:01:10.394, price='314123123'}], employees=[User{id=7, address=Address{id=11, city='Москва', region='Центральный', district='Московская область'}, name='Иван', phone='895615156413'}]}, Company{id='4', deals=[Deal{id=5, name='Продажа квартиры', description='Продается квартира 25 кв м в новостройке', address=Address{id=12, city='Ростов-на-Дону', region='Южный', district='Ростовсая область'}, owner=User{id=8, address=Address{id=13, city='Москва', region='Центральный', district='Московская область'}, name='Иван', phone='895615156413'}, dealType=SALE, object=BUILDING, model=PUBLIC, created_at=2021-03-09 11:01:10.405, price='314123123'}], employees=[User{id=9, address=Address{id=14, city='Москва', region='Центральный', district='Московская область'}, name='Иван', phone='895615156413'}]}]
2021-03-09 11:01:10 DEBUG Tests:185 - Company{id='1', deals=[Deal{id=1, name='Продажа квартиры', description='Продается квартира 25 кв м в новостройке', address=Address{id=1, city='Ростов-на-Дону', region='Южный', district='Ростовсая область'}, owner=User{id=1, address=Address{id=2, city='Москва', region='Центральный', district='Московская область'}, name='Иван', phone='895615156413'}, dealType=SALE, object=BUILDING, model=PUBLIC, created_at=2021-03-09 11:01:08.565, price='314123123'}, Deal{id=3, name='Продажа квартиры', description='Продается квартира 25 кв м в новостройке', address=Address{id=7, city='Ростов-на-Дону', region='Южный', district='Ростовсая область'}, owner=User{id=5, address=Address{id=8, city='Москва', region='Центральный', district='Московская область'}, name='Иван', phone='895615156413'}, dealType=SALE, object=BUILDING, model=PUBLIC, created_at=2021-03-09 11:01:10.374, price='314123123'}], employees=[User{id=2, address=Address{id=3, city='Москва', region='Центральный', district='Московская область'}, name='Иван', phone='895615156413'}]}
2021-03-09 11:01:10 DEBUG Tests:190 - Start test: deleteCompany
2021-03-09 11:01:10 DEBUG Tests:177 - Start test: insertCompany
2021-03-09 11:01:10 DEBUG HQLProvider:156 - Company{id='null', deals=[Deal{id=null, name='Продажа квартиры', description='Продается квартира 25 кв м в новостройке', address=Address{id=0, city='Ростов-на-Дону', region='Южный', district='Ростовсая область'}, owner=User{id=null, address=Address{id=0, city='Москва', region='Центральный', district='Московская область'}, name='Иван', phone='895615156413'}, dealType=SALE, object=BUILDING, model=PUBLIC, created_at=Tue Mar 09 11:01:10 MSK 2021, price='314123123'}], employees=[User{id=null, address=Address{id=0, city='Москва', region='Центральный', district='Московская область'}, name='Иван', phone='895615156413'}]}
2021-03-09 11:01:10 DEBUG HQLProvider:41 - [Company{id='1', deals=[Deal{id=1, name='Продажа квартиры', description='Продается квартира 25 кв м в новостройке', address=Address{id=1, city='Ростов-на-Дону', region='Южный', district='Ростовсая область'}, owner=User{id=1, address=Address{id=2, city='Москва', region='Центральный', district='Московская область'}, name='Иван', phone='895615156413'}, dealType=SALE, object=BUILDING, model=PUBLIC, created_at=2021-03-09 11:01:08.565, price='314123123'}, Deal{id=3, name='Продажа квартиры', description='Продается квартира 25 кв м в новостройке', address=Address{id=7, city='Ростов-на-Дону', region='Южный', district='Ростовсая область'}, owner=User{id=5, address=Address{id=8, city='Москва', region='Центральный', district='Московская область'}, name='Иван', phone='895615156413'}, dealType=SALE, object=BUILDING, model=PUBLIC, created_at=2021-03-09 11:01:10.374, price='314123123'}], employees=[User{id=2, address=Address{id=3, city='Москва', region='Центральный', district='Московская область'}, name='Иван', phone='895615156413'}]}, Company{id='2', deals=[Deal{id=2, name='Продажа квартиры', description='Продается квартира 25 кв м в новостройке', address=Address{id=4, city='Ростов-на-Дону', region='Южный', district='Ростовсая область'}, owner=User{id=3, address=Address{id=5, city='Москва', region='Центральный', district='Московская область'}, name='Иван', phone='895615156413'}, dealType=SALE, object=BUILDING, model=PUBLIC, created_at=2021-03-09 11:01:10.262, price='314123123'}], employees=[User{id=4, address=Address{id=6, city='Москва', region='Центральный', district='Московская область'}, name='Иван', phone='895615156413'}]}, Company{id='3', deals=[Deal{id=4, name='Продажа квартиры', description='Продается квартира 25 кв м в новостройке', address=Address{id=9, city='Ростов-на-Дону', region='Южный', district='Ростовсая область'}, owner=User{id=6, address=Address{id=10, city='Москва', region='Центральный', district='Московская область'}, name='Иван', phone='895615156413'}, dealType=SALE, object=BUILDING, model=PUBLIC, created_at=2021-03-09 11:01:10.394, price='314123123'}], employees=[User{id=7, address=Address{id=11, city='Москва', region='Центральный', district='Московская область'}, name='Иван', phone='895615156413'}]}, Company{id='4', deals=[Deal{id=5, name='Продажа квартиры', description='Продается квартира 25 кв м в новостройке', address=Address{id=12, city='Ростов-на-Дону', region='Южный', district='Ростовсая область'}, owner=User{id=8, address=Address{id=13, city='Москва', region='Центральный', district='Московская область'}, name='Иван', phone='895615156413'}, dealType=SALE, object=BUILDING, model=PUBLIC, created_at=2021-03-09 11:01:10.405, price='314123123'}], employees=[User{id=9, address=Address{id=14, city='Москва', region='Центральный', district='Московская область'}, name='Иван', phone='895615156413'}]}, Company{id='5', deals=[Deal{id=6, name='Продажа квартиры', description='Продается квартира 25 кв м в новостройке', address=Address{id=15, city='Ростов-на-Дону', region='Южный', district='Ростовсая область'}, owner=User{id=10, address=Address{id=16, city='Москва', region='Центральный', district='Московская область'}, name='Иван', phone='895615156413'}, dealType=SALE, object=BUILDING, model=PUBLIC, created_at=2021-03-09 11:01:10.446, price='314123123'}], employees=[User{id=11, address=Address{id=17, city='Москва', region='Центральный', district='Московская область'}, name='Иван', phone='895615156413'}]}]
